<?xml version="1.0" encoding="UTF-8"?>
<testsuite xmlns:xsi="http://www.w3.org/2001/XMLSchema-instance" xsi:schemaLocation="https://maven.apache.org/surefire/maven-surefire-plugin/xsd/surefire-test-report.xsd" name="com.enation.app.base.test.AInstallTest" time="8.936" tests="1" errors="1" skipped="0" failures="0">
  <properties>
    <property name="idea.version" value="2017.3.4"/>
    <property name="java.runtime.name" value="Java(TM) SE Runtime Environment"/>
    <property name="sun.boot.library.path" value="E:\Tools\jdk1.8.0_101\jre\bin"/>
    <property name="java.vm.version" value="25.101-b13"/>
    <property name="java.vm.vendor" value="Oracle Corporation"/>
    <property name="java.vendor.url" value="http://java.oracle.com/"/>
    <property name="path.separator" value=";"/>
    <property name="guice.disable.misplaced.annotation.check" value="true"/>
    <property name="java.vm.name" value="Java HotSpot(TM) 64-Bit Server VM"/>
    <property name="file.encoding.pkg" value="sun.io"/>
    <property name="user.script" value=""/>
    <property name="user.country" value="CN"/>
    <property name="sun.java.launcher" value="SUN_STANDARD"/>
    <property name="sun.os.patch.level" value=""/>
    <property name="java.vm.specification.name" value="Java Virtual Machine Specification"/>
    <property name="user.dir" value="F:\workspaces\IntelliJ_IDEA\Javashop-B2C\javashop"/>
    <property name="java.runtime.version" value="1.8.0_101-b13"/>
    <property name="java.awt.graphicsenv" value="sun.awt.Win32GraphicsEnvironment"/>
    <property name="java.endorsed.dirs" value="E:\Tools\jdk1.8.0_101\jre\lib\endorsed"/>
    <property name="os.arch" value="amd64"/>
    <property name="java.io.tmpdir" value="C:\Users\xuxin\AppData\Local\Temp\"/>
    <property name="line.separator" value="&#10;"/>
    <property name="java.vm.specification.vendor" value="Oracle Corporation"/>
    <property name="user.variant" value=""/>
    <property name="os.name" value="Windows 10"/>
    <property name="classworlds.conf" value="E:\Tools\apache-maven-3.0.4\bin\m2.conf"/>
    <property name="sun.jnu.encoding" value="GBK"/>
    <property name="java.library.path" value="E:\Tools\jdk1.8.0_101\bin;C:\Windows\Sun\Java\bin;C:\Windows\system32;C:\Windows;E:\Tools\oraclexe\app\oracle\product\11.2.0\server\bin;C:\Windows\system32;C:\Windows;C:\Windows\System32\Wbem;C:\Windows\System32\WindowsPowerShell\v1.0\;C:\Program Files (x86)\ATI Technologies\ATI.ACE\Core-Static;E:\Tools\apache-maven-3.0.4\bin\;E:\Tools\jdk1.8.0_101\bin\;E:\Tools\MySQL5.6\bin\;E:\Tools\jdk1.8.0_101\jre\bin\;E:\software\Git\cmd;E:\Tools\gradle-4.0\bin\;E:\Tools\nodejs\;C:\Program Files (x86)\AMD\ATI.ACE\Core-Static;E:\Tools\Git\bin;E:\Tools\Redis-x64-3.2.100;E:\Tools\erl7.2\bin;E:\Tools\rabbitmq_server-3.3.4\sbin;E:\Tools\erl7.2\bin;E:\Tools\TortoiseSVN\bin;C:\Program Files (x86)\NVIDIA Corporation\PhysX\Common;C:\Users\xuxin\AppData\Local\Microsoft\WindowsApps;C:\Users\xuxin\AppData\Roaming\npm;E:\Tools\VSCode1.19.1\bin;."/>
    <property name="java.specification.name" value="Java Platform API Specification"/>
    <property name="java.class.version" value="52.0"/>
    <property name="sun.management.compiler" value="HotSpot 64-Bit Tiered Compilers"/>
    <property name="os.version" value="10.0"/>
    <property name="user.home" value="C:\Users\xuxin"/>
    <property name="user.timezone" value="Asia/Shanghai"/>
    <property name="java.awt.printerjob" value="sun.awt.windows.WPrinterJob"/>
    <property name="java.specification.version" value="1.8"/>
    <property name="file.encoding" value="UTF-8"/>
    <property name="user.name" value="xuxin"/>
    <property name="java.class.path" value="E:\Tools\apache-maven-3.0.4\boot\plexus-classworlds-2.4.jar;E:\Tools\IntelliJ IDEA 2017.3.2\lib\idea_rt.jar"/>
    <property name="java.vm.specification.version" value="1.8"/>
    <property name="sun.arch.data.model" value="64"/>
    <property name="java.home" value="E:\Tools\jdk1.8.0_101\jre"/>
    <property name="sun.java.command" value="org.codehaus.classworlds.Launcher -Didea.version=2017.3.4 install -P jdk17"/>
    <property name="java.specification.vendor" value="Oracle Corporation"/>
    <property name="user.language" value="zh"/>
    <property name="awt.toolkit" value="sun.awt.windows.WToolkit"/>
    <property name="java.vm.info" value="mixed mode"/>
    <property name="java.version" value="1.8.0_101"/>
    <property name="java.ext.dirs" value="E:\Tools\jdk1.8.0_101\jre\lib\ext;C:\Windows\Sun\Java\lib\ext"/>
    <property name="sun.boot.class.path" value="E:\Tools\jdk1.8.0_101\jre\lib\resources.jar;E:\Tools\jdk1.8.0_101\jre\lib\rt.jar;E:\Tools\jdk1.8.0_101\jre\lib\sunrsasign.jar;E:\Tools\jdk1.8.0_101\jre\lib\jsse.jar;E:\Tools\jdk1.8.0_101\jre\lib\jce.jar;E:\Tools\jdk1.8.0_101\jre\lib\charsets.jar;E:\Tools\jdk1.8.0_101\jre\lib\jfr.jar;E:\Tools\jdk1.8.0_101\jre\classes"/>
    <property name="java.vendor" value="Oracle Corporation"/>
    <property name="maven.home" value="E:\Tools\apache-maven-3.0.4"/>
    <property name="file.separator" value="\"/>
    <property name="java.vendor.url.bug" value="http://bugreport.sun.com/bugreport/"/>
    <property name="sun.cpu.endian" value="little"/>
    <property name="sun.io.unicode.encoding" value="UnicodeLittle"/>
    <property name="sun.desktop" value="windows"/>
    <property name="sun.cpu.isalist" value="amd64"/>
  </properties>
  <testcase name="test" classname="com.enation.app.base.test.AInstallTest" time="0.367">
    <error message="javax.servlet.http.HttpServletResponse.setCharacterEncoding(Ljava/lang/String;)V" type="java.lang.NoSuchMethodError">java.lang.NoSuchMethodError: javax.servlet.http.HttpServletResponse.setCharacterEncoding(Ljava/lang/String;)V
</error>
    <system-out><![CDATA[[21:00:27|INFO |(org.springframework.test.context.web.WebTestContextBootstrapper)]=[Loaded default TestExecutionListener class names from location [META-INF/spring.factories]: [org.springframework.test.context.web.ServletTestExecutionListener, org.springframework.test.context.support.DirtiesContextBeforeModesTestExecutionListener, org.springframework.test.context.support.DependencyInjectionTestExecutionListener, org.springframework.test.context.support.DirtiesContextTestExecutionListener, org.springframework.test.context.transaction.TransactionalTestExecutionListener, org.springframework.test.context.jdbc.SqlScriptsTestExecutionListener]]
[21:00:27|INFO |(org.springframework.test.context.web.WebTestContextBootstrapper)]=[Using TestExecutionListeners: [org.springframework.test.context.web.ServletTestExecutionListener@4fcd19b3, org.springframework.test.context.support.DirtiesContextBeforeModesTestExecutionListener@376b4233, org.springframework.test.context.support.DependencyInjectionTestExecutionListener@2fd66ad3, org.springframework.test.context.support.DirtiesContextTestExecutionListener@5d11346a, org.springframework.test.context.transaction.TransactionalTestExecutionListener@7a36aefa, org.springframework.test.context.jdbc.SqlScriptsTestExecutionListener@17211155]]
read from  /F:/workspaces/IntelliJ_IDEA/Javashop-B2C/javashop/b2c/src/main/webapp/config/jdbc.properties
write to /F:/workspaces/IntelliJ_IDEA/Javashop-B2C/javashop/b2c/src/main/webapp/config/eop.properties
[21:00:27|INFO |(org.springframework.beans.factory.xml.XmlBeanDefinitionReader)]=[Loading XML bean definitions from file [F:\workspaces\IntelliJ_IDEA\Javashop-B2C\javashop\b2c\target\classes\spring_cfg\application-shiro.xml]]
[21:00:27|INFO |(org.springframework.beans.factory.xml.XmlBeanDefinitionReader)]=[Loading XML bean definitions from file [F:\workspaces\IntelliJ_IDEA\Javashop-B2C\javashop\b2c\target\classes\spring_cfg\ApplicationContext-mq.xml]]
[21:00:27|INFO |(org.springframework.beans.factory.xml.XmlBeanDefinitionReader)]=[Loading XML bean definitions from file [F:\workspaces\IntelliJ_IDEA\Javashop-B2C\javashop\b2c\target\classes\spring_cfg\dataAccessContext-jdbc.xml]]
[21:00:28|INFO |(org.springframework.beans.factory.xml.XmlBeanDefinitionReader)]=[Loading XML bean definitions from file [F:\workspaces\IntelliJ_IDEA\Javashop-B2C\javashop\b2c\target\classes\spring_cfg\spring-mvc-temp.xml]]
[21:00:28|INFO |(org.springframework.beans.factory.xml.XmlBeanDefinitionReader)]=[Loading XML bean definitions from file [F:\workspaces\IntelliJ_IDEA\Javashop-B2C\javashop\b2c\target\classes\spring_cfg\spring-mvc.xml]]
[21:00:28|INFO |(org.springframework.beans.factory.xml.XmlBeanDefinitionReader)]=[Loading XML bean definitions from file [F:\workspaces\IntelliJ_IDEA\Javashop-B2C\javashop\b2c\target\classes\spring_cfg\timerContext.xml]]
[21:00:28|INFO |(org.springframework.web.context.support.GenericWebApplicationContext)]=[Refreshing org.springframework.web.context.support.GenericWebApplicationContext@166fa74d: startup date [Sat Apr 21 21:00:28 CST 2018]; root of context hierarchy]
[21:00:29|INFO |(org.springframework.beans.factory.config.PropertyPlaceholderConfigurer)]=[Loading properties file from ServletContext resource [/config/jdbc.properties]]
[21:00:29|INFO |(org.hibernate.validator.internal.util.Version)]=[HV000001: Hibernate Validator 5.0.2.Final]
[21:00:30|INFO |(org.springframework.context.support.PostProcessorRegistrationDelegate$BeanPostProcessorChecker)]=[Bean 'sessionManager' of type [class org.apache.shiro.web.session.mgt.DefaultWebSessionManager] is not eligible for getting processed by all BeanPostProcessors (for example: not eligible for auto-proxying)]
[21:00:30|INFO |(org.springframework.context.support.PostProcessorRegistrationDelegate$BeanPostProcessorChecker)]=[Bean 'shiroRealm' of type [class com.enation.app.base.security.ShiroRealm] is not eligible for getting processed by all BeanPostProcessors (for example: not eligible for auto-proxying)]
[21:00:30|WARN |(org.apache.shiro.web.mgt.DefaultWebSecurityManager)]=[The 'sessionMode' property has been deprecated.  Please configure an appropriate WebSessionManager instance instead of using this property.  This property/method will be removed in a later version.]
[21:00:30|INFO |(org.apache.shiro.web.mgt.DefaultWebSecurityManager)]=[http mode - enabling ServletContainerSessionManager (HTTP-only Sessions)]
[21:00:30|INFO |(org.springframework.context.support.PostProcessorRegistrationDelegate$BeanPostProcessorChecker)]=[Bean 'securityManager' of type [class org.apache.shiro.web.mgt.DefaultWebSecurityManager] is not eligible for getting processed by all BeanPostProcessors (for example: not eligible for auto-proxying)]
[21:00:30|INFO |(com.mchange.v2.log.MLog)]=[MLog clients using log4j logging.]
[21:00:30|INFO |(com.mchange.v2.c3p0.C3P0Registry)]=[Initializing c3p0-0.9.1.2 [built 21-May-2007 15:04:56; debug? true; trace: 10]]
[21:00:30|INFO |(org.springframework.context.support.PostProcessorRegistrationDelegate$BeanPostProcessorChecker)]=[Bean 'dataSource' of type [class com.mchange.v2.c3p0.ComboPooledDataSource] is not eligible for getting processed by all BeanPostProcessors (for example: not eligible for auto-proxying)]
[21:00:30|INFO |(org.springframework.context.support.PostProcessorRegistrationDelegate$BeanPostProcessorChecker)]=[Bean 'jdbcTemplate' of type [class com.enation.framework.database.impl.LowerCaseJdbcTemplate] is not eligible for getting processed by all BeanPostProcessors (for example: not eligible for auto-proxying)]
[21:00:30|INFO |(org.springframework.context.support.PostProcessorRegistrationDelegate$BeanPostProcessorChecker)]=[Bean 'daoSupport' of type [class com.enation.framework.database.impl.JdbcDaoSupport] is not eligible for getting processed by all BeanPostProcessors (for example: not eligible for auto-proxying)]
[21:00:30|INFO |(org.springframework.context.support.PostProcessorRegistrationDelegate$BeanPostProcessorChecker)]=[Bean 'permissionManager' of type [class com.enation.app.base.core.service.auth.impl.PermissionManager] is not eligible for getting processed by all BeanPostProcessors (for example: not eligible for auto-proxying)]
[21:00:30|INFO |(org.springframework.context.support.PostProcessorRegistrationDelegate$BeanPostProcessorChecker)]=[Bean 'authActionManager' of type [class com.enation.app.base.core.service.auth.impl.AuthActionManager] is not eligible for getting processed by all BeanPostProcessors (for example: not eligible for auto-proxying)]
[21:00:30|INFO |(org.springframework.context.support.PostProcessorRegistrationDelegate$BeanPostProcessorChecker)]=[Bean 'menuManager' of type [class com.enation.eop.resource.impl.MenuManagerImpl] is not eligible for getting processed by all BeanPostProcessors (for example: not eligible for auto-proxying)]
[21:00:30|INFO |(org.springframework.context.support.PostProcessorRegistrationDelegate$BeanPostProcessorChecker)]=[Bean 'com.enation.app.base.security.AuthFilter#4fb3ee4e' of type [class com.enation.app.base.security.AuthFilter] is not eligible for getting processed by all BeanPostProcessors (for example: not eligible for auto-proxying)]
[21:00:30|INFO |(org.springframework.context.support.PostProcessorRegistrationDelegate$BeanPostProcessorChecker)]=[Bean 'extensibleFilterChainDefinitions' of type [class com.enation.app.base.security.domain.ExtensibleFilterChainDefinitions] is not eligible for getting processed by all BeanPostProcessors (for example: not eligible for auto-proxying)]
[21:00:30|INFO |(org.springframework.context.support.PostProcessorRegistrationDelegate$BeanPostProcessorChecker)]=[Bean 'extensibleFilterChainDefinitions' of type [class java.lang.String] is not eligible for getting processed by all BeanPostProcessors (for example: not eligible for auto-proxying)]
[21:00:31|INFO |(org.apache.activemq.broker.BrokerService)]=[Using Persistence Adapter: MemoryPersistenceAdapter]
[21:00:31|INFO |(org.apache.activemq.broker.BrokerService)]=[Apache ActiveMQ 5.7.0 (localhost, ID:DESKTOP-D0L534J-7749-1524315631064-0:1) is starting]
[21:00:31|INFO |(org.apache.activemq.transport.TransportServerThreadSupport)]=[Listening for connections at: tcp://127.0.0.1:7750]
[21:00:31|INFO |(org.apache.activemq.broker.TransportConnector)]=[Connector tcp://localhost:0 Started]
[21:00:31|INFO |(org.apache.activemq.broker.BrokerService)]=[Apache ActiveMQ 5.7.0 (localhost, ID:DESKTOP-D0L534J-7749-1524315631064-0:1) started]
[21:00:31|INFO |(org.apache.activemq.broker.BrokerService)]=[For help or more information please see: http://activemq.apache.org]
[21:00:34|INFO |(org.springframework.web.servlet.view.freemarker.FreeMarkerConfigurer)]=[ClassTemplateLoader for Spring macros added to FreeMarker configuration]
[21:00:34|INFO |(org.springframework.web.servlet.mvc.method.annotation.RequestMappingHandlerMapping)]=[Mapped "{[/core/admin/adColumn/add]}" onto public java.lang.String com.enation.app.base.core.action.AdColumnController.add()]
[21:00:34|INFO |(org.springframework.web.servlet.mvc.method.annotation.RequestMappingHandlerMapping)]=[Mapped "{[/core/admin/adColumn/delete]}" onto public com.enation.framework.action.JsonResult com.enation.app.base.core.action.AdColumnController.delete(java.lang.Integer[])]
[21:00:34|INFO |(org.springframework.web.servlet.mvc.method.annotation.RequestMappingHandlerMapping)]=[Mapped "{[/core/admin/adColumn/list]}" onto public org.springframework.web.servlet.ModelAndView com.enation.app.base.core.action.AdColumnController.list()]
[21:00:34|INFO |(org.springframework.web.servlet.mvc.method.annotation.RequestMappingHandlerMapping)]=[Mapped "{[/core/admin/adColumn/list-json]}" onto public com.enation.framework.action.GridJsonResult com.enation.app.base.core.action.AdColumnController.listJson(java.lang.String)]
[21:00:34|INFO |(org.springframework.web.servlet.mvc.method.annotation.RequestMappingHandlerMapping)]=[Mapped "{[/core/admin/adColumn/edit]}" onto public org.springframework.web.servlet.ModelAndView com.enation.app.base.core.action.AdColumnController.edit(java.lang.Long)]
[21:00:34|INFO |(org.springframework.web.servlet.mvc.method.annotation.RequestMappingHandlerMapping)]=[Mapped "{[/core/admin/adColumn/add-save]}" onto public com.enation.framework.action.JsonResult com.enation.app.base.core.action.AdColumnController.addSave(com.enation.app.base.core.model.AdColumn)]
[21:00:34|INFO |(org.springframework.web.servlet.mvc.method.annotation.RequestMappingHandlerMapping)]=[Mapped "{[/core/admin/adColumn/edit-save]}" onto public com.enation.framework.action.JsonResult com.enation.app.base.core.action.AdColumnController.editSave(com.enation.app.base.core.model.AdColumn)]
[21:00:34|INFO |(org.springframework.web.servlet.mvc.method.annotation.RequestMappingHandlerMapping)]=[Mapped "{[/core/admin/admin-user/login]}" onto public com.enation.framework.action.JsonResult com.enation.app.base.core.action.AdminUserController.login(java.lang.String,java.lang.String,java.lang.String,java.lang.String)]
[21:00:34|INFO |(org.springframework.web.servlet.mvc.method.annotation.RequestMappingHandlerMapping)]=[Mapped "{[/core/admin/admin-user/logout]}" onto public com.enation.framework.action.JsonResult com.enation.app.base.core.action.AdminUserController.logout()]
[21:00:34|INFO |(org.springframework.web.servlet.mvc.method.annotation.RequestMappingHandlerMapping)]=[Mapped "{[/core/admin/adv/add]}" onto public org.springframework.web.servlet.ModelAndView com.enation.app.base.core.action.AdvController.add()]
[21:00:34|INFO |(org.springframework.web.servlet.mvc.method.annotation.RequestMappingHandlerMapping)]=[Mapped "{[/core/admin/adv/delete]}" onto public com.enation.framework.action.JsonResult com.enation.app.base.core.action.AdvController.delete(java.lang.Integer[])]
[21:00:34|INFO |(org.springframework.web.servlet.mvc.method.annotation.RequestMappingHandlerMapping)]=[Mapped "{[/core/admin/adv/start]}" onto public com.enation.framework.action.JsonResult com.enation.app.base.core.action.AdvController.start(com.enation.app.base.core.model.Adv,java.lang.Long)]
[21:00:34|INFO |(org.springframework.web.servlet.mvc.method.annotation.RequestMappingHandlerMapping)]=[Mapped "{[/core/admin/adv/stop]}" onto public com.enation.framework.action.JsonResult com.enation.app.base.core.action.AdvController.stop(com.enation.app.base.core.model.Adv,java.lang.Long)]
[21:00:34|INFO |(org.springframework.web.servlet.mvc.method.annotation.RequestMappingHandlerMapping)]=[Mapped "{[/core/admin/adv/list]}" onto public org.springframework.web.servlet.ModelAndView com.enation.app.base.core.action.AdvController.list()]
[21:00:34|INFO |(org.springframework.web.servlet.mvc.method.annotation.RequestMappingHandlerMapping)]=[Mapped "{[/core/admin/adv/list-json]}" onto public com.enation.framework.action.GridJsonResult com.enation.app.base.core.action.AdvController.listJson(java.lang.String,java.lang.String,java.lang.Integer)]
[21:00:34|INFO |(org.springframework.web.servlet.mvc.method.annotation.RequestMappingHandlerMapping)]=[Mapped "{[/core/admin/adv/edit]}" onto public org.springframework.web.servlet.ModelAndView com.enation.app.base.core.action.AdvController.edit(com.enation.app.base.core.model.Adv,java.lang.Long,java.lang.String)]
[21:00:34|INFO |(org.springframework.web.servlet.mvc.method.annotation.RequestMappingHandlerMapping)]=[Mapped "{[/core/admin/adv/add-save]}" onto public com.enation.framework.action.JsonResult com.enation.app.base.core.action.AdvController.addSave(org.springframework.web.multipart.MultipartFile,com.enation.app.base.core.model.Adv)]
[21:00:34|INFO |(org.springframework.web.servlet.mvc.method.annotation.RequestMappingHandlerMapping)]=[Mapped "{[/core/admin/adv/tlist]}" onto public org.springframework.web.servlet.ModelAndView com.enation.app.base.core.action.AdvController.tLlist()]
[21:00:34|INFO |(org.springframework.web.servlet.mvc.method.annotation.RequestMappingHandlerMapping)]=[Mapped "{[/core/admin/adv/edit-save]}" onto public com.enation.framework.action.JsonResult com.enation.app.base.core.action.AdvController.editSave(org.springframework.web.multipart.MultipartFile,com.enation.app.base.core.model.Adv)]
[21:00:34|INFO |(org.springframework.web.servlet.mvc.method.annotation.RequestMappingHandlerMapping)]=[Mapped "{[/api/eoptest/init]}" onto public org.springframework.web.servlet.ModelAndView com.enation.app.base.core.action.api.EopTestInitController.init(javax.servlet.http.HttpServletRequest,javax.servlet.http.HttpServletResponse) throws java.io.IOException]
[21:00:34|INFO |(org.springframework.web.servlet.mvc.method.annotation.RequestMappingHandlerMapping)]=[Mapped "{[/api/base/region/get-children]}" onto public java.lang.Object com.enation.app.base.core.action.api.RegionApiController.getChildren(java.lang.Integer)]
[21:00:34|INFO |(org.springframework.web.servlet.mvc.method.annotation.RequestMappingHandlerMapping)]=[Mapped "{[/api/base/tagTestCreate]}" onto public java.lang.Object com.enation.app.base.core.action.api.TagTestCreateController.execute(java.lang.String,java.lang.String,java.lang.String)]
[21:00:34|INFO |(org.springframework.web.servlet.mvc.method.annotation.RequestMappingHandlerMapping)]=[Mapped "{[/api/base/upload-image/upload]}" onto public java.lang.Object com.enation.app.base.core.action.api.UploadImageApiController.upload(org.springframework.web.multipart.MultipartFile,java.lang.String)]
[21:00:34|INFO |(org.springframework.web.servlet.mvc.method.annotation.RequestMappingHandlerMapping)]=[Mapped "{[/api/base/upload-image/upload-image]}" onto public java.lang.Object com.enation.app.base.core.action.api.UploadImageApiController.uploadImage(org.springframework.web.multipart.MultipartFile,java.lang.String)]
[21:00:34|INFO |(org.springframework.web.servlet.mvc.method.annotation.RequestMappingHandlerMapping)]=[Mapped "{[/api/base/upload-image/upload-img]}" onto public java.lang.String com.enation.app.base.core.action.api.UploadImageApiController.uploadImg(org.springframework.web.multipart.MultipartFile)]
[21:00:34|INFO |(org.springframework.web.servlet.mvc.method.annotation.RequestMappingHandlerMapping)]=[Mapped "{[/api/base/upload-image/upload-base64]}" onto public java.lang.Object com.enation.app.base.core.action.api.UploadImageApiController.uploadBase64(int,java.lang.String,java.lang.String)]
[21:00:34|INFO |(org.springframework.web.servlet.mvc.method.annotation.RequestMappingHandlerMapping)]=[Mapped "{[/api/base/upload-image/sd],produces=[application/json]}" onto public java.lang.Object com.enation.app.base.core.action.api.UploadImageApiController.dsss()]
[21:00:34|INFO |(org.springframework.web.servlet.mvc.method.annotation.RequestMappingHandlerMapping)]=[Mapped "{[/api/base/config/get-url-config],produces=[application/json]}" onto public java.lang.String com.enation.app.base.core.action.api.UrlConfigApiAction.get()]
[21:00:34|INFO |(org.springframework.web.servlet.mvc.method.annotation.RequestMappingHandlerMapping)]=[Mapped "{[/api/validcode/create]}" onto public org.springframework.web.servlet.ModelAndView com.enation.app.base.core.action.api.ValidCodeController.create(javax.servlet.http.HttpServletRequest,javax.servlet.http.HttpServletResponse) throws java.io.IOException]
[21:00:34|INFO |(org.springframework.web.servlet.mvc.method.annotation.RequestMappingHandlerMapping)]=[Mapped "{[/core/admin/auth/add]}" onto public org.springframework.web.servlet.ModelAndView com.enation.app.base.core.action.AuthController.add()]
[21:00:34|INFO |(org.springframework.web.servlet.mvc.method.annotation.RequestMappingHandlerMapping)]=[Mapped "{[/core/admin/auth/delete]}" onto public com.enation.framework.action.JsonResult com.enation.app.base.core.action.AuthController.delete(int)]
[21:00:34|INFO |(org.springframework.web.servlet.mvc.method.annotation.RequestMappingHandlerMapping)]=[Mapped "{[/core/admin/auth/list]}" onto public java.lang.String com.enation.app.base.core.action.AuthController.list()]
[21:00:34|INFO |(org.springframework.web.servlet.mvc.method.annotation.RequestMappingHandlerMapping)]=[Mapped "{[/core/admin/auth/list-json]}" onto public com.enation.framework.action.GridJsonResult com.enation.app.base.core.action.AuthController.listJson()]
[21:00:34|INFO |(org.springframework.web.servlet.mvc.method.annotation.RequestMappingHandlerMapping)]=[Mapped "{[/core/admin/auth/edit]}" onto public org.springframework.web.servlet.ModelAndView com.enation.app.base.core.action.AuthController.edit(int)]
[21:00:34|INFO |(org.springframework.web.servlet.mvc.method.annotation.RequestMappingHandlerMapping)]=[Mapped "{[/core/admin/auth/save-add]}" onto public com.enation.framework.action.JsonResult com.enation.app.base.core.action.AuthController.saveAdd(java.lang.String,java.lang.String)]
[21:00:34|INFO |(org.springframework.web.servlet.mvc.method.annotation.RequestMappingHandlerMapping)]=[Mapped "{[/core/admin/auth/save-edit]}" onto public com.enation.framework.action.JsonResult com.enation.app.base.core.action.AuthController.saveEdit(java.lang.String,java.lang.Integer,java.lang.Integer,java.lang.String)]
[21:00:34|INFO |(org.springframework.web.servlet.mvc.method.annotation.RequestMappingHandlerMapping)]=[Mapped "{[/admin/main]}" onto public org.springframework.web.servlet.ModelAndView com.enation.app.base.core.action.BackendUiController.main()]
[21:00:34|INFO |(org.springframework.web.servlet.mvc.method.annotation.RequestMappingHandlerMapping)]=[Mapped "{[/admin/login]}" onto public org.springframework.web.servlet.ModelAndView com.enation.app.base.core.action.BackendUiController.login(java.lang.String)]
[21:00:34|INFO |(org.springframework.web.servlet.mvc.method.annotation.RequestMappingHandlerMapping)]=[Mapped "{[/admin/permission-denied]}" onto public org.springframework.web.servlet.ModelAndView com.enation.app.base.core.action.BackendUiController.PermissionDenied(java.lang.String)]
[21:00:34|INFO |(org.springframework.web.servlet.mvc.method.annotation.RequestMappingHandlerMapping)]=[Mapped "{[/admin/{errorPage}],methods=[GET]}" onto public java.lang.String com.enation.app.base.core.action.BackendUiController.getLogin(java.lang.String)]
[21:00:34|INFO |(org.springframework.web.servlet.mvc.method.annotation.RequestMappingHandlerMapping)]=[Mapped "{[/core/admin/indexItem/base]}" onto public org.springframework.web.servlet.ModelAndView com.enation.app.base.core.action.BaseIndexItemController.base()]
[21:00:34|INFO |(org.springframework.web.servlet.mvc.method.annotation.RequestMappingHandlerMapping)]=[Mapped "{[/core/admin/setting/check-component/exist]}" onto public com.enation.framework.action.JsonResult com.enation.app.base.core.action.CheckComponentController.exist(java.lang.String)]
[21:00:34|INFO |(org.springframework.web.servlet.mvc.method.annotation.RequestMappingHandlerMapping)]=[Mapped "{[/core/admin/component/start]}" onto public com.enation.framework.action.JsonResult com.enation.app.base.core.action.ComponentController.start(java.lang.String)]
[21:00:34|INFO |(org.springframework.web.servlet.mvc.method.annotation.RequestMappingHandlerMapping)]=[Mapped "{[/core/admin/component/stop]}" onto public com.enation.framework.action.JsonResult com.enation.app.base.core.action.ComponentController.stop(java.lang.String)]
[21:00:34|INFO |(org.springframework.web.servlet.mvc.method.annotation.RequestMappingHandlerMapping)]=[Mapped "{[/core/admin/component/list]}" onto public java.lang.String com.enation.app.base.core.action.ComponentController.list()]
[21:00:34|INFO |(org.springframework.web.servlet.mvc.method.annotation.RequestMappingHandlerMapping)]=[Mapped "{[/core/admin/component/install]}" onto public com.enation.framework.action.JsonResult com.enation.app.base.core.action.ComponentController.install(java.lang.String)]
[21:00:34|INFO |(org.springframework.web.servlet.mvc.method.annotation.RequestMappingHandlerMapping)]=[Mapped "{[/core/admin/component/un-install]}" onto public com.enation.framework.action.JsonResult com.enation.app.base.core.action.ComponentController.unInstall(java.lang.String)]
[21:00:34|INFO |(org.springframework.web.servlet.mvc.method.annotation.RequestMappingHandlerMapping)]=[Mapped "{[/core/admin/component/list-json]}" onto public com.enation.framework.action.GridJsonResult com.enation.app.base.core.action.ComponentController.listJson()]
[21:00:34|INFO |(org.springframework.web.servlet.mvc.method.annotation.RequestMappingHandlerMapping)]=[Mapped "{[/core/admin/data-export/export]}" onto public java.lang.Object com.enation.app.base.core.action.DataExportController.execute(javax.servlet.http.HttpServletRequest)]
[21:00:34|INFO |(org.springframework.web.servlet.mvc.method.annotation.RequestMappingHandlerMapping)]=[Mapped "{[/core/admin/data-export/get-input-stream]}" onto public java.io.InputStream com.enation.app.base.core.action.DataExportController.getInputStream(java.lang.String)]
[21:00:34|INFO |(org.springframework.web.servlet.mvc.method.annotation.RequestMappingHandlerMapping)]=[Mapped "{[/core/admin/data-export/do-export]}" onto public void com.enation.app.base.core.action.DataExportController.doExport(javax.servlet.http.HttpServletResponse,int) throws java.io.IOException]
[21:00:34|INFO |(org.springframework.web.servlet.mvc.method.annotation.RequestMappingHandlerMapping)]=[Mapped "{[/install/step1]}" onto public java.lang.String com.enation.app.base.core.action.EopInstallController.execute()]
[21:00:34|INFO |(org.springframework.web.servlet.mvc.method.annotation.RequestMappingHandlerMapping)]=[Mapped "{[/install/success]}" onto public org.springframework.web.servlet.ModelAndView com.enation.app.base.core.action.EopInstallController.success(java.lang.String,java.lang.String)]
[21:00:34|INFO |(org.springframework.web.servlet.mvc.method.annotation.RequestMappingHandlerMapping)]=[Mapped "{[/install/do-install]}" onto public com.enation.framework.action.JsonResult com.enation.app.base.core.action.EopInstallController.doInstall(java.lang.String,java.lang.String,java.lang.String)]
[21:00:34|INFO |(org.springframework.web.servlet.mvc.method.annotation.RequestMappingHandlerMapping)]=[Mapped "{[/install/test-connection],produces=[application/json]}" onto public com.enation.framework.action.JsonResult com.enation.app.base.core.action.EopInstallController.testConnection(com.enation.app.base.core.model.DbInstallData)]
[21:00:34|INFO |(org.springframework.web.servlet.mvc.method.annotation.RequestMappingHandlerMapping)]=[Mapped "{[/install/test-ready]}" onto public com.enation.framework.action.JsonResult com.enation.app.base.core.action.EopInstallController.testReady(java.lang.String)]
[21:00:34|INFO |(org.springframework.web.servlet.mvc.method.annotation.RequestMappingHandlerMapping)]=[Mapped "{[/install/step3]}" onto public org.springframework.web.servlet.ModelAndView com.enation.app.base.core.action.EopInstallController.step3(com.enation.app.base.core.model.DbInstallData)]
[21:00:34|INFO |(org.springframework.web.servlet.mvc.method.annotation.RequestMappingHandlerMapping)]=[Mapped "{[/install/step2]}" onto public java.lang.String com.enation.app.base.core.action.EopInstallController.step2()]
[21:00:34|INFO |(org.springframework.web.servlet.mvc.method.annotation.RequestMappingHandlerMapping)]=[Mapped "{[/core/admin/example-data-clean/info]}" onto public java.lang.String com.enation.app.base.core.action.ExampleDataCleanController.execute()]
[21:00:34|INFO |(org.springframework.web.servlet.mvc.method.annotation.RequestMappingHandlerMapping)]=[Mapped "{[/core/admin/example-data-clean/clean]}" onto public com.enation.framework.action.JsonResult com.enation.app.base.core.action.ExampleDataCleanController.clean(java.lang.String[])]
[21:00:34|INFO |(org.springframework.web.servlet.mvc.method.annotation.RequestMappingHandlerMapping)]=[Mapped "{[/core/admin/index/show]}" onto public org.springframework.web.servlet.ModelAndView com.enation.app.base.core.action.IndexController.show()]
[21:00:34|INFO |(org.springframework.web.servlet.mvc.method.annotation.RequestMappingHandlerMapping)]=[Mapped "{[/core/admin/menu/add]}" onto public org.springframework.web.servlet.ModelAndView com.enation.app.base.core.action.MenuController.add(java.lang.Integer)]
[21:00:34|INFO |(org.springframework.web.servlet.mvc.method.annotation.RequestMappingHandlerMapping)]=[Mapped "{[/core/admin/menu/delete]}" onto public com.enation.framework.action.JsonResult com.enation.app.base.core.action.MenuController.delete(java.lang.Integer)]
[21:00:34|INFO |(org.springframework.web.servlet.mvc.method.annotation.RequestMappingHandlerMapping)]=[Mapped "{[/core/admin/menu/tree]}" onto public java.lang.String com.enation.app.base.core.action.MenuController.tree()]
[21:00:34|INFO |(org.springframework.web.servlet.mvc.method.annotation.RequestMappingHandlerMapping)]=[Mapped "{[/core/admin/menu/move]}" onto public com.enation.framework.action.JsonResult com.enation.app.base.core.action.MenuController.move(java.lang.Integer,int,java.lang.String)]
[21:00:34|INFO |(org.springframework.web.servlet.mvc.method.annotation.RequestMappingHandlerMapping)]=[Mapped "{[/core/admin/menu/json]}" onto public java.util.List com.enation.app.base.core.action.MenuController.json()]
[21:00:34|INFO |(org.springframework.web.servlet.mvc.method.annotation.RequestMappingHandlerMapping)]=[Mapped "{[/core/admin/menu/edit]}" onto public org.springframework.web.servlet.ModelAndView com.enation.app.base.core.action.MenuController.edit(java.lang.Integer)]
[21:00:34|INFO |(org.springframework.web.servlet.mvc.method.annotation.RequestMappingHandlerMapping)]=[Mapped "{[/core/admin/menu/save-add]}" onto public com.enation.framework.action.JsonResult com.enation.app.base.core.action.MenuController.saveAdd(com.enation.eop.resource.model.Menu)]
[21:00:34|INFO |(org.springframework.web.servlet.mvc.method.annotation.RequestMappingHandlerMapping)]=[Mapped "{[/core/admin/menu/save-edit]}" onto public com.enation.framework.action.JsonResult com.enation.app.base.core.action.MenuController.saveEdit(com.enation.eop.resource.model.Menu)]
[21:00:34|INFO |(org.springframework.web.servlet.mvc.method.annotation.RequestMappingHandlerMapping)]=[Mapped "{[/core/admin/menu/get-menu-json]}" onto public java.lang.String com.enation.app.base.core.action.MenuController.getMenuJson(java.lang.Integer)]
[21:00:34|INFO |(org.springframework.web.servlet.mvc.method.annotation.RequestMappingHandlerMapping)]=[Mapped "{[/core/admin/menu/update-sort]}" onto public com.enation.framework.action.JsonResult com.enation.app.base.core.action.MenuController.updateSort(java.lang.Integer[],java.lang.Integer[])]
[21:00:34|INFO |(org.springframework.web.servlet.mvc.method.annotation.RequestMappingHandlerMapping)]=[Mapped "{[/core/admin/progress/view-progress]}" onto public java.lang.Object com.enation.app.base.core.action.ProgressController.viewProgress(java.lang.String)]
[21:00:34|INFO |(org.springframework.web.servlet.mvc.method.annotation.RequestMappingHandlerMapping)]=[Mapped "{[/core/admin/progress/has-task]}" onto public java.lang.Object com.enation.app.base.core.action.ProgressController.hasTask(java.lang.String)]
[21:00:34|INFO |(org.springframework.web.servlet.mvc.method.annotation.RequestMappingHandlerMapping)]=[Mapped "{[/core/admin/role/add]}" onto public org.springframework.web.servlet.ModelAndView com.enation.app.base.core.action.RoleController.add()]
[21:00:34|INFO |(org.springframework.web.servlet.mvc.method.annotation.RequestMappingHandlerMapping)]=[Mapped "{[/core/admin/role/delete]}" onto public com.enation.framework.action.JsonResult com.enation.app.base.core.action.RoleController.delete(int)]
[21:00:34|INFO |(org.springframework.web.servlet.mvc.method.annotation.RequestMappingHandlerMapping)]=[Mapped "{[/core/admin/role/list]}" onto public java.lang.String com.enation.app.base.core.action.RoleController.list()]
[21:00:34|INFO |(org.springframework.web.servlet.mvc.method.annotation.RequestMappingHandlerMapping)]=[Mapped "{[/core/admin/role/list-json]}" onto public com.enation.framework.action.GridJsonResult com.enation.app.base.core.action.RoleController.listJson()]
[21:00:34|INFO |(org.springframework.web.servlet.mvc.method.annotation.RequestMappingHandlerMapping)]=[Mapped "{[/core/admin/role/edit]}" onto public org.springframework.web.servlet.ModelAndView com.enation.app.base.core.action.RoleController.edit(int)]
[21:00:34|INFO |(org.springframework.web.servlet.mvc.method.annotation.RequestMappingHandlerMapping)]=[Mapped "{[/core/admin/role/save-add]}" onto public com.enation.framework.action.JsonResult com.enation.app.base.core.action.RoleController.saveAdd(com.enation.app.base.core.model.Role,int[])]
[21:00:34|INFO |(org.springframework.web.servlet.mvc.method.annotation.RequestMappingHandlerMapping)]=[Mapped "{[/core/admin/role/save-edit]}" onto public com.enation.framework.action.JsonResult com.enation.app.base.core.action.RoleController.saveEdit(com.enation.app.base.core.model.Role,int[])]
[21:00:34|INFO |(org.springframework.web.servlet.mvc.method.annotation.RequestMappingHandlerMapping)]=[Mapped "{[/core/admin/setting/save]}" onto public com.enation.framework.action.JsonResult com.enation.app.base.core.action.SettingController.save()]
[21:00:34|INFO |(org.springframework.web.servlet.mvc.method.annotation.RequestMappingHandlerMapping)]=[Mapped "{[/core/admin/setting/edit-input]}" onto public org.springframework.web.servlet.ModelAndView com.enation.app.base.core.action.SettingController.editInput()]
[21:00:34|INFO |(org.springframework.web.servlet.mvc.method.annotation.RequestMappingHandlerMapping)]=[Mapped "{[/core/admin/setting/close-prompt]}" onto public com.enation.framework.action.JsonResult com.enation.app.base.core.action.SettingController.closePrompt()]
[21:00:34|INFO |(org.springframework.web.servlet.mvc.method.annotation.RequestMappingHandlerMapping)]=[Mapped "{[/core/admin/short-msg/list-new]}" onto public com.enation.framework.action.JsonResult com.enation.app.base.core.action.ShortMsgController.listNew()]
[21:00:34|INFO |(org.springframework.web.servlet.mvc.method.annotation.RequestMappingHandlerMapping)]=[Mapped "{[/core/admin/user/siteAdminTheme/info]}" onto public org.springframework.web.servlet.ModelAndView com.enation.app.base.core.action.SiteAdminThemeController.info() throws java.lang.Exception]
[21:00:34|INFO |(org.springframework.web.servlet.mvc.method.annotation.RequestMappingHandlerMapping)]=[Mapped "{[/core/admin/site-menu/add]}" onto public org.springframework.web.servlet.ModelAndView com.enation.app.base.core.action.SiteMenuController.add()]
[21:00:34|INFO |(org.springframework.web.servlet.mvc.method.annotation.RequestMappingHandlerMapping)]=[Mapped "{[/core/admin/site-menu/delete]}" onto public com.enation.framework.action.JsonResult com.enation.app.base.core.action.SiteMenuController.delete(java.lang.Integer)]
[21:00:34|INFO |(org.springframework.web.servlet.mvc.method.annotation.RequestMappingHandlerMapping)]=[Mapped "{[/core/admin/site-menu/list]}" onto public java.lang.String com.enation.app.base.core.action.SiteMenuController.list()]
[21:00:34|INFO |(org.springframework.web.servlet.mvc.method.annotation.RequestMappingHandlerMapping)]=[Mapped "{[/core/admin/site-menu/save]}" onto public com.enation.framework.action.JsonResult com.enation.app.base.core.action.SiteMenuController.save(java.lang.Integer,com.enation.app.base.core.model.SiteMenu)]
[21:00:34|INFO |(org.springframework.web.servlet.mvc.method.annotation.RequestMappingHandlerMapping)]=[Mapped "{[/core/admin/site-menu/list-json]}" onto public com.enation.framework.action.GridJsonResult com.enation.app.base.core.action.SiteMenuController.listJson()]
[21:00:34|INFO |(org.springframework.web.servlet.mvc.method.annotation.RequestMappingHandlerMapping)]=[Mapped "{[/core/admin/site-menu/edit]}" onto public org.springframework.web.servlet.ModelAndView com.enation.app.base.core.action.SiteMenuController.edit(java.lang.Integer)]
[21:00:34|INFO |(org.springframework.web.servlet.mvc.method.annotation.RequestMappingHandlerMapping)]=[Mapped "{[/core/admin/site-menu/update-sort]}" onto public com.enation.framework.action.JsonResult com.enation.app.base.core.action.SiteMenuController.updateSort(java.lang.Integer[],java.lang.Integer[])]
[21:00:34|INFO |(org.springframework.web.servlet.mvc.method.annotation.RequestMappingHandlerMapping)]=[Mapped "{[/core/admin/site-menu/get-list-by-parentid-json]}" onto public java.lang.String com.enation.app.base.core.action.SiteMenuController.getListJson(java.lang.Integer)]
[21:00:34|INFO |(org.springframework.web.servlet.mvc.method.annotation.RequestMappingHandlerMapping)]=[Mapped "{[/core/admin/site-menu/add-children]}" onto public org.springframework.web.servlet.ModelAndView com.enation.app.base.core.action.SiteMenuController.addchildren(java.lang.Integer)]
[21:00:34|INFO |(org.springframework.web.servlet.mvc.method.annotation.RequestMappingHandlerMapping)]=[Mapped "{[/core/admin/user/siteTheme/info]}" onto public org.springframework.web.servlet.ModelAndView com.enation.app.base.core.action.SiteThemeController.info() throws java.lang.Exception]
[21:00:34|INFO |(org.springframework.web.servlet.mvc.method.annotation.RequestMappingHandlerMapping)]=[Mapped "{[/core/admin/user/siteTheme/change]}" onto public java.lang.String com.enation.app.base.core.action.SiteThemeController.change(java.lang.Integer) throws java.lang.Exception]
[21:00:34|INFO |(org.springframework.web.servlet.mvc.method.annotation.RequestMappingHandlerMapping)]=[Mapped "{[/core/admin/sms/list]}" onto public java.lang.String com.enation.app.base.core.action.SmsController.list()]
[21:00:34|INFO |(org.springframework.web.servlet.mvc.method.annotation.RequestMappingHandlerMapping)]=[Mapped "{[/core/admin/sms/set-open]}" onto public com.enation.framework.action.JsonResult com.enation.app.base.core.action.SmsController.setOpen(java.lang.Integer)]
[21:00:34|INFO |(org.springframework.web.servlet.mvc.method.annotation.RequestMappingHandlerMapping)]=[Mapped "{[/core/admin/sms/get-html]}" onto public org.springframework.web.servlet.ModelAndView com.enation.app.base.core.action.SmsController.gethtml(com.enation.app.base.core.model.SmsPlatform,java.lang.String,java.lang.Integer,java.lang.String)]
[21:00:34|INFO |(org.springframework.web.servlet.mvc.method.annotation.RequestMappingHandlerMapping)]=[Mapped "{[/core/admin/sms/sms-listJson]}" onto public com.enation.framework.action.GridJsonResult com.enation.app.base.core.action.SmsController.listJson()]
[21:00:34|INFO |(org.springframework.web.servlet.mvc.method.annotation.RequestMappingHandlerMapping)]=[Mapped "{[/core/admin/sms/save-edit]}" onto public com.enation.framework.action.JsonResult com.enation.app.base.core.action.SmsController.saveEdit(java.lang.Integer)]
[21:00:34|INFO |(org.springframework.web.servlet.mvc.method.annotation.RequestMappingHandlerMapping)]=[Mapped "{[/core/admin/smtp/add]}" onto public java.lang.String com.enation.app.base.core.action.SmtpController.add()]
[21:00:34|INFO |(org.springframework.web.servlet.mvc.method.annotation.RequestMappingHandlerMapping)]=[Mapped "{[/core/admin/smtp/delete]}" onto public com.enation.framework.action.JsonResult com.enation.app.base.core.action.SmtpController.delete(java.lang.Integer[])]
[21:00:34|INFO |(org.springframework.web.servlet.mvc.method.annotation.RequestMappingHandlerMapping)]=[Mapped "{[/core/admin/smtp/list]}" onto public java.lang.String com.enation.app.base.core.action.SmtpController.list()]
[21:00:34|INFO |(org.springframework.web.servlet.mvc.method.annotation.RequestMappingHandlerMapping)]=[Mapped "{[/core/admin/smtp/test-send]}" onto public com.enation.framework.action.JsonResult com.enation.app.base.core.action.SmtpController.testSend(com.enation.app.base.core.model.Smtp,java.lang.String)]
[21:00:34|INFO |(org.springframework.web.servlet.mvc.method.annotation.RequestMappingHandlerMapping)]=[Mapped "{[/core/admin/smtp/smtp-listJson]}" onto public com.enation.framework.action.GridJsonResult com.enation.app.base.core.action.SmtpController.listJson()]
[21:00:34|INFO |(org.springframework.web.servlet.mvc.method.annotation.RequestMappingHandlerMapping)]=[Mapped "{[/core/admin/smtp/edit]}" onto public org.springframework.web.servlet.ModelAndView com.enation.app.base.core.action.SmtpController.edit(java.lang.Integer)]
[21:00:34|INFO |(org.springframework.web.servlet.mvc.method.annotation.RequestMappingHandlerMapping)]=[Mapped "{[/core/admin/smtp/save-add]}" onto public com.enation.framework.action.JsonResult com.enation.app.base.core.action.SmtpController.saveAdd(com.enation.app.base.core.model.Smtp)]
[21:00:34|INFO |(org.springframework.web.servlet.mvc.method.annotation.RequestMappingHandlerMapping)]=[Mapped "{[/core/admin/smtp/save-edit]}" onto public com.enation.framework.action.JsonResult com.enation.app.base.core.action.SmtpController.saveEdit(com.enation.app.base.core.model.Smtp)]
[21:00:34|INFO |(org.springframework.web.servlet.mvc.method.annotation.RequestMappingHandlerMapping)]=[Mapped "{[/core/admin/themeUri/add]}" onto public java.lang.String com.enation.app.base.core.action.ThemeUriController.add()]
[21:00:34|INFO |(org.springframework.web.servlet.mvc.method.annotation.RequestMappingHandlerMapping)]=[Mapped "{[/core/admin/themeUri/delete]}" onto public com.enation.framework.action.JsonResult com.enation.app.base.core.action.ThemeUriController.delete(int)]
[21:00:34|INFO |(org.springframework.web.servlet.mvc.method.annotation.RequestMappingHandlerMapping)]=[Mapped "{[/core/admin/themeUri/list]}" onto public java.lang.String com.enation.app.base.core.action.ThemeUriController.list()]
[21:00:34|INFO |(org.springframework.web.servlet.mvc.method.annotation.RequestMappingHandlerMapping)]=[Mapped "{[/core/admin/themeUri/batch-edit]}" onto public com.enation.framework.action.JsonResult com.enation.app.base.core.action.ThemeUriController.batchEdit(java.lang.String[],int[],java.lang.String[],java.lang.String[],int[],int[])]
[21:00:34|INFO |(org.springframework.web.servlet.mvc.method.annotation.RequestMappingHandlerMapping)]=[Mapped "{[/core/admin/themeUri/list-json]}" onto public com.enation.framework.action.GridJsonResult com.enation.app.base.core.action.ThemeUriController.listJson(java.lang.String)]
[21:00:34|INFO |(org.springframework.web.servlet.mvc.method.annotation.RequestMappingHandlerMapping)]=[Mapped "{[/core/admin/themeUri/edit]}" onto public org.springframework.web.servlet.ModelAndView com.enation.app.base.core.action.ThemeUriController.edit(int)]
[21:00:34|INFO |(org.springframework.web.servlet.mvc.method.annotation.RequestMappingHandlerMapping)]=[Mapped "{[/core/admin/themeUri/save-add]}" onto public com.enation.framework.action.JsonResult com.enation.app.base.core.action.ThemeUriController.saveAdd(com.enation.eop.resource.model.ThemeUri)]
[21:00:34|INFO |(org.springframework.web.servlet.mvc.method.annotation.RequestMappingHandlerMapping)]=[Mapped "{[/core/admin/themeUri/save-edit]}" onto public com.enation.framework.action.JsonResult com.enation.app.base.core.action.ThemeUriController.saveEdit(com.enation.eop.resource.model.ThemeUri,int)]
[21:00:34|INFO |(org.springframework.web.servlet.mvc.method.annotation.RequestMappingHandlerMapping)]=[Mapped "{[/core/admin/ueditor/get-config-json]}" onto public java.lang.Object com.enation.app.base.core.action.UeditorController.getConfigJson(java.lang.String)]
[21:00:34|INFO |(org.springframework.web.servlet.mvc.method.annotation.RequestMappingHandlerMapping)]=[Mapped "{[/core/admin/ueditor/upload-img]}" onto public java.lang.String com.enation.app.base.core.action.UeditorController.uploadImg(org.springframework.web.multipart.MultipartFile)]
[21:00:34|INFO |(org.springframework.web.servlet.mvc.method.annotation.RequestMappingHandlerMapping)]=[Mapped "{[/eop/upload/delete]}" onto public com.enation.framework.action.JsonResult com.enation.app.base.core.action.UploadController.delete(java.lang.String)]
[21:00:34|INFO |(org.springframework.web.servlet.mvc.method.annotation.RequestMappingHandlerMapping)]=[Mapped "{[/eop/upload/file]}" onto public org.springframework.web.servlet.ModelAndView com.enation.app.base.core.action.UploadController.execute(java.lang.String,java.lang.String,java.lang.Integer,java.lang.Integer)]
[21:00:34|INFO |(org.springframework.web.servlet.mvc.method.annotation.RequestMappingHandlerMapping)]=[Mapped "{[/eop/upload/upload-file]}" onto public java.lang.Object com.enation.app.base.core.action.UploadController.uploadFile(org.springframework.web.multipart.MultipartFile,java.lang.String,java.lang.Integer)]
[21:00:34|INFO |(org.springframework.web.servlet.mvc.method.annotation.RequestMappingHandlerMapping)]=[Mapped "{[/eop/upload/file-ui]}" onto public java.lang.String com.enation.app.base.core.action.UploadController.fileUI()]
[21:00:34|INFO |(org.springframework.web.servlet.mvc.method.annotation.RequestMappingHandlerMapping)]=[Mapped "{[/eop/upload/upload]}" onto public java.lang.Object com.enation.app.base.core.action.UploadController.upload(int,java.lang.String,java.lang.Integer,org.springframework.web.multipart.MultipartFile,java.lang.Integer,java.lang.Integer)]
[21:00:34|INFO |(org.springframework.web.servlet.mvc.method.annotation.RequestMappingHandlerMapping)]=[Mapped "{[/core/admin/userAdmin/add]}" onto public org.springframework.web.servlet.ModelAndView com.enation.app.base.core.action.UserAdminController.add() throws java.lang.Exception]
[21:00:34|INFO |(org.springframework.web.servlet.mvc.method.annotation.RequestMappingHandlerMapping)]=[Mapped "{[/core/admin/userAdmin/delete]}" onto public com.enation.framework.action.JsonResult com.enation.app.base.core.action.UserAdminController.delete(java.lang.Integer) throws java.lang.Exception]
[21:00:34|INFO |(org.springframework.web.servlet.mvc.method.annotation.RequestMappingHandlerMapping)]=[Mapped "{[/core/admin/userAdmin/list]}" onto public java.lang.String com.enation.app.base.core.action.UserAdminController.list()]
[21:00:34|INFO |(org.springframework.web.servlet.mvc.method.annotation.RequestMappingHandlerMapping)]=[Mapped "{[/core/admin/userAdmin/list-json]}" onto public com.enation.framework.action.GridJsonResult com.enation.app.base.core.action.UserAdminController.listJson()]
[21:00:34|INFO |(org.springframework.web.servlet.mvc.method.annotation.RequestMappingHandlerMapping)]=[Mapped "{[/core/admin/userAdmin/edit]}" onto public org.springframework.web.servlet.ModelAndView com.enation.app.base.core.action.UserAdminController.edit(java.lang.Integer,com.enation.eop.resource.model.AdminUser) throws java.lang.Exception]
[21:00:34|INFO |(org.springframework.web.servlet.mvc.method.annotation.RequestMappingHandlerMapping)]=[Mapped "{[/core/admin/userAdmin/add-save]}" onto public com.enation.framework.action.JsonResult com.enation.app.base.core.action.UserAdminController.addSave(com.enation.eop.resource.model.AdminUser,int[]) throws java.lang.Exception]
[21:00:34|INFO |(org.springframework.web.servlet.mvc.method.annotation.RequestMappingHandlerMapping)]=[Mapped "{[/core/admin/userAdmin/edit-save]}" onto public com.enation.framework.action.JsonResult com.enation.app.base.core.action.UserAdminController.editSave(java.lang.String,com.enation.eop.resource.model.AdminUser,java.lang.String,int[]) throws java.lang.Exception]
[21:00:34|INFO |(org.springframework.web.servlet.mvc.method.annotation.RequestMappingHandlerMapping)]=[Mapped "{[/shop/admin/bonus/delete]}" onto public com.enation.framework.action.JsonResult com.enation.app.shop.component.bonus.action.BonusController.delete(java.lang.Integer)]
[21:00:34|INFO |(org.springframework.web.servlet.mvc.method.annotation.RequestMappingHandlerMapping)]=[Mapped "{[/shop/admin/bonus/list]}" onto public org.springframework.web.servlet.ModelAndView com.enation.app.shop.component.bonus.action.BonusController.list(java.lang.Integer,java.lang.Integer)]
[21:00:34|INFO |(org.springframework.web.servlet.mvc.method.annotation.RequestMappingHandlerMapping)]=[Mapped "{[/shop/admin/bonus/send]}" onto public org.springframework.web.servlet.ModelAndView com.enation.app.shop.component.bonus.action.BonusController.send(java.lang.Integer)]
[21:00:34|INFO |(org.springframework.web.servlet.mvc.method.annotation.RequestMappingHandlerMapping)]=[Mapped "{[/shop/admin/bonus/re-send-mail]}" onto public java.lang.String com.enation.app.shop.component.bonus.action.BonusController.reSendMail()]
[21:00:34|INFO |(org.springframework.web.servlet.mvc.method.annotation.RequestMappingHandlerMapping)]=[Mapped "{[/shop/admin/bonus/send-for-member-lv]}" onto public com.enation.framework.action.JsonResult com.enation.app.shop.component.bonus.action.BonusController.sendForMemberLv(java.lang.Integer)]
[21:00:34|INFO |(org.springframework.web.servlet.mvc.method.annotation.RequestMappingHandlerMapping)]=[Mapped "{[/shop/admin/bonus/send-for-member]}" onto public com.enation.framework.action.JsonResult com.enation.app.shop.component.bonus.action.BonusController.sendForMember(java.lang.Integer,java.lang.Integer[])]
[21:00:34|INFO |(org.springframework.web.servlet.mvc.method.annotation.RequestMappingHandlerMapping)]=[Mapped "{[/shop/admin/bonus/send-for-off-line]}" onto public java.lang.Object com.enation.app.shop.component.bonus.action.BonusController.sendForOffLine(java.lang.Integer)]
[21:00:34|INFO |(org.springframework.web.servlet.mvc.method.annotation.RequestMappingHandlerMapping)]=[Mapped "{[/shop/admin/bonus/get-goods-list]}" onto public java.lang.Object com.enation.app.shop.component.bonus.action.BonusController.getGoodsList(java.lang.Integer)]
[21:00:34|INFO |(org.springframework.web.servlet.mvc.method.annotation.RequestMappingHandlerMapping)]=[Mapped "{[/shop/admin/bonus/export-excel]}" onto public org.springframework.web.servlet.ModelAndView com.enation.app.shop.component.bonus.action.BonusController.exportExcel(java.lang.Integer)]
[21:00:34|INFO |(org.springframework.web.servlet.mvc.method.annotation.RequestMappingHandlerMapping)]=[Mapped "{[/shop/admin/bonus/send-for-goods]}" onto public java.lang.Object com.enation.app.shop.component.bonus.action.BonusController.sendForGoods(java.lang.Integer,java.lang.Integer[])]
[21:00:34|INFO |(org.springframework.web.servlet.mvc.method.annotation.RequestMappingHandlerMapping)]=[Mapped "{[/shop/admin/bonus/list-json]}" onto public com.enation.framework.action.GridJsonResult com.enation.app.shop.component.bonus.action.BonusController.listJson(java.lang.Integer)]
[21:00:34|INFO |(org.springframework.web.servlet.mvc.method.annotation.RequestMappingHandlerMapping)]=[Mapped "{[/shop/admin/bonus-type/add]}" onto public java.lang.String com.enation.app.shop.component.bonus.action.BonusTypeController.add()]
[21:00:34|INFO |(org.springframework.web.servlet.mvc.method.annotation.RequestMappingHandlerMapping)]=[Mapped "{[/shop/admin/bonus-type/delete]}" onto public com.enation.framework.action.JsonResult com.enation.app.shop.component.bonus.action.BonusTypeController.delete(java.lang.Integer)]
[21:00:34|INFO |(org.springframework.web.servlet.mvc.method.annotation.RequestMappingHandlerMapping)]=[Mapped "{[/shop/admin/bonus-type/list]}" onto public org.springframework.web.servlet.ModelAndView com.enation.app.shop.component.bonus.action.BonusTypeController.list()]
[21:00:34|INFO |(org.springframework.web.servlet.mvc.method.annotation.RequestMappingHandlerMapping)]=[Mapped "{[/shop/admin/bonus-type/list-json]}" onto public com.enation.framework.action.GridJsonResult com.enation.app.shop.component.bonus.action.BonusTypeController.listJson()]
[21:00:34|INFO |(org.springframework.web.servlet.mvc.method.annotation.RequestMappingHandlerMapping)]=[Mapped "{[/shop/admin/bonus-type/edit]}" onto public org.springframework.web.servlet.ModelAndView com.enation.app.shop.component.bonus.action.BonusTypeController.edit(java.lang.Integer)]
[21:00:34|INFO |(org.springframework.web.servlet.mvc.method.annotation.RequestMappingHandlerMapping)]=[Mapped "{[/shop/admin/bonus-type/save-add]}" onto public com.enation.framework.action.JsonResult com.enation.app.shop.component.bonus.action.BonusTypeController.saveAdd(com.enation.app.shop.component.bonus.model.BonusType,java.lang.String,java.lang.String,java.lang.String,java.lang.String)]
[21:00:34|INFO |(org.springframework.web.servlet.mvc.method.annotation.RequestMappingHandlerMapping)]=[Mapped "{[/shop/admin/bonus-type/save-edit]}" onto public com.enation.framework.action.JsonResult com.enation.app.shop.component.bonus.action.BonusTypeController.saveEdit(com.enation.app.shop.component.bonus.model.BonusType,java.lang.String,java.lang.String,java.lang.String,java.lang.String)]
[21:00:34|INFO |(org.springframework.web.servlet.mvc.method.annotation.RequestMappingHandlerMapping)]=[Mapped "{[/api/shop/bonus/cancel-bonus]}" onto public com.enation.framework.action.JsonResult com.enation.app.shop.component.bonus.api.BonusApiController.cancelBonus()]
[21:00:34|INFO |(org.springframework.web.servlet.mvc.method.annotation.RequestMappingHandlerMapping)]=[Mapped "{[/api/shop/bonus/use-sn]}" onto public com.enation.framework.action.JsonResult com.enation.app.shop.component.bonus.api.BonusApiController.useSn(java.lang.String,java.lang.Double)]
[21:00:34|INFO |(org.springframework.web.servlet.mvc.method.annotation.RequestMappingHandlerMapping)]=[Mapped "{[/api/shop/bonus/cancel-sn]}" onto public com.enation.framework.action.JsonResult com.enation.app.shop.component.bonus.api.BonusApiController.cancelSn(java.lang.String)]
[21:00:34|INFO |(org.springframework.web.servlet.mvc.method.annotation.RequestMappingHandlerMapping)]=[Mapped "{[/api/shop/bonus/get-member-bonus]}" onto public java.lang.Object com.enation.app.shop.component.bonus.api.BonusApiController.getMemberBonus()]
[21:00:34|INFO |(org.springframework.web.servlet.mvc.method.annotation.RequestMappingHandlerMapping)]=[Mapped "{[/api/shop/bonus/use-one]}" onto public com.enation.framework.action.JsonResult com.enation.app.shop.component.bonus.api.BonusApiController.useOne(java.lang.Integer)]
[21:00:34|INFO |(org.springframework.web.servlet.mvc.method.annotation.RequestMappingHandlerMapping)]=[Mapped "{[/api/shop/goodsGallery/delete]}" onto public com.enation.framework.action.JsonResult com.enation.app.shop.component.gallery.action.GoodsGalleryController.delete(java.lang.String)]
[21:00:34|INFO |(org.springframework.web.servlet.mvc.method.annotation.RequestMappingHandlerMapping)]=[Mapped "{[/api/shop/goodsGallery/upload]}" onto public java.lang.String com.enation.app.shop.component.gallery.action.GoodsGalleryController.upload(org.springframework.web.multipart.MultipartFile)]
[21:00:34|INFO |(org.springframework.web.servlet.mvc.method.annotation.RequestMappingHandlerMapping)]=[Mapped "{[/shop/admin/goods-params/get-add-page-html]}" onto public java.lang.String com.enation.app.shop.component.goodscore.plugin.params.GoodsParamsPageController.getAddPageHtml()]
[21:00:34|INFO |(org.springframework.web.servlet.mvc.method.annotation.RequestMappingHandlerMapping)]=[Mapped "{[/shop/admin/goods-params/get-edit-page-html]}" onto public java.lang.String com.enation.app.shop.component.goodscore.plugin.params.GoodsParamsPageController.getEditPageHtml(int)]
[21:00:34|INFO |(org.springframework.web.servlet.mvc.method.annotation.RequestMappingHandlerMapping)]=[Mapped "{[/shop/admin/goods-props/get-add-page-html]}" onto public java.lang.String com.enation.app.shop.component.goodscore.plugin.props.GoodsPropsPageAction.getAddPageHtml()]
[21:00:34|INFO |(org.springframework.web.servlet.mvc.method.annotation.RequestMappingHandlerMapping)]=[Mapped "{[/shop/admin/goods-props/get-edit-page-html]}" onto public java.lang.String com.enation.app.shop.component.goodscore.plugin.props.GoodsPropsPageAction.getEditPageHtml(int)]
[21:00:34|INFO |(org.springframework.web.servlet.mvc.method.annotation.RequestMappingHandlerMapping)]=[Mapped "{[/shop/admin/goods-specs/get-add-page-html]}" onto public java.lang.String com.enation.app.shop.component.spec.plugin.goods.GoodsSpecsPageAction.getAddPageHtml()]
[21:00:34|INFO |(org.springframework.web.servlet.mvc.method.annotation.RequestMappingHandlerMapping)]=[Mapped "{[/shop/admin/goods-specs/get-edit-page-html]}" onto public java.lang.String com.enation.app.shop.component.spec.plugin.goods.GoodsSpecsPageAction.getEditPageHtml(int)]
[21:00:34|INFO |(org.springframework.web.servlet.mvc.method.annotation.RequestMappingHandlerMapping)]=[Mapped "{[/core/admin/adv-select/list-adv-by-id]}" onto public com.enation.framework.action.GridJsonResult com.enation.app.shop.core.decorate.action.AdvSelectController.listAdvById()]
[21:00:34|INFO |(org.springframework.web.servlet.mvc.method.annotation.RequestMappingHandlerMapping)]=[Mapped "{[/core/admin/brand-select/list-brand-by-id]}" onto public com.enation.framework.action.GridJsonResult com.enation.app.shop.core.decorate.action.BrandSelectController.listBrandById()]
[21:00:34|INFO |(org.springframework.web.servlet.mvc.method.annotation.RequestMappingHandlerMapping)]=[Mapped "{[/core/admin/floor/delete],produces=[application/json]}" onto public com.enation.framework.action.JsonResult com.enation.app.shop.core.decorate.action.FloorController.delete(java.lang.Integer)]
[21:00:34|INFO |(org.springframework.web.servlet.mvc.method.annotation.RequestMappingHandlerMapping)]=[Mapped "{[/core/admin/floor/list]}" onto public org.springframework.web.servlet.ModelAndView com.enation.app.shop.core.decorate.action.FloorController.list()]
[21:00:34|INFO |(org.springframework.web.servlet.mvc.method.annotation.RequestMappingHandlerMapping)]=[Mapped "{[/core/admin/floor/get-list-by-parentid-json]}" onto public com.enation.framework.action.GridJsonResult com.enation.app.shop.core.decorate.action.FloorController.getlistByParentidJson(java.lang.Integer,java.lang.Integer)]
[21:00:34|INFO |(org.springframework.web.servlet.mvc.method.annotation.RequestMappingHandlerMapping)]=[Mapped "{[/core/admin/floor/save-sort]}" onto public com.enation.framework.action.JsonResult com.enation.app.shop.core.decorate.action.FloorController.savaSort(java.lang.Integer[],java.lang.Integer[])]
[21:00:34|INFO |(org.springframework.web.servlet.mvc.method.annotation.RequestMappingHandlerMapping)]=[Mapped "{[/core/admin/floor/edit-template]}" onto public org.springframework.web.servlet.ModelAndView com.enation.app.shop.core.decorate.action.FloorController.editTemPlate(java.lang.Integer,java.lang.Integer)]
[21:00:34|INFO |(org.springframework.web.servlet.mvc.method.annotation.RequestMappingHandlerMapping)]=[Mapped "{[/core/admin/floor/add-floor]}" onto public org.springframework.web.servlet.ModelAndView com.enation.app.shop.core.decorate.action.FloorController.addFloor(java.lang.Integer)]
[21:00:34|INFO |(org.springframework.web.servlet.mvc.method.annotation.RequestMappingHandlerMapping)]=[Mapped "{[/core/admin/floor/save-display]}" onto public com.enation.framework.action.JsonResult com.enation.app.shop.core.decorate.action.FloorController.saveSort(java.lang.Integer,java.lang.Integer)]
[21:00:34|INFO |(org.springframework.web.servlet.mvc.method.annotation.RequestMappingHandlerMapping)]=[Mapped "{[/core/admin/floor/save-title]}" onto public com.enation.framework.action.JsonResult com.enation.app.shop.core.decorate.action.FloorController.saveTitle(java.lang.Integer,java.lang.String)]
[21:00:34|INFO |(org.springframework.web.servlet.mvc.method.annotation.RequestMappingHandlerMapping)]=[Mapped "{[/core/admin/floor/add-list-json]}" onto public java.lang.String com.enation.app.shop.core.decorate.action.FloorController.addlistJson(java.lang.Integer,java.lang.Integer)]
[21:00:34|INFO |(org.springframework.web.servlet.mvc.method.annotation.RequestMappingHandlerMapping)]=[Mapped "{[/core/admin/floor/add-children]}" onto public org.springframework.web.servlet.ModelAndView com.enation.app.shop.core.decorate.action.FloorController.addChildren(java.lang.Integer)]
[21:00:34|INFO |(org.springframework.web.servlet.mvc.method.annotation.RequestMappingHandlerMapping)]=[Mapped "{[/core/admin/floor/edit]}" onto public org.springframework.web.servlet.ModelAndView com.enation.app.shop.core.decorate.action.FloorController.edit(java.lang.Integer)]
[21:00:34|INFO |(org.springframework.web.servlet.mvc.method.annotation.RequestMappingHandlerMapping)]=[Mapped "{[/core/admin/floor/save-add]}" onto public com.enation.framework.action.JsonResult com.enation.app.shop.core.decorate.action.FloorController.saveAdd(com.enation.app.shop.core.decorate.model.Floor,org.springframework.web.multipart.MultipartFile)]
[21:00:34|INFO |(org.springframework.web.servlet.mvc.method.annotation.RequestMappingHandlerMapping)]=[Mapped "{[/core/admin/floor/save-edit]}" onto public com.enation.framework.action.JsonResult com.enation.app.shop.core.decorate.action.FloorController.saveEdit(com.enation.app.shop.core.decorate.model.Floor,org.springframework.web.multipart.MultipartFile)]
[21:00:34|INFO |(org.springframework.web.servlet.mvc.method.annotation.RequestMappingHandlerMapping)]=[Mapped "{[/core/admin/floor-goods-select/list-goods-by-id]}" onto public com.enation.framework.action.GridJsonResult com.enation.app.shop.core.decorate.action.FloorGoodsSelectController.listGoodsById(java.lang.Integer)]
[21:00:34|INFO |(org.springframework.web.servlet.mvc.method.annotation.RequestMappingHandlerMapping)]=[Mapped "{[/core/admin/indexpage/list]}" onto public java.lang.String com.enation.app.shop.core.decorate.action.IndexPageController.list()]
[21:00:34|INFO |(org.springframework.web.servlet.mvc.method.annotation.RequestMappingHandlerMapping)]=[Mapped "{[/core/admin/indexpage/pc-manager]}" onto public java.lang.String com.enation.app.shop.core.decorate.action.IndexPageController.pcManager()]
[21:00:34|INFO |(org.springframework.web.servlet.mvc.method.annotation.RequestMappingHandlerMapping)]=[Mapped "{[/core/admin/indexpage/indexpage-manager]}" onto public org.springframework.web.servlet.ModelAndView com.enation.app.shop.core.decorate.action.IndexPageController.indexPageManager()]
[21:00:34|INFO |(org.springframework.web.servlet.mvc.method.annotation.RequestMappingHandlerMapping)]=[Mapped "{[/core/admin/indexpage/wap-manager]}" onto public java.lang.String com.enation.app.shop.core.decorate.action.IndexPageController.wapManager()]
[21:00:34|INFO |(org.springframework.web.servlet.mvc.method.annotation.RequestMappingHandlerMapping)]=[Mapped "{[/core/admin/indexpage/add-floor]}" onto public org.springframework.web.servlet.ModelAndView com.enation.app.shop.core.decorate.action.IndexPageController.addFloor(java.lang.Integer)]
[21:00:34|INFO |(org.springframework.web.servlet.mvc.method.annotation.RequestMappingHandlerMapping)]=[Mapped "{[/core/admin/indexpage/save-add]}" onto public com.enation.framework.action.JsonResult com.enation.app.shop.core.decorate.action.IndexPageController.saveAdd(com.enation.app.shop.core.decorate.model.Floor,org.springframework.web.multipart.MultipartFile)]
[21:00:34|INFO |(org.springframework.web.servlet.mvc.method.annotation.RequestMappingHandlerMapping)]=[Mapped "{[/core/admin/showcase/delete]}" onto public com.enation.framework.action.JsonResult com.enation.app.shop.core.decorate.action.ShowCaseController.delete(java.lang.Integer)]
[21:00:34|INFO |(org.springframework.web.servlet.mvc.method.annotation.RequestMappingHandlerMapping)]=[Mapped "{[/core/admin/showcase/list]}" onto public org.springframework.web.servlet.ModelAndView com.enation.app.shop.core.decorate.action.ShowCaseController.list()]
[21:00:34|INFO |(org.springframework.web.servlet.mvc.method.annotation.RequestMappingHandlerMapping)]=[Mapped "{[/core/admin/showcase/edit-showcase]}" onto public org.springframework.web.servlet.ModelAndView com.enation.app.shop.core.decorate.action.ShowCaseController.editShowCase(java.lang.Integer)]
[21:00:34|INFO |(org.springframework.web.servlet.mvc.method.annotation.RequestMappingHandlerMapping)]=[Mapped "{[/core/admin/showcase/add-showcase-goods]}" onto public java.lang.String com.enation.app.shop.core.decorate.action.ShowCaseController.addShowCaseGoods()]
[21:00:34|INFO |(org.springframework.web.servlet.mvc.method.annotation.RequestMappingHandlerMapping)]=[Mapped "{[/core/admin/showcase/add-showcase]}" onto public org.springframework.web.servlet.ModelAndView com.enation.app.shop.core.decorate.action.ShowCaseController.addShowCase()]
[21:00:34|INFO |(org.springframework.web.servlet.mvc.method.annotation.RequestMappingHandlerMapping)]=[Mapped "{[/core/admin/showcase/save-showcase]}" onto public com.enation.framework.action.JsonResult com.enation.app.shop.core.decorate.action.ShowCaseController.saveShowCase(com.enation.app.shop.core.decorate.model.ShowCase)]
[21:00:34|INFO |(org.springframework.web.servlet.mvc.method.annotation.RequestMappingHandlerMapping)]=[Mapped "{[/core/admin/showcase/get-selected-goods]}" onto public com.enation.framework.action.GridJsonResult com.enation.app.shop.core.decorate.action.ShowCaseController.getSelectGoods(java.lang.Integer)]
[21:00:34|INFO |(org.springframework.web.servlet.mvc.method.annotation.RequestMappingHandlerMapping)]=[Mapped "{[/core/admin/showcase/save-display]}" onto public com.enation.framework.action.JsonResult com.enation.app.shop.core.decorate.action.ShowCaseController.saveDisplay(java.lang.Integer,java.lang.Integer)]
[21:00:34|INFO |(org.springframework.web.servlet.mvc.method.annotation.RequestMappingHandlerMapping)]=[Mapped "{[/core/admin/showcase/save-sort]}" onto public com.enation.framework.action.JsonResult com.enation.app.shop.core.decorate.action.ShowCaseController.saveSort(java.lang.Integer[],java.lang.Integer[])]
[21:00:34|INFO |(org.springframework.web.servlet.mvc.method.annotation.RequestMappingHandlerMapping)]=[Mapped "{[/core/admin/showcase/edit-showcase-goods]}" onto public org.springframework.web.servlet.ModelAndView com.enation.app.shop.core.decorate.action.ShowCaseController.editShowCaseGoods(java.lang.Integer)]
[21:00:34|INFO |(org.springframework.web.servlet.mvc.method.annotation.RequestMappingHandlerMapping)]=[Mapped "{[/core/admin/showcase/get-selected-goods-map]}" onto public com.enation.framework.action.GridJsonResult com.enation.app.shop.core.decorate.action.ShowCaseController.getSelectGoodsMap(java.lang.Integer)]
[21:00:34|INFO |(org.springframework.web.servlet.mvc.method.annotation.RequestMappingHandlerMapping)]=[Mapped "{[/core/admin/showcase/list-json]}" onto public com.enation.framework.action.GridJsonResult com.enation.app.shop.core.decorate.action.ShowCaseController.listJson()]
[21:00:34|INFO |(org.springframework.web.servlet.mvc.method.annotation.RequestMappingHandlerMapping)]=[Mapped "{[/core/admin/showcase/save-edit]}" onto public com.enation.framework.action.JsonResult com.enation.app.shop.core.decorate.action.ShowCaseController.saveEdit(com.enation.app.shop.core.decorate.model.ShowCase)]
[21:00:34|INFO |(org.springframework.web.servlet.mvc.method.annotation.RequestMappingHandlerMapping)]=[Mapped "{[/core/admin/subject/delete]}" onto public com.enation.framework.action.JsonResult com.enation.app.shop.core.decorate.action.SubjectController.delete(java.lang.Integer)]
[21:00:34|INFO |(org.springframework.web.servlet.mvc.method.annotation.RequestMappingHandlerMapping)]=[Mapped "{[/core/admin/subject/list]}" onto public org.springframework.web.servlet.ModelAndView com.enation.app.shop.core.decorate.action.SubjectController.list()]
[21:00:34|INFO |(org.springframework.web.servlet.mvc.method.annotation.RequestMappingHandlerMapping)]=[Mapped "{[/core/admin/subject/save-add-goods]}" onto public com.enation.framework.action.JsonResult com.enation.app.shop.core.decorate.action.SubjectController.saveAddGoods(java.lang.Integer,java.lang.Integer[])]
[21:00:34|INFO |(org.springframework.web.servlet.mvc.method.annotation.RequestMappingHandlerMapping)]=[Mapped "{[/core/admin/subject/add-image]}" onto public org.springframework.web.servlet.ModelAndView com.enation.app.shop.core.decorate.action.SubjectController.addImage(java.lang.Integer)]
[21:00:34|INFO |(org.springframework.web.servlet.mvc.method.annotation.RequestMappingHandlerMapping)]=[Mapped "{[/core/admin/subject/save-edit-image]}" onto public com.enation.framework.action.JsonResult com.enation.app.shop.core.decorate.action.SubjectController.saveEditImage(java.lang.Integer,org.springframework.web.multipart.MultipartFile,java.lang.Integer)]
[21:00:34|INFO |(org.springframework.web.servlet.mvc.method.annotation.RequestMappingHandlerMapping)]=[Mapped "{[/core/admin/subject/edit-goods]}" onto public org.springframework.web.servlet.ModelAndView com.enation.app.shop.core.decorate.action.SubjectController.editGoods(java.lang.Integer,java.lang.Integer)]
[21:00:34|INFO |(org.springframework.web.servlet.mvc.method.annotation.RequestMappingHandlerMapping)]=[Mapped "{[/core/admin/subject/get-selected-goods]}" onto public com.enation.framework.action.GridJsonResult com.enation.app.shop.core.decorate.action.SubjectController.getSelectedGoods(java.lang.Integer,java.lang.Integer)]
[21:00:34|INFO |(org.springframework.web.servlet.mvc.method.annotation.RequestMappingHandlerMapping)]=[Mapped "{[/core/admin/subject/delete-goods]}" onto public com.enation.framework.action.JsonResult com.enation.app.shop.core.decorate.action.SubjectController.deleteGoods(java.lang.Integer,java.lang.Integer)]
[21:00:34|INFO |(org.springframework.web.servlet.mvc.method.annotation.RequestMappingHandlerMapping)]=[Mapped "{[/core/admin/subject/save-edit-goods]}" onto public com.enation.framework.action.JsonResult com.enation.app.shop.core.decorate.action.SubjectController.saveEditGoods(java.lang.Integer,java.lang.Integer[],java.lang.Integer)]
[21:00:34|INFO |(org.springframework.web.servlet.mvc.method.annotation.RequestMappingHandlerMapping)]=[Mapped "{[/core/admin/subject/add-goods]}" onto public org.springframework.web.servlet.ModelAndView com.enation.app.shop.core.decorate.action.SubjectController.addGoods(java.lang.Integer)]
[21:00:34|INFO |(org.springframework.web.servlet.mvc.method.annotation.RequestMappingHandlerMapping)]=[Mapped "{[/core/admin/subject/save-add-image]}" onto public com.enation.framework.action.JsonResult com.enation.app.shop.core.decorate.action.SubjectController.saveAddImage(java.lang.Integer,org.springframework.web.multipart.MultipartFile)]
[21:00:34|INFO |(org.springframework.web.servlet.mvc.method.annotation.RequestMappingHandlerMapping)]=[Mapped "{[/core/admin/subject/delete-image]}" onto public com.enation.framework.action.JsonResult com.enation.app.shop.core.decorate.action.SubjectController.deleteImage(java.lang.Integer,java.lang.Integer)]
[21:00:34|INFO |(org.springframework.web.servlet.mvc.method.annotation.RequestMappingHandlerMapping)]=[Mapped "{[/core/admin/subject/edit-subject]}" onto public org.springframework.web.servlet.ModelAndView com.enation.app.shop.core.decorate.action.SubjectController.editSubject(java.lang.Integer)]
[21:00:34|INFO |(org.springframework.web.servlet.mvc.method.annotation.RequestMappingHandlerMapping)]=[Mapped "{[/core/admin/subject/design]}" onto public org.springframework.web.servlet.ModelAndView com.enation.app.shop.core.decorate.action.SubjectController.design(java.lang.Integer)]
[21:00:34|INFO |(org.springframework.web.servlet.mvc.method.annotation.RequestMappingHandlerMapping)]=[Mapped "{[/core/admin/subject/add-subject]}" onto public org.springframework.web.servlet.ModelAndView com.enation.app.shop.core.decorate.action.SubjectController.addSubject()]
[21:00:34|INFO |(org.springframework.web.servlet.mvc.method.annotation.RequestMappingHandlerMapping)]=[Mapped "{[/core/admin/subject/save-display]}" onto public com.enation.framework.action.JsonResult com.enation.app.shop.core.decorate.action.SubjectController.saveDisplay(java.lang.Integer,java.lang.Integer)]
[21:00:34|INFO |(org.springframework.web.servlet.mvc.method.annotation.RequestMappingHandlerMapping)]=[Mapped "{[/core/admin/subject/save-sort]}" onto public com.enation.framework.action.JsonResult com.enation.app.shop.core.decorate.action.SubjectController.saveSort(java.lang.Integer[],java.lang.Integer[])]
[21:00:34|INFO |(org.springframework.web.servlet.mvc.method.annotation.RequestMappingHandlerMapping)]=[Mapped "{[/core/admin/subject/list-json]}" onto public com.enation.framework.action.GridJsonResult com.enation.app.shop.core.decorate.action.SubjectController.listJson()]
[21:00:34|INFO |(org.springframework.web.servlet.mvc.method.annotation.RequestMappingHandlerMapping)]=[Mapped "{[/core/admin/subject/save-add]}" onto public com.enation.framework.action.JsonResult com.enation.app.shop.core.decorate.action.SubjectController.saveAdd(com.enation.app.shop.core.decorate.model.Subject,org.springframework.web.multipart.MultipartFile)]
[21:00:34|INFO |(org.springframework.web.servlet.mvc.method.annotation.RequestMappingHandlerMapping)]=[Mapped "{[/core/admin/subject/save-edit]}" onto public com.enation.framework.action.JsonResult com.enation.app.shop.core.decorate.action.SubjectController.saveEdit(com.enation.app.shop.core.decorate.model.Subject,org.springframework.web.multipart.MultipartFile)]
[21:00:34|INFO |(org.springframework.web.servlet.mvc.method.annotation.RequestMappingHandlerMapping)]=[Mapped "{[/core/admin/template/edit-adv]}" onto public org.springframework.web.servlet.ModelAndView com.enation.app.shop.core.decorate.action.TemplateController.editAdv(java.lang.Integer,java.lang.String)]
[21:00:34|INFO |(org.springframework.web.servlet.mvc.method.annotation.RequestMappingHandlerMapping)]=[Mapped "{[/core/admin/template/edit-each-goods]}" onto public org.springframework.web.servlet.ModelAndView com.enation.app.shop.core.decorate.action.TemplateController.editEachGoods(java.lang.Integer,java.lang.Integer,java.lang.Integer)]
[21:00:34|INFO |(org.springframework.web.servlet.mvc.method.annotation.RequestMappingHandlerMapping)]=[Mapped "{[/core/admin/template/edit-guid-cat]}" onto public org.springframework.web.servlet.ModelAndView com.enation.app.shop.core.decorate.action.TemplateController.editGuidCat(java.lang.Integer,java.lang.Integer)]
[21:00:34|INFO |(org.springframework.web.servlet.mvc.method.annotation.RequestMappingHandlerMapping)]=[Mapped "{[/core/admin/template/edit-batch-goods]}" onto public org.springframework.web.servlet.ModelAndView com.enation.app.shop.core.decorate.action.TemplateController.editBatchGoods(java.lang.Integer)]
[21:00:34|INFO |(org.springframework.web.servlet.mvc.method.annotation.RequestMappingHandlerMapping)]=[Mapped "{[/core/admin/template/get-brand]}" onto public com.enation.framework.action.JsonResult com.enation.app.shop.core.decorate.action.TemplateController.getBrand(java.lang.Integer)]
[21:00:34|INFO |(org.springframework.web.servlet.mvc.method.annotation.RequestMappingHandlerMapping)]=[Mapped "{[/core/admin/template/save-batch-goods]}" onto public com.enation.framework.action.JsonResult com.enation.app.shop.core.decorate.action.TemplateController.saveBatchGoods(java.lang.Integer,java.lang.Integer[],com.enation.app.shop.core.decorate.model.FloorProps)]
[21:00:34|INFO |(org.springframework.web.servlet.mvc.method.annotation.RequestMappingHandlerMapping)]=[Mapped "{[/core/admin/template/save-each-goods]}" onto public com.enation.framework.action.JsonResult com.enation.app.shop.core.decorate.action.TemplateController.saveEachGoods(java.lang.Integer,java.lang.Integer,java.lang.Integer)]
[21:00:34|INFO |(org.springframework.web.servlet.mvc.method.annotation.RequestMappingHandlerMapping)]=[Mapped "{[/core/admin/template/save-guid-cat]}" onto public com.enation.framework.action.JsonResult com.enation.app.shop.core.decorate.action.TemplateController.savaGuidCat(java.lang.Integer,java.lang.Integer)]
[21:00:34|INFO |(org.springframework.web.servlet.mvc.method.annotation.RequestMappingHandlerMapping)]=[Mapped "{[/core/admin/template/edit-brand]}" onto public org.springframework.web.servlet.ModelAndView com.enation.app.shop.core.decorate.action.TemplateController.editBrand(java.lang.Integer)]
[21:00:34|INFO |(org.springframework.web.servlet.mvc.method.annotation.RequestMappingHandlerMapping)]=[Mapped "{[/core/admin/template/save-brand]}" onto public com.enation.framework.action.JsonResult com.enation.app.shop.core.decorate.action.TemplateController.saveBrand(java.lang.Integer,java.lang.Integer[])]
[21:00:34|INFO |(org.springframework.web.servlet.mvc.method.annotation.RequestMappingHandlerMapping)]=[Mapped "{[/core/admin/template/save-adv]}" onto public com.enation.framework.action.JsonResult com.enation.app.shop.core.decorate.action.TemplateController.saveAdv(java.lang.Integer,java.lang.Integer[],java.lang.String)]
[21:00:34|INFO |(org.springframework.web.servlet.mvc.method.annotation.RequestMappingHandlerMapping)]=[Mapped "{[/core/admin/template/save-cat]}" onto public com.enation.framework.action.JsonResult com.enation.app.shop.core.decorate.action.TemplateController.saveCat(java.lang.Integer,java.lang.Integer)]
[21:00:34|INFO |(org.springframework.web.servlet.mvc.method.annotation.RequestMappingHandlerMapping)]=[Mapped "{[/core/admin/template/edit-cat]}" onto public org.springframework.web.servlet.ModelAndView com.enation.app.shop.core.decorate.action.TemplateController.editCat(java.lang.Integer,java.lang.Integer)]
[21:00:34|INFO |(org.springframework.web.servlet.mvc.method.annotation.RequestMappingHandlerMapping)]=[Mapped "{[/core/admin/templateshow/get-selected-goods]}" onto public com.enation.framework.action.GridJsonResult com.enation.app.shop.core.decorate.action.TemplateShowController.getSelectedGoods(java.lang.Integer)]
[21:00:34|INFO |(org.springframework.web.servlet.mvc.method.annotation.RequestMappingHandlerMapping)]=[Mapped "{[/core/admin/templateshow/get-selected-brand]}" onto public java.lang.String com.enation.app.shop.core.decorate.action.TemplateShowController.getSelectedBrand(java.lang.Integer)]
[21:00:34|INFO |(org.springframework.web.servlet.mvc.method.annotation.RequestMappingHandlerMapping)]=[Mapped "{[/core/admin/templateshow/list-brand]}" onto public java.lang.String com.enation.app.shop.core.decorate.action.TemplateShowController.listBrand()]
[21:00:34|INFO |(org.springframework.web.servlet.mvc.method.annotation.RequestMappingHandlerMapping)]=[Mapped "{[/core/admin/templateshow/get-selected-adv]}" onto public java.lang.String com.enation.app.shop.core.decorate.action.TemplateShowController.getSelectedAdv(java.lang.Integer,java.lang.String)]
[21:00:34|INFO |(org.springframework.web.servlet.mvc.method.annotation.RequestMappingHandlerMapping)]=[Mapped "{[/core/admin/templateshow/list-goods]}" onto public org.springframework.web.servlet.ModelAndView com.enation.app.shop.core.decorate.action.TemplateShowController.listGoods(java.lang.String,java.lang.Integer)]
[21:00:34|INFO |(org.springframework.web.servlet.mvc.method.annotation.RequestMappingHandlerMapping)]=[Mapped "{[/shop/admin/brand/add]}" onto public java.lang.String com.enation.app.shop.core.goods.action.BrandController.add()]
[21:00:34|INFO |(org.springframework.web.servlet.mvc.method.annotation.RequestMappingHandlerMapping)]=[Mapped "{[/shop/admin/brand/delete]}" onto public com.enation.framework.action.JsonResult com.enation.app.shop.core.goods.action.BrandController.delete(java.lang.Integer[])]
[21:00:34|INFO |(org.springframework.web.servlet.mvc.method.annotation.RequestMappingHandlerMapping)]=[Mapped "{[/shop/admin/brand/clean]}" onto public com.enation.framework.action.JsonResult com.enation.app.shop.core.goods.action.BrandController.clean(java.lang.Integer[])]
[21:00:34|INFO |(org.springframework.web.servlet.mvc.method.annotation.RequestMappingHandlerMapping)]=[Mapped "{[/shop/admin/brand/list]}" onto public org.springframework.web.servlet.ModelAndView com.enation.app.shop.core.goods.action.BrandController.list()]
[21:00:34|INFO |(org.springframework.web.servlet.mvc.method.annotation.RequestMappingHandlerMapping)]=[Mapped "{[/shop/admin/brand/save]}" onto public com.enation.framework.action.JsonResult com.enation.app.shop.core.goods.action.BrandController.save(com.enation.app.shop.core.goods.model.Brand,org.springframework.web.multipart.MultipartFile)]
[21:00:34|INFO |(org.springframework.web.servlet.mvc.method.annotation.RequestMappingHandlerMapping)]=[Mapped "{[/shop/admin/brand/search]}" onto public java.lang.String com.enation.app.shop.core.goods.action.BrandController.search()]
[21:00:34|INFO |(org.springframework.web.servlet.mvc.method.annotation.RequestMappingHandlerMapping)]=[Mapped "{[/shop/admin/brand/checkname]}" onto public com.enation.framework.action.JsonResult com.enation.app.shop.core.goods.action.BrandController.checkname(com.enation.app.shop.core.goods.model.Brand)]
[21:00:34|INFO |(org.springframework.web.servlet.mvc.method.annotation.RequestMappingHandlerMapping)]=[Mapped "{[/shop/admin/brand/revert]}" onto public com.enation.framework.action.JsonResult com.enation.app.shop.core.goods.action.BrandController.revert(java.lang.Integer[])]
[21:00:34|INFO |(org.springframework.web.servlet.mvc.method.annotation.RequestMappingHandlerMapping)]=[Mapped "{[/shop/admin/brand/check-used]}" onto public com.enation.framework.action.JsonResult com.enation.app.shop.core.goods.action.BrandController.checkUsed(java.lang.Integer[])]
[21:00:34|INFO |(org.springframework.web.servlet.mvc.method.annotation.RequestMappingHandlerMapping)]=[Mapped "{[/shop/admin/brand/list-json]}" onto public com.enation.framework.action.GridJsonResult com.enation.app.shop.core.goods.action.BrandController.listJson(java.lang.String)]
[21:00:34|INFO |(org.springframework.web.servlet.mvc.method.annotation.RequestMappingHandlerMapping)]=[Mapped "{[/shop/admin/brand/edit]}" onto public org.springframework.web.servlet.ModelAndView com.enation.app.shop.core.goods.action.BrandController.edit(java.lang.Integer)]
[21:00:34|INFO |(org.springframework.web.servlet.mvc.method.annotation.RequestMappingHandlerMapping)]=[Mapped "{[/shop/admin/brand/save-edit]}" onto public com.enation.framework.action.JsonResult com.enation.app.shop.core.goods.action.BrandController.saveEdit(org.springframework.web.multipart.MultipartFile,com.enation.app.shop.core.goods.model.Brand)]
[21:00:34|INFO |(org.springframework.web.servlet.mvc.method.annotation.RequestMappingHandlerMapping)]=[Mapped "{[/shop/admin/brands-show/add]}" onto public com.enation.framework.action.JsonResult com.enation.app.shop.core.goods.action.BrandsShowController.add(int,int[])]
[21:00:34|INFO |(org.springframework.web.servlet.mvc.method.annotation.RequestMappingHandlerMapping)]=[Mapped "{[/shop/admin/brands-show/list]}" onto public java.lang.String com.enation.app.shop.core.goods.action.BrandsShowController.list()]
[21:00:34|INFO |(org.springframework.web.servlet.mvc.method.annotation.RequestMappingHandlerMapping)]=[Mapped "{[/shop/admin/brands-show/search]}" onto public org.springframework.web.servlet.ModelAndView com.enation.app.shop.core.goods.action.BrandsShowController.search(java.lang.Integer)]
[21:00:34|INFO |(org.springframework.web.servlet.mvc.method.annotation.RequestMappingHandlerMapping)]=[Mapped "{[/shop/admin/brands-show/save-order]}" onto public com.enation.framework.action.JsonResult com.enation.app.shop.core.goods.action.BrandsShowController.saveOrder(int,int[],int[])]
[21:00:34|INFO |(org.springframework.web.servlet.mvc.method.annotation.RequestMappingHandlerMapping)]=[Mapped "{[/shop/admin/brands-show/list-json-brand]}" onto public com.enation.framework.action.GridJsonResult com.enation.app.shop.core.goods.action.BrandsShowController.listJsonBrand(int)]
[21:00:34|INFO |(org.springframework.web.servlet.mvc.method.annotation.RequestMappingHandlerMapping)]=[Mapped "{[/shop/admin/brands-show/brand-list]}" onto public org.springframework.web.servlet.ModelAndView com.enation.app.shop.core.goods.action.BrandsShowController.brandlist(java.lang.Integer)]
[21:00:34|INFO |(org.springframework.web.servlet.mvc.method.annotation.RequestMappingHandlerMapping)]=[Mapped "{[/shop/admin/brands-show/list-json]}" onto public com.enation.framework.action.GridJsonResult com.enation.app.shop.core.goods.action.BrandsShowController.listJson()]
[21:00:34|INFO |(org.springframework.web.servlet.mvc.method.annotation.RequestMappingHandlerMapping)]=[Mapped "{[/shop/admin/brands-show/del]}" onto public com.enation.framework.action.JsonResult com.enation.app.shop.core.goods.action.BrandsShowController.del(int,int)]
[21:00:34|INFO |(org.springframework.web.servlet.mvc.method.annotation.RequestMappingHandlerMapping)]=[Mapped "{[/shop/admin/cat/add]}" onto public java.lang.String com.enation.app.shop.core.goods.action.CatController.add()]
[21:00:34|INFO |(org.springframework.web.servlet.mvc.method.annotation.RequestMappingHandlerMapping)]=[Mapped "{[/shop/admin/cat/delete]}" onto public com.enation.framework.action.JsonResult com.enation.app.shop.core.goods.action.CatController.delete(java.lang.Integer)]
[21:00:34|INFO |(org.springframework.web.servlet.mvc.method.annotation.RequestMappingHandlerMapping)]=[Mapped "{[/shop/admin/cat/list]}" onto public java.lang.String com.enation.app.shop.core.goods.action.CatController.list()]
[21:00:34|INFO |(org.springframework.web.servlet.mvc.method.annotation.RequestMappingHandlerMapping)]=[Mapped "{[/shop/admin/cat/type-list-json]}" onto public java.lang.String com.enation.app.shop.core.goods.action.CatController.typelistjson()]
[21:00:34|INFO |(org.springframework.web.servlet.mvc.method.annotation.RequestMappingHandlerMapping)]=[Mapped "{[/shop/admin/cat/checkname]}" onto public com.enation.framework.action.JsonResult com.enation.app.shop.core.goods.action.CatController.checkname(com.enation.app.shop.core.goods.model.Cat)]
[21:00:34|INFO |(org.springframework.web.servlet.mvc.method.annotation.RequestMappingHandlerMapping)]=[Mapped "{[/shop/admin/cat/get-child-json]}" onto public java.lang.Object com.enation.app.shop.core.goods.action.CatController.getChildJson(java.lang.Integer,java.lang.Integer)]
[21:00:34|INFO |(org.springframework.web.servlet.mvc.method.annotation.RequestMappingHandlerMapping)]=[Mapped "{[/shop/admin/cat/get-list-by-parentid-json]}" onto public java.lang.String com.enation.app.shop.core.goods.action.CatController.getlistByParentidJson(java.lang.Integer)]
[21:00:34|INFO |(org.springframework.web.servlet.mvc.method.annotation.RequestMappingHandlerMapping)]=[Mapped "{[/shop/admin/cat/save-sort]}" onto public com.enation.framework.action.JsonResult com.enation.app.shop.core.goods.action.CatController.saveSort(int[],int[])]
[21:00:34|INFO |(org.springframework.web.servlet.mvc.method.annotation.RequestMappingHandlerMapping)]=[Mapped "{[/shop/admin/cat/add-list-json]}" onto public java.lang.String com.enation.app.shop.core.goods.action.CatController.addlistJson()]
[21:00:34|INFO |(org.springframework.web.servlet.mvc.method.annotation.RequestMappingHandlerMapping)]=[Mapped "{[/shop/admin/cat/add-children]}" onto public org.springframework.web.servlet.ModelAndView com.enation.app.shop.core.goods.action.CatController.addChildren(java.lang.Integer)]
[21:00:34|INFO |(org.springframework.web.servlet.mvc.method.annotation.RequestMappingHandlerMapping)]=[Mapped "{[/shop/admin/cat/list-json]}" onto public java.lang.String com.enation.app.shop.core.goods.action.CatController.listJson(java.lang.Integer)]
[21:00:34|INFO |(org.springframework.web.servlet.mvc.method.annotation.RequestMappingHandlerMapping)]=[Mapped "{[/shop/admin/cat/edit]}" onto public org.springframework.web.servlet.ModelAndView com.enation.app.shop.core.goods.action.CatController.edit(java.lang.Integer)]
[21:00:34|INFO |(org.springframework.web.servlet.mvc.method.annotation.RequestMappingHandlerMapping)]=[Mapped "{[/shop/admin/cat/save-add]}" onto public com.enation.framework.action.JsonResult com.enation.app.shop.core.goods.action.CatController.saveAdd(java.lang.Integer,com.enation.app.shop.core.goods.model.Cat,org.springframework.web.multipart.MultipartFile)]
[21:00:34|INFO |(org.springframework.web.servlet.mvc.method.annotation.RequestMappingHandlerMapping)]=[Mapped "{[/shop/admin/cat/save-edit]}" onto public com.enation.framework.action.JsonResult com.enation.app.shop.core.goods.action.CatController.saveEdit(com.enation.app.shop.core.goods.model.Cat,java.lang.Integer,org.springframework.web.multipart.MultipartFile)]
[21:00:34|INFO |(org.springframework.web.servlet.mvc.method.annotation.RequestMappingHandlerMapping)]=[Mapped "{[/shop/admin/depot/add]}" onto public java.lang.String com.enation.app.shop.core.goods.action.DepotController.add()]
[21:00:34|INFO |(org.springframework.web.servlet.mvc.method.annotation.RequestMappingHandlerMapping)]=[Mapped "{[/shop/admin/depot/delete]}" onto public com.enation.framework.action.JsonResult com.enation.app.shop.core.goods.action.DepotController.delete(int)]
[21:00:34|INFO |(org.springframework.web.servlet.mvc.method.annotation.RequestMappingHandlerMapping)]=[Mapped "{[/shop/admin/depot/list]}" onto public java.lang.String com.enation.app.shop.core.goods.action.DepotController.list()]
[21:00:34|INFO |(org.springframework.web.servlet.mvc.method.annotation.RequestMappingHandlerMapping)]=[Mapped "{[/shop/admin/depot/list-json]}" onto public com.enation.framework.action.GridJsonResult com.enation.app.shop.core.goods.action.DepotController.listJson()]
[21:00:34|INFO |(org.springframework.web.servlet.mvc.method.annotation.RequestMappingHandlerMapping)]=[Mapped "{[/shop/admin/depot/edit]}" onto public org.springframework.web.servlet.ModelAndView com.enation.app.shop.core.goods.action.DepotController.edit(int)]
[21:00:34|INFO |(org.springframework.web.servlet.mvc.method.annotation.RequestMappingHandlerMapping)]=[Mapped "{[/shop/admin/depot/save-add]}" onto public com.enation.framework.action.JsonResult com.enation.app.shop.core.goods.action.DepotController.saveAdd(com.enation.app.shop.core.goods.model.Depot)]
[21:00:34|INFO |(org.springframework.web.servlet.mvc.method.annotation.RequestMappingHandlerMapping)]=[Mapped "{[/shop/admin/depot/save-edit]}" onto public com.enation.framework.action.JsonResult com.enation.app.shop.core.goods.action.DepotController.saveEdit(com.enation.app.shop.core.goods.model.Depot)]
[21:00:34|INFO |(org.springframework.web.servlet.mvc.method.annotation.RequestMappingHandlerMapping)]=[Mapped "{[/shop/admin/goods/add]}" onto public org.springframework.web.servlet.ModelAndView com.enation.app.shop.core.goods.action.GoodsController.add()]
[21:00:34|INFO |(org.springframework.web.servlet.mvc.method.annotation.RequestMappingHandlerMapping)]=[Mapped "{[/shop/admin/goods/delete]}" onto public com.enation.framework.action.JsonResult com.enation.app.shop.core.goods.action.GoodsController.delete(java.lang.Integer[])]
[21:00:34|INFO |(org.springframework.web.servlet.mvc.method.annotation.RequestMappingHandlerMapping)]=[Mapped "{[/shop/admin/goods/clean]}" onto public com.enation.framework.action.JsonResult com.enation.app.shop.core.goods.action.GoodsController.clean(java.lang.Integer[])]
[21:00:34|INFO |(org.springframework.web.servlet.mvc.method.annotation.RequestMappingHandlerMapping)]=[Mapped "{[/shop/admin/goods/list]}" onto public org.springframework.web.servlet.ModelAndView com.enation.app.shop.core.goods.action.GoodsController.list()]
[21:00:34|INFO |(org.springframework.web.servlet.mvc.method.annotation.RequestMappingHandlerMapping)]=[Mapped "{[/shop/admin/goods/update-market-enable]}" onto public com.enation.framework.action.JsonResult com.enation.app.shop.core.goods.action.GoodsController.updateMarketEnable(java.lang.Integer)]
[21:00:34|INFO |(org.springframework.web.servlet.mvc.method.annotation.RequestMappingHandlerMapping)]=[Mapped "{[/shop/admin/goods/get-cat-tree]}" onto public org.springframework.web.servlet.ModelAndView com.enation.app.shop.core.goods.action.GoodsController.getCatTree(java.util.List)]
[21:00:34|INFO |(org.springframework.web.servlet.mvc.method.annotation.RequestMappingHandlerMapping)]=[Mapped "{[/shop/admin/goods/search-goods-by-sn]}" onto public com.enation.framework.action.JsonResult com.enation.app.shop.core.goods.action.GoodsController.searchGoodsBySn()]
[21:00:34|INFO |(org.springframework.web.servlet.mvc.method.annotation.RequestMappingHandlerMapping)]=[Mapped "{[/shop/admin/goods/select-cat]}" onto public java.lang.String com.enation.app.shop.core.goods.action.GoodsController.selectCat()]
[21:00:34|INFO |(org.springframework.web.servlet.mvc.method.annotation.RequestMappingHandlerMapping)]=[Mapped "{[/shop/admin/goods/edit-draft-goods]}" onto public com.enation.framework.action.JsonResult com.enation.app.shop.core.goods.action.GoodsController.editDraftGoods(com.enation.app.shop.core.goods.model.Goods)]
[21:00:34|INFO |(org.springframework.web.servlet.mvc.method.annotation.RequestMappingHandlerMapping)]=[Mapped "{[/shop/admin/goods/trash-list-json]}" onto public com.enation.framework.action.GridJsonResult com.enation.app.shop.core.goods.action.GoodsController.trashListJson(java.lang.String,java.lang.String,java.lang.String)]
[21:00:34|INFO |(org.springframework.web.servlet.mvc.method.annotation.RequestMappingHandlerMapping)]=[Mapped "{[/shop/admin/goods/add-draft-goods]}" onto public com.enation.framework.action.JsonResult com.enation.app.shop.core.goods.action.GoodsController.addDraftGoods(com.enation.app.shop.core.goods.model.Goods)]
[21:00:34|INFO |(org.springframework.web.servlet.mvc.method.annotation.RequestMappingHandlerMapping)]=[Mapped "{[/shop/admin/goods/trash-list]}" onto public org.springframework.web.servlet.ModelAndView com.enation.app.shop.core.goods.action.GoodsController.trashList()]
[21:00:34|INFO |(org.springframework.web.servlet.mvc.method.annotation.RequestMappingHandlerMapping)]=[Mapped "{[/shop/admin/goods/revert]}" onto public com.enation.framework.action.JsonResult com.enation.app.shop.core.goods.action.GoodsController.revert(java.lang.Integer[])]
[21:00:34|INFO |(org.springframework.web.servlet.mvc.method.annotation.RequestMappingHandlerMapping)]=[Mapped "{[/shop/admin/goods/search-goods]}" onto public com.enation.framework.action.GridJsonResult com.enation.app.shop.core.goods.action.GoodsController.searchGoods(java.lang.Integer,java.lang.Integer,java.lang.String,java.lang.String,java.lang.String)]
[21:00:34|INFO |(org.springframework.web.servlet.mvc.method.annotation.RequestMappingHandlerMapping)]=[Mapped "{[/shop/admin/goods/list-json]}" onto public com.enation.framework.action.GridJsonResult com.enation.app.shop.core.goods.action.GoodsController.listJson(java.lang.Integer,java.lang.Integer,java.lang.Integer,java.lang.String,java.lang.String,java.lang.String)]
[21:00:34|INFO |(org.springframework.web.servlet.mvc.method.annotation.RequestMappingHandlerMapping)]=[Mapped "{[/shop/admin/goods/edit]}" onto public org.springframework.web.servlet.ModelAndView com.enation.app.shop.core.goods.action.GoodsController.edit(java.lang.Integer)]
[21:00:34|INFO |(org.springframework.web.servlet.mvc.method.annotation.RequestMappingHandlerMapping)]=[Mapped "{[/shop/admin/goods/save-add]}" onto public com.enation.framework.action.JsonResult com.enation.app.shop.core.goods.action.GoodsController.saveAdd(com.enation.app.shop.core.goods.model.Goods)]
[21:00:34|INFO |(org.springframework.web.servlet.mvc.method.annotation.RequestMappingHandlerMapping)]=[Mapped "{[/shop/admin/goods/save-edit]}" onto public com.enation.framework.action.JsonResult com.enation.app.shop.core.goods.action.GoodsController.saveEdit(com.enation.app.shop.core.goods.model.Goods)]
[21:00:34|INFO |(org.springframework.web.servlet.mvc.method.annotation.RequestMappingHandlerMapping)]=[Mapped "{[/shop/admin/goods-select/list]}" onto public org.springframework.web.servlet.ModelAndView com.enation.app.shop.core.goods.action.GoodsSelectController.list(java.lang.Integer)]
[21:00:34|INFO |(org.springframework.web.servlet.mvc.method.annotation.RequestMappingHandlerMapping)]=[Mapped "{[/shop/admin/goods-select/list-product-by-cat-id]}" onto public com.enation.framework.action.GridJsonResult com.enation.app.shop.core.goods.action.GoodsSelectController.listProductByCatid(java.lang.Integer)]
[21:00:34|INFO |(org.springframework.web.servlet.mvc.method.annotation.RequestMappingHandlerMapping)]=[Mapped "{[/shop/admin/goods-select/list-goods-by-id]}" onto public com.enation.framework.action.GridJsonResult com.enation.app.shop.core.goods.action.GoodsSelectController.listGoodsById(java.lang.Integer)]
[21:00:34|INFO |(org.springframework.web.servlet.mvc.method.annotation.RequestMappingHandlerMapping)]=[Mapped "{[/shop/admin/goods-select/list-json]}" onto public java.lang.String com.enation.app.shop.core.goods.action.GoodsSelectController.listJson()]
[21:00:34|INFO |(org.springframework.web.servlet.mvc.method.annotation.RequestMappingHandlerMapping)]=[Mapped "{[/shop/admin/goods-show/delete]}" onto public com.enation.framework.action.JsonResult com.enation.app.shop.core.goods.action.GoodsShowController.delete(java.lang.Integer,java.lang.Integer)]
[21:00:34|INFO |(org.springframework.web.servlet.mvc.method.annotation.RequestMappingHandlerMapping)]=[Mapped "{[/shop/admin/goods-show/list]}" onto public org.springframework.web.servlet.ModelAndView com.enation.app.shop.core.goods.action.GoodsShowController.list(java.lang.Integer)]
[21:00:34|INFO |(org.springframework.web.servlet.mvc.method.annotation.RequestMappingHandlerMapping)]=[Mapped "{[/shop/admin/goods-show/search]}" onto public org.springframework.web.servlet.ModelAndView com.enation.app.shop.core.goods.action.GoodsShowController.search(java.lang.Integer)]
[21:00:34|INFO |(org.springframework.web.servlet.mvc.method.annotation.RequestMappingHandlerMapping)]=[Mapped "{[/shop/admin/goods-show/batch-add]}" onto public com.enation.framework.action.JsonResult com.enation.app.shop.core.goods.action.GoodsShowController.batchAdd(java.lang.Integer,java.lang.Integer[])]
[21:00:34|INFO |(org.springframework.web.servlet.mvc.method.annotation.RequestMappingHandlerMapping)]=[Mapped "{[/shop/admin/goods-show/save-ordernum]}" onto public com.enation.framework.action.JsonResult com.enation.app.shop.core.goods.action.GoodsShowController.saveOrdernum(java.lang.Integer,java.lang.Integer[],java.lang.Integer[],java.lang.Integer[])]
[21:00:34|INFO |(org.springframework.web.servlet.mvc.method.annotation.RequestMappingHandlerMapping)]=[Mapped "{[/shop/admin/goods-show/tag-list-json]}" onto public com.enation.framework.action.GridJsonResult com.enation.app.shop.core.goods.action.GoodsShowController.tagListJson()]
[21:00:34|INFO |(org.springframework.web.servlet.mvc.method.annotation.RequestMappingHandlerMapping)]=[Mapped "{[/shop/admin/goods-show/tag-list]}" onto public java.lang.String com.enation.app.shop.core.goods.action.GoodsShowController.tagList()]
[21:00:34|INFO |(org.springframework.web.servlet.mvc.method.annotation.RequestMappingHandlerMapping)]=[Mapped "{[/shop/admin/goods-show/list-json]}" onto public com.enation.framework.action.GridJsonResult com.enation.app.shop.core.goods.action.GoodsShowController.listJson(java.lang.Integer,java.lang.Integer)]
[21:00:34|INFO |(org.springframework.web.servlet.mvc.method.annotation.RequestMappingHandlerMapping)]=[Mapped "{[/shop/admin/goods-spec/delete-spec]}" onto public com.enation.framework.action.JsonResult com.enation.app.shop.core.goods.action.GoodsSpecController.deleteSpec(java.lang.Integer)]
[21:00:34|INFO |(org.springframework.web.servlet.mvc.method.annotation.RequestMappingHandlerMapping)]=[Mapped "{[/shop/admin/goods-spec/close-spec]}" onto public com.enation.framework.action.JsonResult com.enation.app.shop.core.goods.action.GoodsSpecController.closeSpec()]
[21:00:34|INFO |(org.springframework.web.servlet.mvc.method.annotation.RequestMappingHandlerMapping)]=[Mapped "{[/shop/admin/goods-store/get-warn-dialog-html]}" onto public org.springframework.web.servlet.ModelAndView com.enation.app.shop.core.goods.action.GoodsStoreController.getWarnDialogHtml(java.lang.Integer)]
[21:00:34|INFO |(org.springframework.web.servlet.mvc.method.annotation.RequestMappingHandlerMapping)]=[Mapped "{[/shop/admin/goods-store/get-stock-dialog-html]}" onto public org.springframework.web.servlet.ModelAndView com.enation.app.shop.core.goods.action.GoodsStoreController.getStockDialogHtml(java.lang.Integer)]
[21:00:34|INFO |(org.springframework.web.servlet.mvc.method.annotation.RequestMappingHandlerMapping)]=[Mapped "{[/shop/admin/goods-store/list-goods-store-json]}" onto public com.enation.framework.action.GridJsonResult com.enation.app.shop.core.goods.action.GoodsStoreController.listGoodsStoreJson(java.lang.Integer,java.lang.Integer,java.lang.String,java.lang.String,java.lang.String)]
[21:00:34|INFO |(org.springframework.web.servlet.mvc.method.annotation.RequestMappingHandlerMapping)]=[Mapped "{[/shop/admin/goods-store/get-store-dialog-html]}" onto public org.springframework.web.servlet.ModelAndView com.enation.app.shop.core.goods.action.GoodsStoreController.getStoreDialogHtml(java.lang.Integer)]
[21:00:34|INFO |(org.springframework.web.servlet.mvc.method.annotation.RequestMappingHandlerMapping)]=[Mapped "{[/shop/admin/goods-store/get-ship-dialog-html]}" onto public org.springframework.web.servlet.ModelAndView com.enation.app.shop.core.goods.action.GoodsStoreController.getShipDialogHtml(java.lang.Integer)]
[21:00:34|INFO |(org.springframework.web.servlet.mvc.method.annotation.RequestMappingHandlerMapping)]=[Mapped "{[/shop/admin/goods-store/list-store-json]}" onto public java.lang.String com.enation.app.shop.core.goods.action.GoodsStoreController.listStoreJson()]
[21:00:34|INFO |(org.springframework.web.servlet.mvc.method.annotation.RequestMappingHandlerMapping)]=[Mapped "{[/shop/admin/goods-store/save-warn]}" onto public com.enation.framework.action.JsonResult com.enation.app.shop.core.goods.action.GoodsStoreController.saveWarn(java.lang.Integer)]
[21:00:34|INFO |(org.springframework.web.servlet.mvc.method.annotation.RequestMappingHandlerMapping)]=[Mapped "{[/shop/admin/goods-store/save-ship]}" onto public com.enation.framework.action.JsonResult com.enation.app.shop.core.goods.action.GoodsStoreController.saveShip(java.lang.Integer)]
[21:00:34|INFO |(org.springframework.web.servlet.mvc.method.annotation.RequestMappingHandlerMapping)]=[Mapped "{[/shop/admin/goods-store/save-stock]}" onto public com.enation.framework.action.JsonResult com.enation.app.shop.core.goods.action.GoodsStoreController.saveStock(java.lang.Integer)]
[21:00:34|INFO |(org.springframework.web.servlet.mvc.method.annotation.RequestMappingHandlerMapping)]=[Mapped "{[/shop/admin/goods-store/list-goods-store]}" onto public org.springframework.web.servlet.ModelAndView com.enation.app.shop.core.goods.action.GoodsStoreController.listGoodsStore(java.lang.String)]
[21:00:34|INFO |(org.springframework.web.servlet.mvc.method.annotation.RequestMappingHandlerMapping)]=[Mapped "{[/shop/admin/goods-store/save-store]}" onto public com.enation.framework.action.JsonResult com.enation.app.shop.core.goods.action.GoodsStoreController.saveStore(java.lang.Integer)]
[21:00:34|INFO |(org.springframework.web.servlet.mvc.method.annotation.RequestMappingHandlerMapping)]=[Mapped "{[/shop/admin/goods-warning-store/list-goods-store-json]}" onto public com.enation.framework.action.GridJsonResult com.enation.app.shop.core.goods.action.GoodsWarningStoreController.listGoodsStoreJson(java.lang.Integer,java.lang.Integer,java.lang.String,java.lang.String,java.lang.String)]
[21:00:34|INFO |(org.springframework.web.servlet.mvc.method.annotation.RequestMappingHandlerMapping)]=[Mapped "{[/shop/admin/goods-warning-store/list-goods-warningstore]}" onto public org.springframework.web.servlet.ModelAndView com.enation.app.shop.core.goods.action.GoodsWarningStoreController.listWarningGoodsStore(java.lang.String)]
[21:00:34|INFO |(org.springframework.web.servlet.mvc.method.annotation.RequestMappingHandlerMapping)]=[Mapped "{[/shop/admin/goods-warning-store/get-warning-store-dialog-html]}" onto public org.springframework.web.servlet.ModelAndView com.enation.app.shop.core.goods.action.GoodsWarningStoreController.getStoreDialogHtml(java.lang.Integer)]
[21:00:34|INFO |(org.springframework.web.servlet.mvc.method.annotation.RequestMappingHandlerMapping)]=[Mapped "{[/shop/admin/member-price/list]}" onto public org.springframework.web.servlet.ModelAndView com.enation.app.shop.core.goods.action.MemberPriceController.list(java.lang.Double)]
[21:00:34|INFO |(org.springframework.web.servlet.mvc.method.annotation.RequestMappingHandlerMapping)]=[Mapped "{[/shop/admin/member-price/dis-lv-input]}" onto public org.springframework.web.servlet.ModelAndView com.enation.app.shop.core.goods.action.MemberPriceController.disLvInput(java.lang.Double)]
[21:00:34|INFO |(org.springframework.web.servlet.mvc.method.annotation.RequestMappingHandlerMapping)]=[Mapped "{[/shop/admin/member-price/get-lv-price-json]}" onto public java.lang.Object com.enation.app.shop.core.goods.action.MemberPriceController.getLvPriceJson(java.lang.Integer)]
[21:00:34|INFO |(org.springframework.web.servlet.mvc.method.annotation.RequestMappingHandlerMapping)]=[Mapped "{[/shop/admin/spec/add]}" onto public java.lang.String com.enation.app.shop.core.goods.action.SpecController.add()]
[21:00:34|INFO |(org.springframework.web.servlet.mvc.method.annotation.RequestMappingHandlerMapping)]=[Mapped "{[/shop/admin/spec/delete]}" onto public com.enation.framework.action.JsonResult com.enation.app.shop.core.goods.action.SpecController.delete(java.lang.Integer[])]
[21:00:34|INFO |(org.springframework.web.servlet.mvc.method.annotation.RequestMappingHandlerMapping)]=[Mapped "{[/shop/admin/spec/list]}" onto public org.springframework.web.servlet.ModelAndView com.enation.app.shop.core.goods.action.SpecController.list()]
[21:00:34|INFO |(org.springframework.web.servlet.mvc.method.annotation.RequestMappingHandlerMapping)]=[Mapped "{[/shop/admin/spec/check-value-used]}" onto public com.enation.framework.action.JsonResult com.enation.app.shop.core.goods.action.SpecController.checkValueUsed(java.lang.Integer)]
[21:00:34|INFO |(org.springframework.web.servlet.mvc.method.annotation.RequestMappingHandlerMapping)]=[Mapped "{[/shop/admin/spec/check-used]}" onto public java.lang.Object com.enation.app.shop.core.goods.action.SpecController.checkUsed(java.lang.Integer[])]
[21:00:34|INFO |(org.springframework.web.servlet.mvc.method.annotation.RequestMappingHandlerMapping)]=[Mapped "{[/shop/admin/spec/list-json]}" onto public com.enation.framework.action.GridJsonResult com.enation.app.shop.core.goods.action.SpecController.listJson()]
[21:00:34|INFO |(org.springframework.web.servlet.mvc.method.annotation.RequestMappingHandlerMapping)]=[Mapped "{[/shop/admin/spec/edit]}" onto public org.springframework.web.servlet.ModelAndView com.enation.app.shop.core.goods.action.SpecController.edit(java.lang.Integer)]
[21:00:34|INFO |(org.springframework.web.servlet.mvc.method.annotation.RequestMappingHandlerMapping)]=[Mapped "{[/shop/admin/spec/save-add]}" onto public com.enation.framework.action.JsonResult com.enation.app.shop.core.goods.action.SpecController.saveAdd(com.enation.app.shop.core.goods.model.Specification,java.lang.Integer[],java.lang.String[],java.lang.String[])]
[21:00:34|INFO |(org.springframework.web.servlet.mvc.method.annotation.RequestMappingHandlerMapping)]=[Mapped "{[/shop/admin/spec/save-edit]}" onto public com.enation.framework.action.JsonResult com.enation.app.shop.core.goods.action.SpecController.saveEdit(com.enation.app.shop.core.goods.model.Specification,java.lang.Integer[],java.lang.String[],java.lang.String[])]
[21:00:34|INFO |(org.springframework.web.servlet.mvc.method.annotation.RequestMappingHandlerMapping)]=[Mapped "{[/shop/admin/tag/add]}" onto public java.lang.String com.enation.app.shop.core.goods.action.TagController.add()]
[21:00:34|INFO |(org.springframework.web.servlet.mvc.method.annotation.RequestMappingHandlerMapping)]=[Mapped "{[/shop/admin/tag/delete]}" onto public com.enation.framework.action.JsonResult com.enation.app.shop.core.goods.action.TagController.delete(java.lang.Integer[])]
[21:00:34|INFO |(org.springframework.web.servlet.mvc.method.annotation.RequestMappingHandlerMapping)]=[Mapped "{[/shop/admin/tag/list]}" onto public java.lang.String com.enation.app.shop.core.goods.action.TagController.list()]
[21:00:34|INFO |(org.springframework.web.servlet.mvc.method.annotation.RequestMappingHandlerMapping)]=[Mapped "{[/shop/admin/tag/check-name]}" onto public com.enation.framework.action.JsonResult com.enation.app.shop.core.goods.action.TagController.checkname(com.enation.app.shop.core.goods.model.Tag)]
[21:00:34|INFO |(org.springframework.web.servlet.mvc.method.annotation.RequestMappingHandlerMapping)]=[Mapped "{[/shop/admin/tag/check-join-goods]}" onto public com.enation.framework.action.JsonResult com.enation.app.shop.core.goods.action.TagController.checkJoinGoods(java.lang.Integer[])]
[21:00:34|INFO |(org.springframework.web.servlet.mvc.method.annotation.RequestMappingHandlerMapping)]=[Mapped "{[/shop/admin/tag/list-json]}" onto public com.enation.framework.action.GridJsonResult com.enation.app.shop.core.goods.action.TagController.listJson()]
[21:00:34|INFO |(org.springframework.web.servlet.mvc.method.annotation.RequestMappingHandlerMapping)]=[Mapped "{[/shop/admin/tag/edit]}" onto public org.springframework.web.servlet.ModelAndView com.enation.app.shop.core.goods.action.TagController.edit(java.lang.Integer)]
[21:00:34|INFO |(org.springframework.web.servlet.mvc.method.annotation.RequestMappingHandlerMapping)]=[Mapped "{[/shop/admin/tag/save-add]}" onto public com.enation.framework.action.JsonResult com.enation.app.shop.core.goods.action.TagController.saveAdd(com.enation.app.shop.core.goods.model.Tag)]
[21:00:34|INFO |(org.springframework.web.servlet.mvc.method.annotation.RequestMappingHandlerMapping)]=[Mapped "{[/shop/admin/tag/save-edit]}" onto public com.enation.framework.action.JsonResult com.enation.app.shop.core.goods.action.TagController.saveEdit(com.enation.app.shop.core.goods.model.Tag)]
[21:00:34|INFO |(org.springframework.web.servlet.mvc.method.annotation.RequestMappingHandlerMapping)]=[Mapped "{[/shop/admin/type/delete]}" onto public com.enation.framework.action.JsonResult com.enation.app.shop.core.goods.action.TypeController.delete(java.lang.Integer[])]
[21:00:34|INFO |(org.springframework.web.servlet.mvc.method.annotation.RequestMappingHandlerMapping)]=[Mapped "{[/shop/admin/type/clean]}" onto public com.enation.framework.action.JsonResult com.enation.app.shop.core.goods.action.TypeController.clean(java.lang.Integer[])]
[21:00:34|INFO |(org.springframework.web.servlet.mvc.method.annotation.RequestMappingHandlerMapping)]=[Mapped "{[/shop/admin/type/list]}" onto public java.lang.String com.enation.app.shop.core.goods.action.TypeController.list()]
[21:00:34|INFO |(org.springframework.web.servlet.mvc.method.annotation.RequestMappingHandlerMapping)]=[Mapped "{[/shop/admin/type/checkname]}" onto public com.enation.framework.action.JsonResult com.enation.app.shop.core.goods.action.TypeController.checkname(com.enation.app.shop.core.goods.model.support.GoodsTypeDTO)]
[21:00:34|INFO |(org.springframework.web.servlet.mvc.method.annotation.RequestMappingHandlerMapping)]=[Mapped "{[/shop/admin/type/revert]}" onto public com.enation.framework.action.JsonResult com.enation.app.shop.core.goods.action.TypeController.revert(java.lang.Integer[])]
[21:00:34|INFO |(org.springframework.web.servlet.mvc.method.annotation.RequestMappingHandlerMapping)]=[Mapped "{[/shop/admin/type/edit-json]}" onto public java.lang.String com.enation.app.shop.core.goods.action.TypeController.editJson(java.lang.Integer)]
[21:00:34|INFO |(org.springframework.web.servlet.mvc.method.annotation.RequestMappingHandlerMapping)]=[Mapped "{[/shop/admin/type/param-item]}" onto public java.lang.String com.enation.app.shop.core.goods.action.TypeController.paramItem()]
[21:00:34|INFO |(org.springframework.web.servlet.mvc.method.annotation.RequestMappingHandlerMapping)]=[Mapped "{[/shop/admin/type/edit-other]}" onto public org.springframework.web.servlet.ModelAndView com.enation.app.shop.core.goods.action.TypeController.editOther(java.lang.Integer,java.lang.Integer)]
[21:00:34|INFO |(org.springframework.web.servlet.mvc.method.annotation.RequestMappingHandlerMapping)]=[Mapped "{[/shop/admin/type/save-spec]}" onto public com.enation.framework.action.JsonResult com.enation.app.shop.core.goods.action.TypeController.saveSpec(java.lang.Integer,java.lang.Integer[])]
[21:00:34|INFO |(org.springframework.web.servlet.mvc.method.annotation.RequestMappingHandlerMapping)]=[Mapped "{[/shop/admin/type/save-params]}" onto public com.enation.framework.action.JsonResult com.enation.app.shop.core.goods.action.TypeController.saveParams(java.lang.String,java.lang.String[],java.lang.String[],java.lang.Integer)]
[21:00:34|INFO |(org.springframework.web.servlet.mvc.method.annotation.RequestMappingHandlerMapping)]=[Mapped "{[/shop/admin/type/step1]}" onto public java.lang.String com.enation.app.shop.core.goods.action.TypeController.step1()]
[21:00:34|INFO |(org.springframework.web.servlet.mvc.method.annotation.RequestMappingHandlerMapping)]=[Mapped "{[/shop/admin/type/save-brand]}" onto public com.enation.framework.action.JsonResult com.enation.app.shop.core.goods.action.TypeController.saveBrand(java.lang.Integer,java.lang.Integer[])]
[21:00:34|INFO |(org.springframework.web.servlet.mvc.method.annotation.RequestMappingHandlerMapping)]=[Mapped "{[/shop/admin/type/save-props]}" onto public com.enation.framework.action.JsonResult com.enation.app.shop.core.goods.action.TypeController.saveProps(java.lang.Integer) throws java.io.UnsupportedEncodingException]
[21:00:34|INFO |(org.springframework.web.servlet.mvc.method.annotation.RequestMappingHandlerMapping)]=[Mapped "{[/shop/admin/type/list-json]}" onto public com.enation.framework.action.GridJsonResult com.enation.app.shop.core.goods.action.TypeController.listJson(java.lang.String)]
[21:00:34|INFO |(org.springframework.web.servlet.mvc.method.annotation.RequestMappingHandlerMapping)]=[Mapped "{[/shop/admin/type/edit]}" onto public org.springframework.web.servlet.ModelAndView com.enation.app.shop.core.goods.action.TypeController.edit(java.lang.Integer)]
[21:00:34|INFO |(org.springframework.web.servlet.mvc.method.annotation.RequestMappingHandlerMapping)]=[Mapped "{[/shop/admin/type/step2]}" onto public com.enation.framework.action.JsonResult com.enation.app.shop.core.goods.action.TypeController.step2(com.enation.app.shop.core.goods.model.support.GoodsTypeDTO,int)]
[21:00:34|INFO |(org.springframework.web.servlet.mvc.method.annotation.RequestMappingHandlerMapping)]=[Mapped "{[/shop/admin/comments/add]}" onto public com.enation.framework.action.JsonResult com.enation.app.shop.core.member.action.CommentsController.add(java.lang.String,int)]
[21:00:34|INFO |(org.springframework.web.servlet.mvc.method.annotation.RequestMappingHandlerMapping)]=[Mapped "{[/shop/admin/comments/delete]}" onto public com.enation.framework.action.JsonResult com.enation.app.shop.core.member.action.CommentsController.delete(java.lang.Integer[])]
[21:00:34|INFO |(org.springframework.web.servlet.mvc.method.annotation.RequestMappingHandlerMapping)]=[Mapped "{[/shop/admin/comments/list]}" onto public org.springframework.web.servlet.ModelAndView com.enation.app.shop.core.member.action.CommentsController.list(java.lang.Integer)]
[21:00:34|INFO |(org.springframework.web.servlet.mvc.method.annotation.RequestMappingHandlerMapping)]=[Mapped "{[/shop/admin/comments/detail]}" onto public org.springframework.web.servlet.ModelAndView com.enation.app.shop.core.member.action.CommentsController.detail(java.lang.Integer)]
[21:00:34|INFO |(org.springframework.web.servlet.mvc.method.annotation.RequestMappingHandlerMapping)]=[Mapped "{[/shop/admin/comments/show]}" onto public com.enation.framework.action.JsonResult com.enation.app.shop.core.member.action.CommentsController.show(int)]
[21:00:34|INFO |(org.springframework.web.servlet.mvc.method.annotation.RequestMappingHandlerMapping)]=[Mapped "{[/shop/admin/comments/hide]}" onto public com.enation.framework.action.JsonResult com.enation.app.shop.core.member.action.CommentsController.hide(int)]
[21:00:34|INFO |(org.springframework.web.servlet.mvc.method.annotation.RequestMappingHandlerMapping)]=[Mapped "{[/shop/admin/comments/look-detail]}" onto public org.springframework.web.servlet.ModelAndView com.enation.app.shop.core.member.action.CommentsController.lookDetail(java.lang.Integer,com.enation.app.shop.core.member.model.MemberComment)]
[21:00:34|INFO |(org.springframework.web.servlet.mvc.method.annotation.RequestMappingHandlerMapping)]=[Mapped "{[/shop/admin/comments/deletealone]}" onto public com.enation.framework.action.JsonResult com.enation.app.shop.core.member.action.CommentsController.deletealone(int)]
[21:00:34|INFO |(org.springframework.web.servlet.mvc.method.annotation.RequestMappingHandlerMapping)]=[Mapped "{[/shop/admin/comments/list-json-by-member]}" onto public com.enation.framework.action.GridJsonResult com.enation.app.shop.core.member.action.CommentsController.listJsonByMember(java.lang.Integer,java.lang.Integer)]
[21:00:34|INFO |(org.springframework.web.servlet.mvc.method.annotation.RequestMappingHandlerMapping)]=[Mapped "{[/shop/admin/comments/list-json]}" onto public com.enation.framework.action.GridJsonResult com.enation.app.shop.core.member.action.CommentsController.listJson(java.lang.Integer)]
[21:00:34|INFO |(org.springframework.web.servlet.mvc.method.annotation.RequestMappingHandlerMapping)]=[Mapped "{[/shop/admin/comments/msg-list]}" onto public java.lang.String com.enation.app.shop.core.member.action.CommentsController.msgList(java.lang.Integer,java.lang.Integer)]
[21:00:34|INFO |(org.springframework.web.servlet.mvc.method.annotation.RequestMappingHandlerMapping)]=[Mapped "{[/shop/admin/member/delete]}" onto public com.enation.framework.action.JsonResult com.enation.app.shop.core.member.action.MemberController.delete(java.lang.Integer[])]
[21:00:34|INFO |(org.springframework.web.servlet.mvc.method.annotation.RequestMappingHandlerMapping)]=[Mapped "{[/shop/admin/member/advance]}" onto public org.springframework.web.servlet.ModelAndView com.enation.app.shop.core.member.action.MemberController.advance(java.lang.Integer)]
[21:00:34|INFO |(org.springframework.web.servlet.mvc.method.annotation.RequestMappingHandlerMapping)]=[Mapped "{[/shop/admin/member/detail]}" onto public org.springframework.web.servlet.ModelAndView com.enation.app.shop.core.member.action.MemberController.detail(java.lang.Integer)]
[21:00:34|INFO |(org.springframework.web.servlet.mvc.method.annotation.RequestMappingHandlerMapping)]=[Mapped "{[/shop/admin/member/comments]}" onto public org.springframework.web.servlet.ModelAndView com.enation.app.shop.core.member.action.MemberController.comments(java.lang.Integer,java.lang.String)]
[21:00:34|INFO |(org.springframework.web.servlet.mvc.method.annotation.RequestMappingHandlerMapping)]=[Mapped "{[/shop/admin/member/add-member]}" onto public org.springframework.web.servlet.ModelAndView com.enation.app.shop.core.member.action.MemberController.addMember()]
[21:00:34|INFO |(org.springframework.web.servlet.mvc.method.annotation.RequestMappingHandlerMapping)]=[Mapped "{[/shop/admin/member/save-edit-member]}" onto public com.enation.framework.action.JsonResult com.enation.app.shop.core.member.action.MemberController.saveEditMember(com.enation.app.base.core.model.Member,java.lang.String)]
[21:00:34|INFO |(org.springframework.web.servlet.mvc.method.annotation.RequestMappingHandlerMapping)]=[Mapped "{[/shop/admin/member/edit-remark]}" onto public com.enation.framework.action.JsonResult com.enation.app.shop.core.member.action.MemberController.editRemark()]
[21:00:34|INFO |(org.springframework.web.servlet.mvc.method.annotation.RequestMappingHandlerMapping)]=[Mapped "{[/shop/admin/member/edit-point]}" onto public org.springframework.web.servlet.ModelAndView com.enation.app.shop.core.member.action.MemberController.editPoint(java.lang.Integer)]
[21:00:34|INFO |(org.springframework.web.servlet.mvc.method.annotation.RequestMappingHandlerMapping)]=[Mapped "{[/shop/admin/member/edit-member]}" onto public org.springframework.web.servlet.ModelAndView com.enation.app.shop.core.member.action.MemberController.editMember(java.lang.Integer)]
[21:00:34|INFO |(org.springframework.web.servlet.mvc.method.annotation.RequestMappingHandlerMapping)]=[Mapped "{[/shop/admin/member/delete-lv]}" onto public com.enation.framework.action.JsonResult com.enation.app.shop.core.member.action.MemberController.deletelv(java.lang.Integer[])]
[21:00:34|INFO |(org.springframework.web.servlet.mvc.method.annotation.RequestMappingHandlerMapping)]=[Mapped "{[/shop/admin/member/point-log]}" onto public org.springframework.web.servlet.ModelAndView com.enation.app.shop.core.member.action.MemberController.pointLog(java.lang.Integer,int)]
[21:00:34|INFO |(org.springframework.web.servlet.mvc.method.annotation.RequestMappingHandlerMapping)]=[Mapped "{[/shop/admin/member/save-edit-lv]}" onto public com.enation.framework.action.JsonResult com.enation.app.shop.core.member.action.MemberController.saveEditLv(com.enation.app.base.core.model.MemberLv)]
[21:00:34|INFO |(org.springframework.web.servlet.mvc.method.annotation.RequestMappingHandlerMapping)]=[Mapped "{[/shop/admin/member/member-list]}" onto public org.springframework.web.servlet.ModelAndView com.enation.app.shop.core.member.action.MemberController.memberList()]
[21:00:34|INFO |(org.springframework.web.servlet.mvc.method.annotation.RequestMappingHandlerMapping)]=[Mapped "{[/shop/admin/member/member-list-store]}" onto public org.springframework.web.servlet.ModelAndView com.enation.app.shop.core.member.action.MemberController.memberListStore()]
[21:00:34|INFO |(org.springframework.web.servlet.mvc.method.annotation.RequestMappingHandlerMapping)]=[Mapped "{[/shop/admin/member/edit-save-point]}" onto public com.enation.framework.action.JsonResult com.enation.app.shop.core.member.action.MemberController.editSavePoint(java.lang.Integer,int)]
[21:00:34|INFO |(org.springframework.web.servlet.mvc.method.annotation.RequestMappingHandlerMapping)]=[Mapped "{[/shop/admin/member/member-list-json]}" onto public com.enation.framework.action.GridJsonResult com.enation.app.shop.core.member.action.MemberController.memberListJson(java.lang.String,java.lang.String,java.lang.String,java.lang.Integer,java.lang.Integer,java.lang.String,java.lang.String,java.lang.Integer,java.lang.String,java.lang.Integer,java.lang.Integer,java.lang.Integer,java.lang.Integer)]
[21:00:34|INFO |(org.springframework.web.servlet.mvc.method.annotation.RequestMappingHandlerMapping)]=[Mapped "{[/shop/admin/member/save-member]}" onto public java.lang.Object com.enation.app.shop.core.member.action.MemberController.saveMember(com.enation.app.base.core.model.Member,java.lang.String)]
[21:00:34|INFO |(org.springframework.web.servlet.mvc.method.annotation.RequestMappingHandlerMapping)]=[Mapped "{[/shop/admin/member/recycle-regain-member]}" onto public com.enation.framework.action.JsonResult com.enation.app.shop.core.member.action.MemberController.recycleRegainMember(java.lang.Integer[])]
[21:00:34|INFO |(org.springframework.web.servlet.mvc.method.annotation.RequestMappingHandlerMapping)]=[Mapped "{[/shop/admin/member/add-lv]}" onto public java.lang.String com.enation.app.shop.core.member.action.MemberController.addLv()]
[21:00:34|INFO |(org.springframework.web.servlet.mvc.method.annotation.RequestMappingHandlerMapping)]=[Mapped "{[/shop/admin/member/edit-lv]}" onto public org.springframework.web.servlet.ModelAndView com.enation.app.shop.core.member.action.MemberController.editLv(java.lang.Integer)]
[21:00:34|INFO |(org.springframework.web.servlet.mvc.method.annotation.RequestMappingHandlerMapping)]=[Mapped "{[/shop/admin/member/list-recycle]}" onto public org.springframework.web.servlet.ModelAndView com.enation.app.shop.core.member.action.MemberController.listRecycle()]
[21:00:34|INFO |(org.springframework.web.servlet.mvc.method.annotation.RequestMappingHandlerMapping)]=[Mapped "{[/shop/admin/member/list-recycle-json]}" onto public com.enation.framework.action.GridJsonResult com.enation.app.shop.core.member.action.MemberController.listRecycleJson()]
[21:00:34|INFO |(org.springframework.web.servlet.mvc.method.annotation.RequestMappingHandlerMapping)]=[Mapped "{[/shop/admin/member/save-add-lv]}" onto public com.enation.framework.action.JsonResult com.enation.app.shop.core.member.action.MemberController.saveAddLv(com.enation.app.base.core.model.MemberLv)]
[21:00:34|INFO |(org.springframework.web.servlet.mvc.method.annotation.RequestMappingHandlerMapping)]=[Mapped "{[/shop/admin/member/list-lv]}" onto public org.springframework.web.servlet.ModelAndView com.enation.app.shop.core.member.action.MemberController.listLv()]
[21:00:34|INFO |(org.springframework.web.servlet.mvc.method.annotation.RequestMappingHandlerMapping)]=[Mapped "{[/shop/admin/member/list-lv-json]}" onto public com.enation.framework.action.GridJsonResult com.enation.app.shop.core.member.action.MemberController.listLvJson()]
[21:00:34|INFO |(org.springframework.web.servlet.mvc.method.annotation.RequestMappingHandlerMapping)]=[Mapped "{[/shop/admin/message/add]}" onto public org.springframework.web.servlet.ModelAndView com.enation.app.shop.core.member.action.MessageBgController.add()]
[21:00:34|INFO |(org.springframework.web.servlet.mvc.method.annotation.RequestMappingHandlerMapping)]=[Mapped "{[/shop/admin/message/list]}" onto public org.springframework.web.servlet.ModelAndView com.enation.app.shop.core.member.action.MessageBgController.list()]
[21:00:34|INFO |(org.springframework.web.servlet.mvc.method.annotation.RequestMappingHandlerMapping)]=[Mapped "{[/shop/admin/message/save-message]}" onto public java.lang.Object com.enation.app.shop.core.member.action.MessageBgController.saveMessage(com.enation.app.shop.core.member.model.MessageBg)]
[21:00:34|INFO |(org.springframework.web.servlet.mvc.method.annotation.RequestMappingHandlerMapping)]=[Mapped "{[/shop/admin/message/list-json]}" onto public com.enation.framework.action.GridJsonResult com.enation.app.shop.core.member.action.MessageBgController.listJson()]
[21:00:34|INFO |(org.springframework.web.servlet.mvc.method.annotation.RequestMappingHandlerMapping)]=[Mapped "{[/shop/admin/area/delete],produces=[application/json]}" onto public com.enation.framework.action.JsonResult com.enation.app.shop.core.order.action.AreaController.delete(java.lang.String)]
[21:00:34|INFO |(org.springframework.web.servlet.mvc.method.annotation.RequestMappingHandlerMapping)]=[Mapped "{[/shop/admin/area/list-region],produces=[application/json]}" onto public org.springframework.web.servlet.ModelAndView com.enation.app.shop.core.order.action.AreaController.list_region(int)]
[21:00:34|INFO |(org.springframework.web.servlet.mvc.method.annotation.RequestMappingHandlerMapping)]=[Mapped "{[/shop/admin/area/get-regions-list],produces=[application/json]}" onto public org.springframework.web.servlet.ModelAndView com.enation.app.shop.core.order.action.AreaController.getRegionsList(int)]
[21:00:34|INFO |(org.springframework.web.servlet.mvc.method.annotation.RequestMappingHandlerMapping)]=[Mapped "{[/shop/admin/area/list-children],produces=[application/json]}" onto public java.lang.String com.enation.app.shop.core.order.action.AreaController.listChildren(int)]
[21:00:34|INFO |(org.springframework.web.servlet.mvc.method.annotation.RequestMappingHandlerMapping)]=[Mapped "{[/shop/admin/dly-center/add]}" onto public org.springframework.web.servlet.ModelAndView com.enation.app.shop.core.order.action.DlyCenterController.add()]
[21:00:34|INFO |(org.springframework.web.servlet.mvc.method.annotation.RequestMappingHandlerMapping)]=[Mapped "{[/shop/admin/dly-center/delete]}" onto public com.enation.framework.action.JsonResult com.enation.app.shop.core.order.action.DlyCenterController.delete(java.lang.Integer[])]
[21:00:34|INFO |(org.springframework.web.servlet.mvc.method.annotation.RequestMappingHandlerMapping)]=[Mapped "{[/shop/admin/dly-center/list]}" onto public org.springframework.web.servlet.ModelAndView com.enation.app.shop.core.order.action.DlyCenterController.list()]
[21:00:34|INFO |(org.springframework.web.servlet.mvc.method.annotation.RequestMappingHandlerMapping)]=[Mapped "{[/shop/admin/dly-center/list-json]}" onto public com.enation.framework.action.GridJsonResult com.enation.app.shop.core.order.action.DlyCenterController.listJson()]
[21:00:34|INFO |(org.springframework.web.servlet.mvc.method.annotation.RequestMappingHandlerMapping)]=[Mapped "{[/shop/admin/dly-center/edit]}" onto public org.springframework.web.servlet.ModelAndView com.enation.app.shop.core.order.action.DlyCenterController.edit(java.lang.Integer)]
[21:00:34|INFO |(org.springframework.web.servlet.mvc.method.annotation.RequestMappingHandlerMapping)]=[Mapped "{[/shop/admin/dly-center/save-add]}" onto public com.enation.framework.action.JsonResult com.enation.app.shop.core.order.action.DlyCenterController.saveAdd(com.enation.app.shop.core.order.model.DlyCenter)]
[21:00:34|INFO |(org.springframework.web.servlet.mvc.method.annotation.RequestMappingHandlerMapping)]=[Mapped "{[/shop/admin/dly-center/save-edit]}" onto public com.enation.framework.action.JsonResult com.enation.app.shop.core.order.action.DlyCenterController.saveEdit(com.enation.app.shop.core.order.model.DlyCenter)]
[21:00:34|INFO |(org.springframework.web.servlet.mvc.method.annotation.RequestMappingHandlerMapping)]=[Mapped "{[/shop/admin/dly-center/del]}" onto public com.enation.framework.action.JsonResult com.enation.app.shop.core.order.action.DlyCenterController.del(java.lang.Integer)]
[21:00:34|INFO |(org.springframework.web.servlet.mvc.method.annotation.RequestMappingHandlerMapping)]=[Mapped "{[/shop/admin/dly-type/delete],produces=[application/json]}" onto public com.enation.framework.action.JsonResult com.enation.app.shop.core.order.action.DlyTypeController.delete(java.lang.Integer[])]
[21:00:34|INFO |(org.springframework.web.servlet.mvc.method.annotation.RequestMappingHandlerMapping)]=[Mapped "{[/shop/admin/dly-type/list],produces=[application/json]}" onto public org.springframework.web.servlet.ModelAndView com.enation.app.shop.core.order.action.DlyTypeController.list()]
[21:00:34|INFO |(org.springframework.web.servlet.mvc.method.annotation.RequestMappingHandlerMapping)]=[Mapped "{[/shop/admin/dly-type/add-type],produces=[application/json]}" onto public org.springframework.web.servlet.ModelAndView com.enation.app.shop.core.order.action.DlyTypeController.add_type()]
[21:00:34|INFO |(org.springframework.web.servlet.mvc.method.annotation.RequestMappingHandlerMapping)]=[Mapped "{[/shop/admin/dly-type/check-exp],produces=[application/json]}" onto public org.springframework.web.servlet.ModelAndView com.enation.app.shop.core.order.action.DlyTypeController.checkExp()]
[21:00:34|INFO |(org.springframework.web.servlet.mvc.method.annotation.RequestMappingHandlerMapping)]=[Mapped "{[/shop/admin/dly-type/list-json],produces=[application/json]}" onto public com.enation.framework.action.GridJsonResult com.enation.app.shop.core.order.action.DlyTypeController.listJson()]
[21:00:34|INFO |(org.springframework.web.servlet.mvc.method.annotation.RequestMappingHandlerMapping)]=[Mapped "{[/shop/admin/dly-type/edit],produces=[application/json]}" onto public org.springframework.web.servlet.ModelAndView com.enation.app.shop.core.order.action.DlyTypeController.edit(int)]
[21:00:34|INFO |(org.springframework.web.servlet.mvc.method.annotation.RequestMappingHandlerMapping)]=[Mapped "{[/shop/admin/dly-type/save-add],produces=[application/json]}" onto public com.enation.framework.action.JsonResult com.enation.app.shop.core.order.action.DlyTypeController.saveAdd(com.enation.app.shop.core.order.model.DlyType,int,int,java.lang.Double[],java.lang.Double[],java.lang.Integer[],java.lang.String[],java.lang.Integer,java.lang.Integer)]
[21:00:34|INFO |(org.springframework.web.servlet.mvc.method.annotation.RequestMappingHandlerMapping)]=[Mapped "{[/shop/admin/dly-type/save-edit],produces=[application/json]}" onto public com.enation.framework.action.JsonResult com.enation.app.shop.core.order.action.DlyTypeController.saveEdit(com.enation.app.shop.core.order.model.DlyType,int,int,java.lang.Double[],java.lang.Double[],java.lang.Integer[],java.lang.String[],java.lang.Integer,java.lang.Integer)]
[21:00:34|INFO |(org.springframework.web.servlet.mvc.method.annotation.RequestMappingHandlerMapping)]=[Mapped "{[/shop/admin/logi/delete]}" onto public com.enation.framework.action.JsonResult com.enation.app.shop.core.order.action.LogiController.delete(java.lang.Integer[])]
[21:00:34|INFO |(org.springframework.web.servlet.mvc.method.annotation.RequestMappingHandlerMapping)]=[Mapped "{[/shop/admin/logi/list-logi-json]}" onto public com.enation.framework.action.GridJsonResult com.enation.app.shop.core.order.action.LogiController.list_logiJson(java.lang.String)]
[21:00:34|INFO |(org.springframework.web.servlet.mvc.method.annotation.RequestMappingHandlerMapping)]=[Mapped "{[/shop/admin/logi/add-logi]}" onto public java.lang.String com.enation.app.shop.core.order.action.LogiController.add_logi()]
[21:00:34|INFO |(org.springframework.web.servlet.mvc.method.annotation.RequestMappingHandlerMapping)]=[Mapped "{[/shop/admin/logi/edit-logi]}" onto public org.springframework.web.servlet.ModelAndView com.enation.app.shop.core.order.action.LogiController.edit_logi(java.lang.Integer)]
[21:00:34|INFO |(org.springframework.web.servlet.mvc.method.annotation.RequestMappingHandlerMapping)]=[Mapped "{[/shop/admin/logi/list-logi]}" onto public java.lang.String com.enation.app.shop.core.order.action.LogiController.list_logi()]
[21:00:34|INFO |(org.springframework.web.servlet.mvc.method.annotation.RequestMappingHandlerMapping)]=[Mapped "{[/shop/admin/logi/save-add]}" onto public com.enation.framework.action.JsonResult com.enation.app.shop.core.order.action.LogiController.saveAdd(java.lang.String,java.lang.String)]
[21:00:34|INFO |(org.springframework.web.servlet.mvc.method.annotation.RequestMappingHandlerMapping)]=[Mapped "{[/shop/admin/logi/save-edit]}" onto public com.enation.framework.action.JsonResult com.enation.app.shop.core.order.action.LogiController.saveEdit(java.lang.String,java.lang.String,java.lang.Integer)]
[21:00:34|INFO |(org.springframework.web.servlet.mvc.method.annotation.RequestMappingHandlerMapping)]=[Mapped "{[/shop/admin/order/delete]}" onto public com.enation.framework.action.JsonResult com.enation.app.shop.core.order.action.OrderController.delete(java.lang.Integer[])]
[21:00:34|INFO |(org.springframework.web.servlet.mvc.method.annotation.RequestMappingHandlerMapping)]=[Mapped "{[/shop/admin/order/clean]}" onto public com.enation.framework.action.JsonResult com.enation.app.shop.core.order.action.OrderController.clean(java.lang.Integer[])]
[21:00:34|INFO |(org.springframework.web.servlet.mvc.method.annotation.RequestMappingHandlerMapping)]=[Mapped "{[/shop/admin/order/list]}" onto public org.springframework.web.servlet.ModelAndView com.enation.app.shop.core.order.action.OrderController.list()]
[21:00:34|INFO |(org.springframework.web.servlet.mvc.method.annotation.RequestMappingHandlerMapping)]=[Mapped "{[/shop/admin/order/cancel]}" onto public java.lang.Object com.enation.app.shop.core.order.action.OrderController.cancel(java.lang.Integer,java.lang.String)]
[21:00:34|INFO |(org.springframework.web.servlet.mvc.method.annotation.RequestMappingHandlerMapping)]=[Mapped "{[/shop/admin/order/detail]}" onto public org.springframework.web.servlet.ModelAndView com.enation.app.shop.core.order.action.OrderController.detail(java.lang.String,java.lang.String,java.lang.Integer)]
[21:00:34|INFO |(org.springframework.web.servlet.mvc.method.annotation.RequestMappingHandlerMapping)]=[Mapped "{[/shop/admin/order/complete]}" onto public com.enation.framework.action.JsonResult com.enation.app.shop.core.order.action.OrderController.complete(java.lang.Integer)]
[21:00:34|INFO |(org.springframework.web.servlet.mvc.method.annotation.RequestMappingHandlerMapping)]=[Mapped "{[/shop/admin/order/trash-list-json]}" onto public com.enation.framework.action.GridJsonResult com.enation.app.shop.core.order.action.OrderController.trashListJson()]
[21:00:34|INFO |(org.springframework.web.servlet.mvc.method.annotation.RequestMappingHandlerMapping)]=[Mapped "{[/shop/admin/order/trash-list]}" onto public org.springframework.web.servlet.ModelAndView com.enation.app.shop.core.order.action.OrderController.trashList()]
[21:00:34|INFO |(org.springframework.web.servlet.mvc.method.annotation.RequestMappingHandlerMapping)]=[Mapped "{[/shop/admin/order/revert]}" onto public com.enation.framework.action.JsonResult com.enation.app.shop.core.order.action.OrderController.revert(java.lang.Integer[])]
[21:00:34|INFO |(org.springframework.web.servlet.mvc.method.annotation.RequestMappingHandlerMapping)]=[Mapped "{[/shop/admin/order/list-order-by-member-id]}" onto public com.enation.framework.action.GridJsonResult com.enation.app.shop.core.order.action.OrderController.listOrderByMemberId(java.lang.Integer)]
[21:00:34|INFO |(org.springframework.web.servlet.mvc.method.annotation.RequestMappingHandlerMapping)]=[Mapped "{[/shop/admin/order/cancel-application-list-json]}" onto public com.enation.framework.action.GridJsonResult com.enation.app.shop.core.order.action.OrderController.cancelApplicationListJson()]
[21:00:34|INFO |(org.springframework.web.servlet.mvc.method.annotation.RequestMappingHandlerMapping)]=[Mapped "{[/shop/admin/order/cancel-application-list]}" onto public org.springframework.web.servlet.ModelAndView com.enation.app.shop.core.order.action.OrderController.cancelApplicationList()]
[21:00:34|INFO |(org.springframework.web.servlet.mvc.method.annotation.RequestMappingHandlerMapping)]=[Mapped "{[/shop/admin/order/auth-cancel-application]}" onto public com.enation.framework.action.JsonResult com.enation.app.shop.core.order.action.OrderController.authCancelApplication(java.lang.Integer,java.lang.Integer)]
[21:00:34|INFO |(org.springframework.web.servlet.mvc.method.annotation.RequestMappingHandlerMapping)]=[Mapped "{[/shop/admin/order/save-ship-money]}" onto public java.lang.Object com.enation.app.shop.core.order.action.OrderController.saveShipMoney(java.lang.Integer,double)]
[21:00:34|INFO |(org.springframework.web.servlet.mvc.method.annotation.RequestMappingHandlerMapping)]=[Mapped "{[/shop/admin/order/save-pay-type]}" onto public com.enation.framework.action.JsonResult com.enation.app.shop.core.order.action.OrderController.savePayType(java.lang.Integer,java.lang.Integer)]
[21:00:34|INFO |(org.springframework.web.servlet.mvc.method.annotation.RequestMappingHandlerMapping)]=[Mapped "{[/shop/admin/order/save-ship-type]}" onto public com.enation.framework.action.JsonResult com.enation.app.shop.core.order.action.OrderController.saveShipType(java.lang.Integer,java.lang.Integer)]
[21:00:34|INFO |(org.springframework.web.servlet.mvc.method.annotation.RequestMappingHandlerMapping)]=[Mapped "{[/shop/admin/order/save-addr]}" onto public com.enation.framework.action.JsonResult com.enation.app.shop.core.order.action.OrderController.saveAddr(java.lang.Integer)]
[21:00:34|INFO |(org.springframework.web.servlet.mvc.method.annotation.RequestMappingHandlerMapping)]=[Mapped "{[/shop/admin/order/not-pay-order]}" onto public org.springframework.web.servlet.ModelAndView com.enation.app.shop.core.order.action.OrderController.notPayOrder()]
[21:00:34|INFO |(org.springframework.web.servlet.mvc.method.annotation.RequestMappingHandlerMapping)]=[Mapped "{[/shop/admin/order/next-detail]}" onto public org.springframework.web.servlet.ModelAndView com.enation.app.shop.core.order.action.OrderController.nextDetail(java.lang.String,java.lang.String,java.lang.String,java.lang.String,java.lang.Integer,java.lang.Integer,java.lang.String)]
[21:00:34|INFO |(org.springframework.web.servlet.mvc.method.annotation.RequestMappingHandlerMapping)]=[Mapped "{[/shop/admin/order/save-addr-detail]}" onto public com.enation.framework.action.JsonResult com.enation.app.shop.core.order.action.OrderController.saveAddrDetail(java.lang.Integer,java.lang.String)]
[21:00:34|INFO |(org.springframework.web.servlet.mvc.method.annotation.RequestMappingHandlerMapping)]=[Mapped "{[/shop/admin/order/finish-ship-order]}" onto public org.springframework.web.servlet.ModelAndView com.enation.app.shop.core.order.action.OrderController.finishShipOrder()]
[21:00:34|INFO |(org.springframework.web.servlet.mvc.method.annotation.RequestMappingHandlerMapping)]=[Mapped "{[/shop/admin/order/save-ship-info]}" onto public com.enation.framework.action.JsonResult com.enation.app.shop.core.order.action.OrderController.saveShipInfo(java.lang.String,java.lang.Integer,java.lang.String,java.lang.String,java.lang.String,java.lang.String,java.lang.String)]
[21:00:34|INFO |(org.springframework.web.servlet.mvc.method.annotation.RequestMappingHandlerMapping)]=[Mapped "{[/shop/admin/order/confirm-order]}" onto public com.enation.framework.action.JsonResult com.enation.app.shop.core.order.action.OrderController.confirmOrder(java.lang.Integer)]
[21:00:34|INFO |(org.springframework.web.servlet.mvc.method.annotation.RequestMappingHandlerMapping)]=[Mapped "{[/shop/admin/order/save-depot]}" onto public com.enation.framework.action.JsonResult com.enation.app.shop.core.order.action.OrderController.saveDepot(java.lang.Integer,java.lang.Integer)]
[21:00:34|INFO |(org.springframework.web.servlet.mvc.method.annotation.RequestMappingHandlerMapping)]=[Mapped "{[/shop/admin/order/list-for-express-no]}" onto public org.springframework.web.servlet.ModelAndView com.enation.app.shop.core.order.action.OrderController.listForExpressNo()]
[21:00:34|INFO |(org.springframework.web.servlet.mvc.method.annotation.RequestMappingHandlerMapping)]=[Mapped "{[/shop/admin/order/ship-into]}" onto public org.springframework.web.servlet.ModelAndView com.enation.app.shop.core.order.action.OrderController.showShipInto(java.lang.Integer)]
[21:00:34|INFO |(org.springframework.web.servlet.mvc.method.annotation.RequestMappingHandlerMapping)]=[Mapped "{[/shop/admin/order/not-ship-order]}" onto public org.springframework.web.servlet.ModelAndView com.enation.app.shop.core.order.action.OrderController.notShipOrder()]
[21:00:34|INFO |(org.springframework.web.servlet.mvc.method.annotation.RequestMappingHandlerMapping)]=[Mapped "{[/shop/admin/order/save-admin-remark]}" onto public com.enation.framework.action.JsonResult com.enation.app.shop.core.order.action.OrderController.saveAdminRemark(java.lang.Integer,java.lang.String)]
[21:00:34|INFO |(org.springframework.web.servlet.mvc.method.annotation.RequestMappingHandlerMapping)]=[Mapped "{[/shop/admin/order/not-rog-order]}" onto public org.springframework.web.servlet.ModelAndView com.enation.app.shop.core.order.action.OrderController.notRogOrder()]
[21:00:34|INFO |(org.springframework.web.servlet.mvc.method.annotation.RequestMappingHandlerMapping)]=[Mapped "{[/shop/admin/order/save-price]}" onto public com.enation.framework.action.JsonResult com.enation.app.shop.core.order.action.OrderController.savePrice(java.lang.Integer,double)]
[21:00:34|INFO |(org.springframework.web.servlet.mvc.method.annotation.RequestMappingHandlerMapping)]=[Mapped "{[/shop/admin/order/cancel-detail]}" onto public org.springframework.web.servlet.ModelAndView com.enation.app.shop.core.order.action.OrderController.cancelDetail(java.lang.Integer)]
[21:00:34|INFO |(org.springframework.web.servlet.mvc.method.annotation.RequestMappingHandlerMapping)]=[Mapped "{[/shop/admin/order/rog-confirm]}" onto public com.enation.framework.action.JsonResult com.enation.app.shop.core.order.action.OrderController.rogConfirm(java.lang.Integer)]
[21:00:34|INFO |(org.springframework.web.servlet.mvc.method.annotation.RequestMappingHandlerMapping)]=[Mapped "{[/shop/admin/order/list-json]}" onto public com.enation.framework.action.GridJsonResult com.enation.app.shop.core.order.action.OrderController.listJson(java.lang.String,java.lang.String,java.lang.String,java.lang.String,java.lang.Integer,java.lang.Integer,java.lang.Integer,java.lang.Integer,java.lang.Integer,java.lang.Integer,java.lang.String,java.lang.String)]
[21:00:34|INFO |(org.springframework.web.servlet.mvc.method.annotation.RequestMappingHandlerMapping)]=[Mapped "{[/shop/admin/order-print/ship-into]}" onto public org.springframework.web.servlet.ModelAndView com.enation.app.shop.core.order.action.OrderPrintController.showShipInto(java.lang.Integer)]
[21:00:34|INFO |(org.springframework.web.servlet.mvc.method.annotation.RequestMappingHandlerMapping)]=[Mapped "{[/shop/admin/order-print/ship-win]}" onto public org.springframework.web.servlet.ModelAndView com.enation.app.shop.core.order.action.OrderPrintController.shipWin(int)]
[21:00:34|INFO |(org.springframework.web.servlet.mvc.method.annotation.RequestMappingHandlerMapping)]=[Mapped "{[/shop/admin/order-print/save-ship-no]}" onto public com.enation.framework.action.JsonResult com.enation.app.shop.core.order.action.OrderPrintController.saveShipNo(java.lang.Integer[],java.lang.String[],java.lang.String[],java.lang.String)]
[21:00:34|INFO |(org.springframework.web.servlet.mvc.method.annotation.RequestMappingHandlerMapping)]=[Mapped "{[/shop/admin/order-print/express-script]}" onto public java.lang.Object com.enation.app.shop.core.order.action.OrderPrintController.expressScript(java.lang.Integer[])]
[21:00:34|INFO |(org.springframework.web.servlet.mvc.method.annotation.RequestMappingHandlerMapping)]=[Mapped "{[/shop/admin/order-print/ship-script]}" onto public java.lang.String com.enation.app.shop.core.order.action.OrderPrintController.shipScript(java.lang.Integer[])]
[21:00:34|INFO |(org.springframework.web.servlet.mvc.method.annotation.RequestMappingHandlerMapping)]=[Mapped "{[/shop/admin/order-print/batch-ship]}" onto public com.enation.framework.action.JsonResult com.enation.app.shop.core.order.action.OrderPrintController.batchShip(java.lang.Integer[])]
[21:00:34|INFO |(org.springframework.web.servlet.mvc.method.annotation.RequestMappingHandlerMapping)]=[Mapped "{[/shop/admin/order-print/ship]}" onto public com.enation.framework.action.JsonResult com.enation.app.shop.core.order.action.OrderPrintController.ship(java.lang.Integer[])]
[21:00:34|INFO |(org.springframework.web.servlet.mvc.method.annotation.RequestMappingHandlerMapping)]=[Mapped "{[/shop/admin/order-report/refund-list]}" onto public org.springframework.web.servlet.ModelAndView com.enation.app.shop.core.order.action.OrderReportController.refundList()]
[21:00:34|INFO |(org.springframework.web.servlet.mvc.method.annotation.RequestMappingHandlerMapping)]=[Mapped "{[/shop/admin/order-report/returned-list]}" onto public org.springframework.web.servlet.ModelAndView com.enation.app.shop.core.order.action.OrderReportController.returnedList(java.lang.Integer)]
[21:00:34|INFO |(org.springframework.web.servlet.mvc.method.annotation.RequestMappingHandlerMapping)]=[Mapped "{[/shop/admin/order-report/shipping-list-json]}" onto public com.enation.framework.action.GridJsonResult com.enation.app.shop.core.order.action.OrderReportController.shippingListJson(java.lang.String)]
[21:00:34|INFO |(org.springframework.web.servlet.mvc.method.annotation.RequestMappingHandlerMapping)]=[Mapped "{[/shop/admin/order-report/shipping-list]}" onto public java.lang.String com.enation.app.shop.core.order.action.OrderReportController.shippingList()]
[21:00:34|INFO |(org.springframework.web.servlet.mvc.method.annotation.RequestMappingHandlerMapping)]=[Mapped "{[/shop/admin/order-report/payment-list-json]}" onto public com.enation.framework.action.GridJsonResult com.enation.app.shop.core.order.action.OrderReportController.paymentListJson(java.lang.String,java.lang.Integer,java.lang.String,java.lang.String,java.lang.String,java.lang.String,java.lang.Integer,java.lang.Integer)]
[21:00:34|INFO |(org.springframework.web.servlet.mvc.method.annotation.RequestMappingHandlerMapping)]=[Mapped "{[/shop/admin/order-report/edit-refund]}" onto public com.enation.framework.action.JsonResult com.enation.app.shop.core.order.action.OrderReportController.editRefund(java.lang.Integer,java.lang.Integer,java.lang.Double,java.lang.String)]
[21:00:34|INFO |(org.springframework.web.servlet.mvc.method.annotation.RequestMappingHandlerMapping)]=[Mapped "{[/shop/admin/order-report/returned-list-json]}" onto public com.enation.framework.action.GridJsonResult com.enation.app.shop.core.order.action.OrderReportController.returnedListJson(java.lang.String,java.lang.String)]
[21:00:34|INFO |(org.springframework.web.servlet.mvc.method.annotation.RequestMappingHandlerMapping)]=[Mapped "{[/shop/admin/order-report/payment-list]}" onto public org.springframework.web.servlet.ModelAndView com.enation.app.shop.core.order.action.OrderReportController.paymentList()]
[21:00:34|INFO |(org.springframework.web.servlet.mvc.method.annotation.RequestMappingHandlerMapping)]=[Mapped "{[/shop/admin/order-report/manual-refund]}" onto public com.enation.framework.action.JsonResult com.enation.app.shop.core.order.action.OrderReportController.manualRefund(java.lang.Integer)]
[21:00:34|INFO |(org.springframework.web.servlet.mvc.method.annotation.RequestMappingHandlerMapping)]=[Mapped "{[/shop/admin/order-report/refund-list-json]}" onto public com.enation.framework.action.GridJsonResult com.enation.app.shop.core.order.action.OrderReportController.refundListJson(java.lang.String)]
[21:00:34|INFO |(org.springframework.web.servlet.mvc.method.annotation.RequestMappingHandlerMapping)]=[Mapped "{[/shop/admin/order-report/refund-detail]}" onto public org.springframework.web.servlet.ModelAndView com.enation.app.shop.core.order.action.OrderReportController.refundDetail(java.lang.Integer)]
[21:00:34|INFO |(org.springframework.web.servlet.mvc.method.annotation.RequestMappingHandlerMapping)]=[Mapped "{[/shop/admin/payCfg/add]}" onto public org.springframework.web.servlet.ModelAndView com.enation.app.shop.core.order.action.PayCfgController.add()]
[21:00:34|INFO |(org.springframework.web.servlet.mvc.method.annotation.RequestMappingHandlerMapping)]=[Mapped "{[/shop/admin/payCfg/delete]}" onto public com.enation.framework.action.JsonResult com.enation.app.shop.core.order.action.PayCfgController.delete(java.lang.Integer[])]
[21:00:34|INFO |(org.springframework.web.servlet.mvc.method.annotation.RequestMappingHandlerMapping)]=[Mapped "{[/shop/admin/payCfg/list]}" onto public java.lang.String com.enation.app.shop.core.order.action.PayCfgController.list()]
[21:00:34|INFO |(org.springframework.web.servlet.mvc.method.annotation.RequestMappingHandlerMapping)]=[Mapped "{[/shop/admin/payCfg/get-plugin-html],produces=[text/html;charset=UTF-8]}" onto public java.lang.String com.enation.app.shop.core.order.action.PayCfgController.getPluginHtml(java.lang.Integer,java.lang.String)]
[21:00:34|INFO |(org.springframework.web.servlet.mvc.method.annotation.RequestMappingHandlerMapping)]=[Mapped "{[/shop/admin/payCfg/list-json]}" onto public com.enation.framework.action.GridJsonResult com.enation.app.shop.core.order.action.PayCfgController.listJson()]
[21:00:34|INFO |(org.springframework.web.servlet.mvc.method.annotation.RequestMappingHandlerMapping)]=[Mapped "{[/shop/admin/payCfg/edit]}" onto public org.springframework.web.servlet.ModelAndView com.enation.app.shop.core.order.action.PayCfgController.edit(java.lang.Integer,java.lang.String)]
[21:00:34|INFO |(org.springframework.web.servlet.mvc.method.annotation.RequestMappingHandlerMapping)]=[Mapped "{[/shop/admin/payCfg/save-add]}" onto public java.lang.Object com.enation.app.shop.core.order.action.PayCfgController.saveAdd(java.lang.String,java.lang.String,java.lang.String,java.lang.String,java.lang.Integer,java.lang.Integer)]
[21:00:34|INFO |(org.springframework.web.servlet.mvc.method.annotation.RequestMappingHandlerMapping)]=[Mapped "{[/shop/admin/payCfg/save-edit]}" onto public com.enation.framework.action.JsonResult com.enation.app.shop.core.order.action.PayCfgController.saveEdit(java.lang.Integer,java.lang.String,java.lang.String,java.lang.String,java.lang.String,java.lang.Integer,java.lang.Integer)]
[21:00:34|INFO |(org.springframework.web.servlet.mvc.method.annotation.RequestMappingHandlerMapping)]=[Mapped "{[/shop/admin/payment/pay]}" onto public com.enation.framework.action.JsonResult com.enation.app.shop.core.order.action.PaymentController.pay(java.lang.Integer,java.lang.Double,int)]
[21:00:34|INFO |(org.springframework.web.servlet.mvc.method.annotation.RequestMappingHandlerMapping)]=[Mapped "{[/shop/admin/payment/show-pay-dialog]}" onto public org.springframework.web.servlet.ModelAndView com.enation.app.shop.core.order.action.PaymentController.showPayDialog(java.lang.Integer)]
[21:00:34|INFO |(org.springframework.web.servlet.mvc.method.annotation.RequestMappingHandlerMapping)]=[Mapped "{[/shop/admin/payment/show-dialog]}" onto public org.springframework.web.servlet.ModelAndView com.enation.app.shop.core.order.action.PaymentController.showDialog(java.lang.Integer)]
[21:00:34|INFO |(org.springframework.web.servlet.mvc.method.annotation.RequestMappingHandlerMapping)]=[Mapped "{[/shop/admin/payment/pay-log]}" onto public com.enation.framework.action.JsonResult com.enation.app.shop.core.order.action.PaymentController.payLog()]
[21:00:34|INFO |(org.springframework.web.servlet.mvc.method.annotation.RequestMappingHandlerMapping)]=[Mapped "{[/shop/admin/print-tmpl/add]}" onto public org.springframework.web.servlet.ModelAndView com.enation.app.shop.core.order.action.PrintTmplController.add()]
[21:00:34|INFO |(org.springframework.web.servlet.mvc.method.annotation.RequestMappingHandlerMapping)]=[Mapped "{[/shop/admin/print-tmpl/delete]}" onto public com.enation.framework.action.JsonResult com.enation.app.shop.core.order.action.PrintTmplController.delete(java.lang.Integer[])]
[21:00:34|INFO |(org.springframework.web.servlet.mvc.method.annotation.RequestMappingHandlerMapping)]=[Mapped "{[/shop/admin/print-tmpl/list]}" onto public org.springframework.web.servlet.ModelAndView com.enation.app.shop.core.order.action.PrintTmplController.list()]
[21:00:34|INFO |(org.springframework.web.servlet.mvc.method.annotation.RequestMappingHandlerMapping)]=[Mapped "{[/shop/admin/print-tmpl/list-json]}" onto public com.enation.framework.action.GridJsonResult com.enation.app.shop.core.order.action.PrintTmplController.listJson()]
[21:00:34|INFO |(org.springframework.web.servlet.mvc.method.annotation.RequestMappingHandlerMapping)]=[Mapped "{[/shop/admin/print-tmpl/edit]}" onto public org.springframework.web.servlet.ModelAndView com.enation.app.shop.core.order.action.PrintTmplController.edit(java.lang.Integer)]
[21:00:34|INFO |(org.springframework.web.servlet.mvc.method.annotation.RequestMappingHandlerMapping)]=[Mapped "{[/shop/admin/print-tmpl/save-add]}" onto public com.enation.framework.action.JsonResult com.enation.app.shop.core.order.action.PrintTmplController.saveAdd(com.enation.app.shop.core.order.model.PrintTmpl)]
[21:00:34|INFO |(org.springframework.web.servlet.mvc.method.annotation.RequestMappingHandlerMapping)]=[Mapped "{[/shop/admin/print-tmpl/save-edit]}" onto public com.enation.framework.action.JsonResult com.enation.app.shop.core.order.action.PrintTmplController.saveEdit(com.enation.app.shop.core.order.model.PrintTmpl)]
[21:00:34|INFO |(org.springframework.web.servlet.mvc.method.annotation.RequestMappingHandlerMapping)]=[Mapped "{[/shop/admin/sell-back/update]}" onto public com.enation.framework.action.JsonResult com.enation.app.shop.core.order.action.SellBackController.update(com.enation.app.shop.core.order.model.SellBack,java.lang.Integer[],java.lang.Integer[],java.lang.Integer[],java.lang.Integer[],int,int,java.lang.String)]
[21:00:34|INFO |(org.springframework.web.servlet.mvc.method.annotation.RequestMappingHandlerMapping)]=[Mapped "{[/shop/admin/sell-back/apply]}" onto public com.enation.framework.action.JsonResult com.enation.app.shop.core.order.action.SellBackController.apply(java.lang.Integer,java.lang.Integer[],java.lang.Integer[],java.lang.Integer[],java.lang.Integer[],java.lang.Double[],java.lang.Integer[],com.enation.app.shop.core.order.model.SellBack)]
[21:00:34|INFO |(org.springframework.web.servlet.mvc.method.annotation.RequestMappingHandlerMapping)]=[Mapped "{[/shop/admin/sell-back/cancel]}" onto public com.enation.framework.action.JsonResult com.enation.app.shop.core.order.action.SellBackController.cancel(com.enation.app.shop.core.order.model.SellBack,java.lang.Integer,java.lang.Integer,java.lang.Integer,java.lang.String)]
[21:00:34|INFO |(org.springframework.web.servlet.mvc.method.annotation.RequestMappingHandlerMapping)]=[Mapped "{[/shop/admin/sell-back/returned]}" onto public org.springframework.web.servlet.ModelAndView com.enation.app.shop.core.order.action.SellBackController.returned(int)]
[21:00:34|INFO |(org.springframework.web.servlet.mvc.method.annotation.RequestMappingHandlerMapping)]=[Mapped "{[/shop/admin/sell-back/refund-list]}" onto public org.springframework.web.servlet.ModelAndView com.enation.app.shop.core.order.action.SellBackController.refundList()]
[21:00:34|INFO |(org.springframework.web.servlet.mvc.method.annotation.RequestMappingHandlerMapping)]=[Mapped "{[/shop/admin/sell-back/search-sn]}" onto public com.enation.framework.action.JsonResult com.enation.app.shop.core.order.action.SellBackController.searchSn(java.lang.Integer)]
[21:00:34|INFO |(org.springframework.web.servlet.mvc.method.annotation.RequestMappingHandlerMapping)]=[Mapped "{[/shop/admin/sell-back/save-auth]}" onto public com.enation.framework.action.JsonResult com.enation.app.shop.core.order.action.SellBackController.saveAuth(java.lang.Integer,java.lang.Integer,java.lang.Integer,java.lang.Double,java.lang.String)]
[21:00:34|INFO |(org.springframework.web.servlet.mvc.method.annotation.RequestMappingHandlerMapping)]=[Mapped "{[/shop/admin/sell-back/auth-refund]}" onto public com.enation.framework.action.JsonResult com.enation.app.shop.core.order.action.SellBackController.authRefund(java.lang.Integer,java.lang.Integer,java.lang.String)]
[21:00:34|INFO |(org.springframework.web.servlet.mvc.method.annotation.RequestMappingHandlerMapping)]=[Mapped "{[/shop/admin/sell-back/add-sellback]}" onto public org.springframework.web.servlet.ModelAndView com.enation.app.shop.core.order.action.SellBackController.addSellback(java.lang.Integer)]
[21:00:34|INFO |(org.springframework.web.servlet.mvc.method.annotation.RequestMappingHandlerMapping)]=[Mapped "{[/shop/admin/sell-back/add-refund]}" onto public org.springframework.web.servlet.ModelAndView com.enation.app.shop.core.order.action.SellBackController.addRefund(java.lang.Integer)]
[21:00:34|INFO |(org.springframework.web.servlet.mvc.method.annotation.RequestMappingHandlerMapping)]=[Mapped "{[/shop/admin/sell-back/save-refund]}" onto public com.enation.framework.action.JsonResult com.enation.app.shop.core.order.action.SellBackController.saveRefund(com.enation.app.shop.core.order.model.SellBack)]
[21:00:34|INFO |(org.springframework.web.servlet.mvc.method.annotation.RequestMappingHandlerMapping)]=[Mapped "{[/shop/admin/sell-back/refund-list-json]}" onto public com.enation.framework.action.GridJsonResult com.enation.app.shop.core.order.action.SellBackController.refundListJson()]
[21:00:34|INFO |(org.springframework.web.servlet.mvc.method.annotation.RequestMappingHandlerMapping)]=[Mapped "{[/shop/admin/sell-back/refund-detail]}" onto public org.springframework.web.servlet.ModelAndView com.enation.app.shop.core.order.action.SellBackController.refundDetail(java.lang.Integer)]
[21:00:34|INFO |(org.springframework.web.servlet.mvc.method.annotation.RequestMappingHandlerMapping)]=[Mapped "{[/shop/admin/sell-back/auth]}" onto public org.springframework.web.servlet.ModelAndView com.enation.app.shop.core.order.action.SellBackController.auth(java.lang.Integer)]
[21:00:34|INFO |(org.springframework.web.servlet.mvc.method.annotation.RequestMappingHandlerMapping)]=[Mapped "{[/shop/admin/activity/add]}" onto public org.springframework.web.servlet.ModelAndView com.enation.app.shop.core.other.controller.ActivityController.add()]
[21:00:34|INFO |(org.springframework.web.servlet.mvc.method.annotation.RequestMappingHandlerMapping)]=[Mapped "{[/shop/admin/activity/delete]}" onto public com.enation.framework.action.JsonResult com.enation.app.shop.core.other.controller.ActivityController.delete(java.lang.Integer)]
[21:00:34|INFO |(org.springframework.web.servlet.mvc.method.annotation.RequestMappingHandlerMapping)]=[Mapped "{[/shop/admin/activity/list]}" onto public org.springframework.web.servlet.ModelAndView com.enation.app.shop.core.other.controller.ActivityController.list()]
[21:00:34|INFO |(org.springframework.web.servlet.mvc.method.annotation.RequestMappingHandlerMapping)]=[Mapped "{[/shop/admin/activity/list-goods-json-map]}" onto public com.enation.framework.action.GridJsonResult com.enation.app.shop.core.other.controller.ActivityController.listGoodsJsonMap(java.lang.String,java.lang.Integer)]
[21:00:34|INFO |(org.springframework.web.servlet.mvc.method.annotation.RequestMappingHandlerMapping)]=[Mapped "{[/shop/admin/activity/list-goods-json]}" onto public com.enation.framework.action.GridJsonResult com.enation.app.shop.core.other.controller.ActivityController.listGoodsJson(java.lang.String,java.lang.Integer)]
[21:00:34|INFO |(org.springframework.web.servlet.mvc.method.annotation.RequestMappingHandlerMapping)]=[Mapped "{[/shop/admin/activity/list-json]}" onto public com.enation.framework.action.GridJsonResult com.enation.app.shop.core.other.controller.ActivityController.listJson(java.lang.Integer,java.lang.Integer,java.lang.String,java.lang.Integer,java.lang.Integer,java.lang.String,java.lang.String)]
[21:00:34|INFO |(org.springframework.web.servlet.mvc.method.annotation.RequestMappingHandlerMapping)]=[Mapped "{[/shop/admin/activity/edit]}" onto public org.springframework.web.servlet.ModelAndView com.enation.app.shop.core.other.controller.ActivityController.edit(java.lang.Integer)]
[21:00:34|INFO |(org.springframework.web.servlet.mvc.method.annotation.RequestMappingHandlerMapping)]=[Mapped "{[/shop/admin/activity/save-add]}" onto public com.enation.framework.action.JsonResult com.enation.app.shop.core.other.controller.ActivityController.saveAdd(com.enation.app.shop.core.other.model.Activity,com.enation.app.shop.core.other.model.ActivityDetail,java.lang.String,java.lang.String,java.lang.Integer[])]
[21:00:34|INFO |(org.springframework.web.servlet.mvc.method.annotation.RequestMappingHandlerMapping)]=[Mapped "{[/shop/admin/activity/save-edit]}" onto public com.enation.framework.action.JsonResult com.enation.app.shop.core.other.controller.ActivityController.saveEdit(com.enation.app.shop.core.other.model.Activity,com.enation.app.shop.core.other.model.ActivityDetail,java.lang.String,java.lang.String,java.lang.Integer[])]
[21:00:34|INFO |(org.springframework.web.servlet.mvc.method.annotation.RequestMappingHandlerMapping)]=[Mapped "{[/shop/admin/gift/add]}" onto public java.lang.String com.enation.app.shop.core.other.controller.ActivityGiftController.add()]
[21:00:34|INFO |(org.springframework.web.servlet.mvc.method.annotation.RequestMappingHandlerMapping)]=[Mapped "{[/shop/admin/gift/delete]}" onto public com.enation.framework.action.JsonResult com.enation.app.shop.core.other.controller.ActivityGiftController.delete(java.lang.Integer)]
[21:00:34|INFO |(org.springframework.web.servlet.mvc.method.annotation.RequestMappingHandlerMapping)]=[Mapped "{[/shop/admin/gift/list]}" onto public org.springframework.web.servlet.ModelAndView com.enation.app.shop.core.other.controller.ActivityGiftController.list()]
[21:00:34|INFO |(org.springframework.web.servlet.mvc.method.annotation.RequestMappingHandlerMapping)]=[Mapped "{[/shop/admin/gift/list-json]}" onto public com.enation.framework.action.GridJsonResult com.enation.app.shop.core.other.controller.ActivityGiftController.listJson(java.lang.String)]
[21:00:34|INFO |(org.springframework.web.servlet.mvc.method.annotation.RequestMappingHandlerMapping)]=[Mapped "{[/shop/admin/gift/edit]}" onto public org.springframework.web.servlet.ModelAndView com.enation.app.shop.core.other.controller.ActivityGiftController.edit(java.lang.Integer)]
[21:00:34|INFO |(org.springframework.web.servlet.mvc.method.annotation.RequestMappingHandlerMapping)]=[Mapped "{[/shop/admin/gift/save-add]}" onto public com.enation.framework.action.JsonResult com.enation.app.shop.core.other.controller.ActivityGiftController.saveAdd(com.enation.app.shop.core.other.model.ActivityGift)]
[21:00:34|INFO |(org.springframework.web.servlet.mvc.method.annotation.RequestMappingHandlerMapping)]=[Mapped "{[/shop/admin/gift/save-edit]}" onto public com.enation.framework.action.JsonResult com.enation.app.shop.core.other.controller.ActivityGiftController.saveEdit(com.enation.app.shop.core.other.model.ActivityGift)]
[21:00:34|INFO |(org.springframework.web.servlet.mvc.method.annotation.RequestMappingHandlerMapping)]=[Mapped "{[/shop/admin/express/list]}" onto public java.lang.String com.enation.app.shop.core.other.controller.ExpressController.list()]
[21:00:34|INFO |(org.springframework.web.servlet.mvc.method.annotation.RequestMappingHandlerMapping)]=[Mapped "{[/shop/admin/express/set-open]}" onto public com.enation.framework.action.JsonResult com.enation.app.shop.core.other.controller.ExpressController.setOpen(java.lang.Integer)]
[21:00:34|INFO |(org.springframework.web.servlet.mvc.method.annotation.RequestMappingHandlerMapping)]=[Mapped "{[/shop/admin/express/list-json]}" onto public com.enation.framework.action.GridJsonResult com.enation.app.shop.core.other.controller.ExpressController.listJson()]
[21:00:34|INFO |(org.springframework.web.servlet.mvc.method.annotation.RequestMappingHandlerMapping)]=[Mapped "{[/shop/admin/express/edit]}" onto public org.springframework.web.servlet.ModelAndView com.enation.app.shop.core.other.controller.ExpressController.edit(java.lang.Integer,java.lang.String)]
[21:00:34|INFO |(org.springframework.web.servlet.mvc.method.annotation.RequestMappingHandlerMapping)]=[Mapped "{[/shop/admin/express/save-edit]}" onto public com.enation.framework.action.JsonResult com.enation.app.shop.core.other.controller.ExpressController.saveEdit(java.lang.Integer)]
[21:00:34|INFO |(org.springframework.web.servlet.mvc.method.annotation.RequestMappingHandlerMapping)]=[Mapped "{[/shop/admin/logs/list]}" onto public org.springframework.web.servlet.ModelAndView com.enation.app.shop.core.other.controller.LogsController.list()]
[21:00:34|INFO |(org.springframework.web.servlet.mvc.method.annotation.RequestMappingHandlerMapping)]=[Mapped "{[/shop/admin/logs/list-json]}" onto public com.enation.framework.action.GridJsonResult com.enation.app.shop.core.other.controller.LogsController.listJson(java.lang.String,java.lang.String,java.lang.String,java.lang.String,java.lang.Integer)]
[21:00:34|INFO |(org.springframework.web.servlet.mvc.method.annotation.RequestMappingHandlerMapping)]=[Mapped "{[/shop/admin/receipt/add]}" onto public org.springframework.web.servlet.ModelAndView com.enation.app.shop.core.other.controller.ReceiptController.add() throws java.lang.Exception]
[21:00:34|INFO |(org.springframework.web.servlet.mvc.method.annotation.RequestMappingHandlerMapping)]=[Mapped "{[/shop/admin/receipt/delete]}" onto public com.enation.framework.action.JsonResult com.enation.app.shop.core.other.controller.ReceiptController.delete(java.lang.Integer)]
[21:00:34|INFO |(org.springframework.web.servlet.mvc.method.annotation.RequestMappingHandlerMapping)]=[Mapped "{[/shop/admin/receipt/list]}" onto public org.springframework.web.servlet.ModelAndView com.enation.app.shop.core.other.controller.ReceiptController.list()]
[21:00:34|INFO |(org.springframework.web.servlet.mvc.method.annotation.RequestMappingHandlerMapping)]=[Mapped "{[/shop/admin/receipt/view-history]}" onto public org.springframework.web.servlet.ModelAndView com.enation.app.shop.core.other.controller.ReceiptController.viewHistory() throws java.lang.Exception]
[21:00:34|INFO |(org.springframework.web.servlet.mvc.method.annotation.RequestMappingHandlerMapping)]=[Mapped "{[/shop/admin/receipt/history-list]}" onto public org.springframework.web.servlet.ModelAndView com.enation.app.shop.core.other.controller.ReceiptController.hostoryList()]
[21:00:34|INFO |(org.springframework.web.servlet.mvc.method.annotation.RequestMappingHandlerMapping)]=[Mapped "{[/shop/admin/receipt/history-list-json]}" onto public com.enation.framework.action.GridJsonResult com.enation.app.shop.core.other.controller.ReceiptController.historyListJson()]
[21:00:34|INFO |(org.springframework.web.servlet.mvc.method.annotation.RequestMappingHandlerMapping)]=[Mapped "{[/shop/admin/receipt/list-json]}" onto public com.enation.framework.action.GridJsonResult com.enation.app.shop.core.other.controller.ReceiptController.listJson()]
[21:00:34|INFO |(org.springframework.web.servlet.mvc.method.annotation.RequestMappingHandlerMapping)]=[Mapped "{[/shop/admin/receipt/edit]}" onto public org.springframework.web.servlet.ModelAndView com.enation.app.shop.core.other.controller.ReceiptController.edit(java.lang.Integer,com.enation.app.shop.core.other.model.ReceiptContent) throws java.lang.Exception]
[21:00:34|INFO |(org.springframework.web.servlet.mvc.method.annotation.RequestMappingHandlerMapping)]=[Mapped "{[/shop/admin/receipt/add-save]}" onto public com.enation.framework.action.JsonResult com.enation.app.shop.core.other.controller.ReceiptController.addSave(com.enation.app.shop.core.other.model.ReceiptContent) throws java.lang.Exception]
[21:00:34|INFO |(org.springframework.web.servlet.mvc.method.annotation.RequestMappingHandlerMapping)]=[Mapped "{[/shop/admin/receipt/edit-save]}" onto public com.enation.framework.action.JsonResult com.enation.app.shop.core.other.controller.ReceiptController.editSave(com.enation.app.shop.core.other.model.ReceiptContent) throws java.lang.Exception]
[21:00:34|INFO |(org.springframework.web.servlet.mvc.method.annotation.RequestMappingHandlerMapping)]=[Mapped "{[/shop/admin/region/add]}" onto public java.lang.String com.enation.app.shop.core.other.controller.RegionController.add()]
[21:00:34|INFO |(org.springframework.web.servlet.mvc.method.annotation.RequestMappingHandlerMapping)]=[Mapped "{[/shop/admin/region/delete]}" onto public com.enation.framework.action.JsonResult com.enation.app.shop.core.other.controller.RegionController.delete(java.lang.Integer)]
[21:00:34|INFO |(org.springframework.web.servlet.mvc.method.annotation.RequestMappingHandlerMapping)]=[Mapped "{[/shop/admin/region/list]}" onto public java.lang.String com.enation.app.shop.core.other.controller.RegionController.list()]
[21:00:34|INFO |(org.springframework.web.servlet.mvc.method.annotation.RequestMappingHandlerMapping)]=[Mapped "{[/shop/admin/region/reset]}" onto public com.enation.framework.action.JsonResult com.enation.app.shop.core.other.controller.RegionController.reset()]
[21:00:34|INFO |(org.springframework.web.servlet.mvc.method.annotation.RequestMappingHandlerMapping)]=[Mapped "{[/shop/admin/region/children]}" onto public org.springframework.web.servlet.ModelAndView com.enation.app.shop.core.other.controller.RegionController.children(java.lang.Integer)]
[21:00:34|INFO |(org.springframework.web.servlet.mvc.method.annotation.RequestMappingHandlerMapping)]=[Mapped "{[/shop/admin/region/get-children]}" onto public java.lang.String com.enation.app.shop.core.other.controller.RegionController.getChildren(java.lang.Integer)]
[21:00:34|INFO |(org.springframework.web.servlet.mvc.method.annotation.RequestMappingHandlerMapping)]=[Mapped "{[/shop/admin/region/save-add-children]}" onto public com.enation.framework.action.JsonResult com.enation.app.shop.core.other.controller.RegionController.saveAddchildren(com.enation.app.base.core.model.Regions)]
[21:00:34|INFO |(org.springframework.web.servlet.mvc.method.annotation.RequestMappingHandlerMapping)]=[Mapped "{[/shop/admin/region/list-children]}" onto public java.lang.Object com.enation.app.shop.core.other.controller.RegionController.listChildren(java.lang.Integer)]
[21:00:34|INFO |(org.springframework.web.servlet.mvc.method.annotation.RequestMappingHandlerMapping)]=[Mapped "{[/shop/admin/region/edit]}" onto public org.springframework.web.servlet.ModelAndView com.enation.app.shop.core.other.controller.RegionController.edit(java.lang.Integer)]
[21:00:34|INFO |(org.springframework.web.servlet.mvc.method.annotation.RequestMappingHandlerMapping)]=[Mapped "{[/shop/admin/region/save-add]}" onto public com.enation.framework.action.JsonResult com.enation.app.shop.core.other.controller.RegionController.saveAdd(com.enation.app.base.core.model.Regions)]
[21:00:34|INFO |(org.springframework.web.servlet.mvc.method.annotation.RequestMappingHandlerMapping)]=[Mapped "{[/shop/admin/region/save-edit]}" onto public com.enation.framework.action.JsonResult com.enation.app.shop.core.other.controller.RegionController.saveEdit(com.enation.app.base.core.model.Regions)]
[21:00:34|INFO |(org.springframework.web.servlet.mvc.method.annotation.RequestMappingHandlerMapping)]=[Mapped "{[/shop/admin/indexItem/order]}" onto public org.springframework.web.servlet.ModelAndView com.enation.app.shop.core.other.controller.ShopIndexItemController.order()]
[21:00:34|INFO |(org.springframework.web.servlet.mvc.method.annotation.RequestMappingHandlerMapping)]=[Mapped "{[/shop/admin/indexItem/goods]}" onto public org.springframework.web.servlet.ModelAndView com.enation.app.shop.core.other.controller.ShopIndexItemController.goods()]
[21:00:34|INFO |(org.springframework.web.servlet.mvc.method.annotation.RequestMappingHandlerMapping)]=[Mapped "{[/shop/admin/flowStatistics/get-goods-flow-statistics]}" onto public java.lang.Object com.enation.app.shop.core.statistics.action.FlowStatisticsController.getGoodsFlowStatistics(java.lang.String,java.lang.String)]
[21:00:34|INFO |(org.springframework.web.servlet.mvc.method.annotation.RequestMappingHandlerMapping)]=[Mapped "{[/shop/admin/flowStatistics/flow-statistics-html]}" onto public java.lang.String com.enation.app.shop.core.statistics.action.FlowStatisticsController.flowStatisticsHtml()]
[21:00:34|INFO |(org.springframework.web.servlet.mvc.method.annotation.RequestMappingHandlerMapping)]=[Mapped "{[/shop/admin/flowStatistics/get-flow-statistics]}" onto public java.lang.Object com.enation.app.shop.core.statistics.action.FlowStatisticsController.getFlowStatistics(java.lang.String,java.lang.String)]
[21:00:34|INFO |(org.springframework.web.servlet.mvc.method.annotation.RequestMappingHandlerMapping)]=[Mapped "{[/shop/admin/flowStatistics/goods-flow-statistics-html]}" onto public java.lang.String com.enation.app.shop.core.statistics.action.FlowStatisticsController.goodsFlowStatisticsHtml()]
[21:00:34|INFO |(org.springframework.web.servlet.mvc.method.annotation.RequestMappingHandlerMapping)]=[Mapped "{[/shop/admin/goodsStatis/goods-sales-detail-json]}" onto public com.enation.framework.action.GridJsonResult com.enation.app.shop.core.statistics.action.GoodsStatisticsController.goodsSalesDetailJson(java.lang.Integer,java.lang.Integer,java.lang.Integer,java.lang.Integer,java.lang.String)]
[21:00:34|INFO |(org.springframework.web.servlet.mvc.method.annotation.RequestMappingHandlerMapping)]=[Mapped "{[/shop/admin/goodsStatis/get-hot-goods-money-json]}" onto public com.enation.framework.action.JsonResult com.enation.app.shop.core.statistics.action.GoodsStatisticsController.getHotGoodsMoneyJson(java.lang.Integer,java.lang.Integer,java.lang.Integer,java.lang.Integer)]
[21:00:34|INFO |(org.springframework.web.servlet.mvc.method.annotation.RequestMappingHandlerMapping)]=[Mapped "{[/shop/admin/goodsStatis/get-hot-goods-num-json]}" onto public com.enation.framework.action.JsonResult com.enation.app.shop.core.statistics.action.GoodsStatisticsController.getHotGoodsNumJson(java.lang.Integer,java.lang.Integer,java.lang.Integer,java.lang.Integer)]
[21:00:34|INFO |(org.springframework.web.servlet.mvc.method.annotation.RequestMappingHandlerMapping)]=[Mapped "{[/shop/admin/goodsStatis/get-price-sales-json]}" onto public java.lang.Object com.enation.app.shop.core.statistics.action.GoodsStatisticsController.getPriceSalesJson(java.lang.Integer,java.lang.Integer,java.lang.Integer,java.lang.Integer)]
[21:00:34|INFO |(org.springframework.web.servlet.mvc.method.annotation.RequestMappingHandlerMapping)]=[Mapped "{[/shop/admin/goodsStatis/get-hot-goods-money]}" onto public java.lang.String com.enation.app.shop.core.statistics.action.GoodsStatisticsController.getHotGoodsMoney(java.lang.Integer,java.lang.Integer,java.lang.Integer,java.lang.Integer)]
[21:00:34|INFO |(org.springframework.web.servlet.mvc.method.annotation.RequestMappingHandlerMapping)]=[Mapped "{[/shop/admin/goodsStatis/goods-sales-detail]}" onto public org.springframework.web.servlet.ModelAndView com.enation.app.shop.core.statistics.action.GoodsStatisticsController.goodsSalesDetail(java.lang.Integer,java.lang.Integer,java.lang.Integer)]
[21:00:34|INFO |(org.springframework.web.servlet.mvc.method.annotation.RequestMappingHandlerMapping)]=[Mapped "{[/shop/admin/goodsStatis/goods-collect]}" onto public org.springframework.web.servlet.ModelAndView com.enation.app.shop.core.statistics.action.GoodsStatisticsController.goodsCollect()]
[21:00:34|INFO |(org.springframework.web.servlet.mvc.method.annotation.RequestMappingHandlerMapping)]=[Mapped "{[/shop/admin/goodsStatis/hot-goods]}" onto public org.springframework.web.servlet.ModelAndView com.enation.app.shop.core.statistics.action.GoodsStatisticsController.hotgoods(java.lang.Integer,java.lang.Integer,java.lang.Integer,java.lang.Integer,java.lang.Integer)]
[21:00:34|INFO |(org.springframework.web.servlet.mvc.method.annotation.RequestMappingHandlerMapping)]=[Mapped "{[/shop/admin/goodsStatis/get_price_range_html]}" onto public java.lang.String com.enation.app.shop.core.statistics.action.GoodsStatisticsController.priceRange()]
[21:00:34|INFO |(org.springframework.web.servlet.mvc.method.annotation.RequestMappingHandlerMapping)]=[Mapped "{[/shop/admin/goodsStatis/get-hot-goods-num]}" onto public java.lang.String com.enation.app.shop.core.statistics.action.GoodsStatisticsController.getHotGoodsNum(java.lang.Integer,java.lang.Integer,java.lang.Integer,java.lang.Integer)]
[21:00:34|INFO |(org.springframework.web.servlet.mvc.method.annotation.RequestMappingHandlerMapping)]=[Mapped "{[/shop/admin/goodsStatis/get-collect-json]}" onto public com.enation.framework.action.GridJsonResult com.enation.app.shop.core.statistics.action.GoodsStatisticsController.getCollectList()]
[21:00:34|INFO |(org.springframework.web.servlet.mvc.method.annotation.RequestMappingHandlerMapping)]=[Mapped "{[/shop/admin/goodsStatis/price-sales]}" onto public java.lang.String com.enation.app.shop.core.statistics.action.GoodsStatisticsController.priceSales()]
[21:00:34|INFO |(org.springframework.web.servlet.mvc.method.annotation.RequestMappingHandlerMapping)]=[Mapped "{[/shop/admin/industryStatistics/show-page]}" onto public java.lang.String com.enation.app.shop.core.statistics.action.IndustryStatisticsController.showPage()]
[21:00:34|INFO |(org.springframework.web.servlet.mvc.method.annotation.RequestMappingHandlerMapping)]=[Mapped "{[/shop/admin/industryStatistics/industry-order]}" onto public org.springframework.web.servlet.ModelAndView com.enation.app.shop.core.statistics.action.IndustryStatisticsController.IndustryOrder(int,int,int)]
[21:00:34|INFO |(org.springframework.web.servlet.mvc.method.annotation.RequestMappingHandlerMapping)]=[Mapped "{[/shop/admin/industryStatistics/industry-price]}" onto public org.springframework.web.servlet.ModelAndView com.enation.app.shop.core.statistics.action.IndustryStatisticsController.IndustryPrice(int,int,int)]
[21:00:34|INFO |(org.springframework.web.servlet.mvc.method.annotation.RequestMappingHandlerMapping)]=[Mapped "{[/shop/admin/industryStatistics/collect-data]}" onto public com.enation.framework.action.GridJsonResult com.enation.app.shop.core.statistics.action.IndustryStatisticsController.collectData(int)]
[21:00:34|INFO |(org.springframework.web.servlet.mvc.method.annotation.RequestMappingHandlerMapping)]=[Mapped "{[/shop/admin/industryStatistics/industry-goods]}" onto public org.springframework.web.servlet.ModelAndView com.enation.app.shop.core.statistics.action.IndustryStatisticsController.IndustryGoods(int,int,int)]
[21:00:34|INFO |(org.springframework.web.servlet.mvc.method.annotation.RequestMappingHandlerMapping)]=[Mapped "{[/shop/admin/industryStatistics/show-collect]}" onto public org.springframework.web.servlet.ModelAndView com.enation.app.shop.core.statistics.action.IndustryStatisticsController.showCollect(int)]
[21:00:34|INFO |(org.springframework.web.servlet.mvc.method.annotation.RequestMappingHandlerMapping)]=[Mapped "{[/shop/admin/memberStatistics/order-price-statistics-html]}" onto public java.lang.String com.enation.app.shop.core.statistics.action.MemberStatisticsController.orderPriceStatisticsHtml()]
[21:00:34|INFO |(org.springframework.web.servlet.mvc.method.annotation.RequestMappingHandlerMapping)]=[Mapped "{[/shop/admin/memberStatistics/goods-num-statistics-html]}" onto public java.lang.String com.enation.app.shop.core.statistics.action.MemberStatisticsController.goodsNumStatisticsHtml()]
[21:00:34|INFO |(org.springframework.web.servlet.mvc.method.annotation.RequestMappingHandlerMapping)]=[Mapped "{[/shop/admin/memberStatistics/member-analysis-html]}" onto public java.lang.String com.enation.app.shop.core.statistics.action.MemberStatisticsController.memberAnalysisHtml()]
[21:00:34|INFO |(org.springframework.web.servlet.mvc.method.annotation.RequestMappingHandlerMapping)]=[Mapped "{[/shop/admin/memberStatistics/get-price-range-html]}" onto public java.lang.String com.enation.app.shop.core.statistics.action.MemberStatisticsController.getPriceRangeHtml()]
[21:00:34|INFO |(org.springframework.web.servlet.mvc.method.annotation.RequestMappingHandlerMapping)]=[Mapped "{[/shop/admin/memberStatistics/order-num-statistics-html]}" onto public java.lang.String com.enation.app.shop.core.statistics.action.MemberStatisticsController.orderNumStatisticsHtml()]
[21:00:34|INFO |(org.springframework.web.servlet.mvc.method.annotation.RequestMappingHandlerMapping)]=[Mapped "{[/shop/admin/memberStatistics/get-goods-num-top]}" onto public java.lang.Object com.enation.app.shop.core.statistics.action.MemberStatisticsController.getGoodsNumTop(java.lang.String,java.lang.String)]
[21:00:34|INFO |(org.springframework.web.servlet.mvc.method.annotation.RequestMappingHandlerMapping)]=[Mapped "{[/shop/admin/memberStatistics/add-member-num-html]}" onto public java.lang.String com.enation.app.shop.core.statistics.action.MemberStatisticsController.addMemberNumHtml()]
[21:00:34|INFO |(org.springframework.web.servlet.mvc.method.annotation.RequestMappingHandlerMapping)]=[Mapped "{[/shop/admin/memberStatistics/get-order-num-top]}" onto public java.lang.Object com.enation.app.shop.core.statistics.action.MemberStatisticsController.getOrderNumTop(java.lang.String,java.lang.String)]
[21:00:34|INFO |(org.springframework.web.servlet.mvc.method.annotation.RequestMappingHandlerMapping)]=[Mapped "{[/shop/admin/memberStatistics/get-order-price-dis]}" onto public java.lang.Object com.enation.app.shop.core.statistics.action.MemberStatisticsController.getOrderPriceDis(java.lang.String,java.lang.String,java.lang.Integer[])]
[21:00:34|INFO |(org.springframework.web.servlet.mvc.method.annotation.RequestMappingHandlerMapping)]=[Mapped "{[/shop/admin/memberStatistics/get-buy-time-dis]}" onto public java.lang.Object com.enation.app.shop.core.statistics.action.MemberStatisticsController.getBuyTimeDis(java.lang.String,java.lang.String)]
[21:00:34|INFO |(org.springframework.web.servlet.mvc.method.annotation.RequestMappingHandlerMapping)]=[Mapped "{[/shop/admin/memberStatistics/get-order-price-top]}" onto public java.lang.Object com.enation.app.shop.core.statistics.action.MemberStatisticsController.getOrderPriceTop(java.lang.String,java.lang.String)]
[21:00:34|INFO |(org.springframework.web.servlet.mvc.method.annotation.RequestMappingHandlerMapping)]=[Mapped "{[/shop/admin/memberStatistics/buy-analysis-html]}" onto public java.lang.String com.enation.app.shop.core.statistics.action.MemberStatisticsController.buyAnalysisHtml()]
[21:00:34|INFO |(org.springframework.web.servlet.mvc.method.annotation.RequestMappingHandlerMapping)]=[Mapped "{[/shop/admin/memberStatistics/get-add-member-num]}" onto public java.lang.Object com.enation.app.shop.core.statistics.action.MemberStatisticsController.getAddMemberNum(java.lang.String,java.lang.String,java.lang.String,java.lang.String,java.lang.Integer)]
[21:00:34|INFO |(org.springframework.web.servlet.mvc.method.annotation.RequestMappingHandlerMapping)]=[Mapped "{[/shop/admin/memberStatistics/get-buy-fre]}" onto public java.lang.Object com.enation.app.shop.core.statistics.action.MemberStatisticsController.getBuyFre(java.lang.String,java.lang.String)]
[21:00:34|INFO |(org.springframework.web.servlet.mvc.method.annotation.RequestMappingHandlerMapping)]=[Mapped "{[/shop/admin/orderReturnedStatistics/returned-statistics-json]}" onto public java.lang.Object com.enation.app.shop.core.statistics.action.OrderReturnedStatisticsController.returnedStatisticsJson(java.lang.Integer,java.lang.Integer,java.lang.Integer)]
[21:00:34|INFO |(org.springframework.web.servlet.mvc.method.annotation.RequestMappingHandlerMapping)]=[Mapped "{[/shop/admin/orderReturnedStatistics/returned-statistics]}" onto public org.springframework.web.servlet.ModelAndView com.enation.app.shop.core.statistics.action.OrderReturnedStatisticsController.returnedStatistics(java.lang.Integer,java.lang.Integer,java.lang.Integer)]
[21:00:34|INFO |(org.springframework.web.servlet.mvc.method.annotation.RequestMappingHandlerMapping)]=[Mapped "{[/shop/admin/regionOrderStatistics/region-type-list-json]}" onto public java.lang.Object com.enation.app.shop.core.statistics.action.RegionOrderStatisticsController.regionTypeListJson(java.lang.String,java.lang.Integer,java.lang.Integer,java.lang.Integer,java.lang.Integer)]
[21:00:34|INFO |(org.springframework.web.servlet.mvc.method.annotation.RequestMappingHandlerMapping)]=[Mapped "{[/shop/admin/regionOrderStatistics/region-list]}" onto public java.lang.String com.enation.app.shop.core.statistics.action.RegionOrderStatisticsController.regionList()]
[21:00:34|INFO |(org.springframework.web.servlet.mvc.method.annotation.RequestMappingHandlerMapping)]=[Mapped "{[/shop/admin/regionOrderStatistics/region-list-json]}" onto public com.enation.framework.action.GridJsonResult com.enation.app.shop.core.statistics.action.RegionOrderStatisticsController.regionListJson(java.lang.Integer,java.lang.Integer,java.lang.Integer,java.lang.Integer)]
[21:00:34|INFO |(org.springframework.web.servlet.mvc.method.annotation.RequestMappingHandlerMapping)]=[Mapped "{[/shop/admin/salesStatis/sale-income-totle-json]}" onto public java.lang.Object com.enation.app.shop.core.statistics.action.SalesStatisticsController.saleIncomeTotleJson(java.lang.Integer,java.lang.Integer,java.lang.Double,java.lang.Double,java.lang.Double)]
[21:00:34|INFO |(org.springframework.web.servlet.mvc.method.annotation.RequestMappingHandlerMapping)]=[Mapped "{[/shop/admin/salesStatis/get-sale-num-json]}" onto public java.lang.Object com.enation.app.shop.core.statistics.action.SalesStatisticsController.getSaleNumJson(java.lang.Integer,java.lang.Integer,java.lang.Integer,java.lang.Integer)]
[21:00:34|INFO |(org.springframework.web.servlet.mvc.method.annotation.RequestMappingHandlerMapping)]=[Mapped "{[/shop/admin/salesStatis/order-statis]}" onto public org.springframework.web.servlet.ModelAndView com.enation.app.shop.core.statistics.action.SalesStatisticsController.orderStatis(java.lang.Integer,java.lang.Integer,java.lang.Integer,java.lang.Integer,java.util.Map,java.lang.String,java.lang.Integer)]
[21:00:34|INFO |(org.springframework.web.servlet.mvc.method.annotation.RequestMappingHandlerMapping)]=[Mapped "{[/shop/admin/salesStatis/get-sale-money-json]}" onto public java.lang.Object com.enation.app.shop.core.statistics.action.SalesStatisticsController.getSaleMoneyJson(java.lang.Integer,java.lang.Integer,java.lang.Integer,java.lang.Integer)]
[21:00:34|INFO |(org.springframework.web.servlet.mvc.method.annotation.RequestMappingHandlerMapping)]=[Mapped "{[/shop/admin/salesStatis/sale-income-json]}" onto public com.enation.framework.action.GridJsonResult com.enation.app.shop.core.statistics.action.SalesStatisticsController.saleIncomeJson(java.lang.Integer,java.lang.Integer)]
[21:00:34|INFO |(org.springframework.web.servlet.mvc.method.annotation.RequestMappingHandlerMapping)]=[Mapped "{[/shop/admin/salesStatis/sale-income]}" onto public org.springframework.web.servlet.ModelAndView com.enation.app.shop.core.statistics.action.SalesStatisticsController.saleIncome(java.lang.Integer,java.lang.Integer,java.lang.Double,java.lang.Double,java.lang.Double)]
[21:00:34|INFO |(org.springframework.web.servlet.mvc.method.annotation.RequestMappingHandlerMapping)]=[Mapped "{[/api/core/showcase/refresh]}" onto public com.enation.framework.action.JsonResult com.enation.app.shop.front.api.decorate.ShowCaseApiController.refresh(java.lang.Integer)]
[21:00:34|INFO |(org.springframework.web.servlet.mvc.method.annotation.RequestMappingHandlerMapping)]=[Mapped "{[/api/shop/goods/search],produces=[application/json]}" onto public java.lang.String com.enation.app.shop.front.api.goods.GoodsApiController.search(java.lang.Integer,java.lang.Integer,java.lang.String,java.lang.Integer)]
[21:00:34|INFO |(org.springframework.web.servlet.mvc.method.annotation.RequestMappingHandlerMapping)]=[Mapped "{[/api/shop/goods/product-snapshot-list],produces=[application/json]}" onto public java.lang.Object com.enation.app.shop.front.api.goods.GoodsApiController.productSnapshotList(int,int,int)]
[21:00:34|INFO |(org.springframework.web.servlet.mvc.method.annotation.RequestMappingHandlerMapping)]=[Mapped "{[/api/shop/goods/preview],produces=[application/json]}" onto public org.springframework.web.servlet.ModelAndView com.enation.app.shop.front.api.goods.GoodsApiController.preview(java.lang.Integer)]
[21:00:34|INFO |(org.springframework.web.servlet.mvc.method.annotation.RequestMappingHandlerMapping)]=[Mapped "{[/api/shop/goods/product-list],produces=[application/json]}" onto public java.lang.Object com.enation.app.shop.front.api.goods.GoodsApiController.productList(int)]
[21:00:34|INFO |(org.springframework.web.servlet.mvc.method.annotation.RequestMappingHandlerMapping)]=[Mapped "{[/api/shop/goodsStatics/get-goods-store],produces=[application/json]}" onto public com.enation.framework.action.JsonResult com.enation.app.shop.front.api.goods.GoodsStaticsApiController.getGoodsStore(java.lang.Integer)]
[21:00:34|INFO |(org.springframework.web.servlet.mvc.method.annotation.RequestMappingHandlerMapping)]=[Mapped "{[/api/shop/goodsStatics/get-product-store],produces=[application/json]}" onto public com.enation.framework.action.JsonResult com.enation.app.shop.front.api.goods.GoodsStaticsApiController.getProductStore(java.lang.Integer)]
[21:00:34|INFO |(org.springframework.web.servlet.mvc.method.annotation.RequestMappingHandlerMapping)]=[Mapped "{[/api/shop/gnotify/add]}" onto public com.enation.framework.action.JsonResult com.enation.app.shop.front.api.goods.MemberGnotifyApiController.add(java.lang.Integer,java.lang.Integer)]
[21:00:34|INFO |(org.springframework.web.servlet.mvc.method.annotation.RequestMappingHandlerMapping)]=[Mapped "{[/api/shop/gnotify/gnotify-del]}" onto public com.enation.framework.action.JsonResult com.enation.app.shop.front.api.goods.MemberGnotifyApiController.gnotifyDel(java.lang.Integer)]
[21:00:34|INFO |(org.springframework.web.servlet.mvc.method.annotation.RequestMappingHandlerMapping)]=[Mapped "{[/api/shop/vipprice/show-vip-price],produces=[application/json]}" onto public java.lang.Object com.enation.app.shop.front.api.goods.VipPriceController.showVipPrice(java.lang.Integer)]
[21:00:34|INFO |(org.springframework.web.servlet.mvc.method.annotation.RequestMappingHandlerMapping)]=[Mapped "{[/api/shop/collect/cancel-collect],produces=[application/json]}" onto public com.enation.framework.action.JsonResult com.enation.app.shop.front.api.member.CollectApiController.cancelCollect(java.lang.Integer)]
[21:00:34|INFO |(org.springframework.web.servlet.mvc.method.annotation.RequestMappingHandlerMapping)]=[Mapped "{[/api/shop/collect/add-collect],produces=[application/json]}" onto public com.enation.framework.action.JsonResult com.enation.app.shop.front.api.member.CollectApiController.addCollect(java.lang.Integer)]
[21:00:34|INFO |(org.springframework.web.servlet.mvc.method.annotation.RequestMappingHandlerMapping)]=[Mapped "{[/api/shop/commentApi/add],produces=[application/json]}" onto public com.enation.framework.action.JsonResult com.enation.app.shop.front.api.member.CommentApiController.add(java.lang.Integer,java.lang.Integer,java.lang.String,java.lang.Integer)]
[21:00:34|INFO |(org.springframework.web.servlet.mvc.method.annotation.RequestMappingHandlerMapping)]=[Mapped "{[/api/shop/commentApi/update],produces=[application/json]}" onto public com.enation.framework.action.JsonResult com.enation.app.shop.front.api.member.CommentApiController.update(int,int,java.lang.String)]
[21:00:34|INFO |(org.springframework.web.servlet.mvc.method.annotation.RequestMappingHandlerMapping)]=[Mapped "{[/api/shop/commentApi/addComment],produces=[application/json]}" onto public com.enation.framework.action.JsonResult com.enation.app.shop.front.api.member.CommentApiController.addComment(java.lang.Integer[],java.lang.Integer[],java.lang.Integer[],java.lang.String[],java.lang.Integer)]
[21:00:34|INFO |(org.springframework.web.servlet.mvc.method.annotation.RequestMappingHandlerMapping)]=[Mapped "{[/api/shop/favorite/delete],produces=[application/json]}" onto public com.enation.framework.action.JsonResult com.enation.app.shop.front.api.member.FavoriteApiController.delete(java.lang.Integer)]
[21:00:34|INFO |(org.springframework.web.servlet.mvc.method.annotation.RequestMappingHandlerMapping)]=[Mapped "{[/api/shop/findPassword/send],produces=[application/json]}" onto public com.enation.framework.action.JsonResult com.enation.app.shop.front.api.member.FindPasswordController.send(java.lang.String)]
[21:00:34|INFO |(org.springframework.web.servlet.mvc.method.annotation.RequestMappingHandlerMapping)]=[Mapped "{[/api/shop/findPassword/reset-password],produces=[application/json]}" onto public com.enation.framework.action.JsonResult com.enation.app.shop.front.api.member.FindPasswordController.resetPassword(java.lang.String)]
[21:00:34|INFO |(org.springframework.web.servlet.mvc.method.annotation.RequestMappingHandlerMapping)]=[Mapped "{[/api/shop/findPassword/send-sms-code],produces=[application/json]}" onto public com.enation.framework.action.JsonResult com.enation.app.shop.front.api.member.FindPasswordController.sendSmsCode(java.lang.String)]
[21:00:34|INFO |(org.springframework.web.servlet.mvc.method.annotation.RequestMappingHandlerMapping)]=[Mapped "{[/api/shop/findPassword/check-sms-code],produces=[application/json]}" onto public com.enation.framework.action.JsonResult com.enation.app.shop.front.api.member.FindPasswordController.checkSmsCode(java.lang.String,java.lang.String)]
[21:00:34|INFO |(org.springframework.web.servlet.mvc.method.annotation.RequestMappingHandlerMapping)]=[Mapped "{[/api/shop/member-address/add],produces=[application/json]}" onto public com.enation.framework.action.JsonResult com.enation.app.shop.front.api.member.MemberAddressApiController.add()]
[21:00:34|INFO |(org.springframework.web.servlet.mvc.method.annotation.RequestMappingHandlerMapping)]=[Mapped "{[/api/shop/member-address/delete],produces=[application/json]}" onto public com.enation.framework.action.JsonResult com.enation.app.shop.front.api.member.MemberAddressApiController.delete()]
[21:00:34|INFO |(org.springframework.web.servlet.mvc.method.annotation.RequestMappingHandlerMapping)]=[Mapped "{[/api/shop/member-address/list],produces=[application/json]}" onto public java.lang.String com.enation.app.shop.front.api.member.MemberAddressApiController.list()]
[21:00:34|INFO |(org.springframework.web.servlet.mvc.method.annotation.RequestMappingHandlerMapping)]=[Mapped "{[/api/shop/member-address/set-def-address],produces=[application/json]}" onto public com.enation.framework.action.JsonResult com.enation.app.shop.front.api.member.MemberAddressApiController.setDefAddress(java.lang.Integer)]
[21:00:34|INFO |(org.springframework.web.servlet.mvc.method.annotation.RequestMappingHandlerMapping)]=[Mapped "{[/api/shop/member-address/defaddr],produces=[application/json]}" onto public com.enation.framework.action.JsonResult com.enation.app.shop.front.api.member.MemberAddressApiController.defaddr()]
[21:00:34|INFO |(org.springframework.web.servlet.mvc.method.annotation.RequestMappingHandlerMapping)]=[Mapped "{[/api/shop/member-address/add-new-address],produces=[application/json]}" onto public com.enation.framework.action.JsonResult com.enation.app.shop.front.api.member.MemberAddressApiController.addNewAddress()]
[21:00:34|INFO |(org.springframework.web.servlet.mvc.method.annotation.RequestMappingHandlerMapping)]=[Mapped "{[/api/shop/member-address/isdefaddr],produces=[application/json]}" onto public com.enation.framework.action.JsonResult com.enation.app.shop.front.api.member.MemberAddressApiController.isdefaddr()]
[21:00:34|INFO |(org.springframework.web.servlet.mvc.method.annotation.RequestMappingHandlerMapping)]=[Mapped "{[/api/shop/member-address/edit-new-address],produces=[application/json]}" onto public com.enation.framework.action.JsonResult com.enation.app.shop.front.api.member.MemberAddressApiController.editNewAddress(java.lang.Integer)]
[21:00:34|INFO |(org.springframework.web.servlet.mvc.method.annotation.RequestMappingHandlerMapping)]=[Mapped "{[/api/shop/member-address/edit],produces=[application/json]}" onto public com.enation.framework.action.JsonResult com.enation.app.shop.front.api.member.MemberAddressApiController.edit()]
[21:00:34|INFO |(org.springframework.web.servlet.mvc.method.annotation.RequestMappingHandlerMapping)]=[Mapped "{[/api/shop/member/register],produces=[application/json]}" onto public com.enation.framework.action.JsonResult com.enation.app.shop.front.api.member.MemberApiController.register(java.lang.String,java.lang.String,java.lang.String,java.lang.String,java.lang.String,java.lang.String,java.lang.String)]
[21:00:34|INFO |(org.springframework.web.servlet.mvc.method.annotation.RequestMappingHandlerMapping)]=[Mapped "{[/api/shop/member/search],produces=[application/json]}" onto public com.enation.framework.action.JsonResult com.enation.app.shop.front.api.member.MemberApiController.search(java.util.Map,java.lang.Integer,java.lang.String)]
[21:00:34|INFO |(org.springframework.web.servlet.mvc.method.annotation.RequestMappingHandlerMapping)]=[Mapped "{[/api/shop/member/password],produces=[application/json]}" onto public com.enation.framework.action.JsonResult com.enation.app.shop.front.api.member.MemberApiController.password(java.lang.String)]
[21:00:34|INFO |(org.springframework.web.servlet.mvc.method.annotation.RequestMappingHandlerMapping)]=[Mapped "{[/api/shop/member/login],produces=[application/json]}" onto public com.enation.framework.action.JsonResult com.enation.app.shop.front.api.member.MemberApiController.login(java.lang.String,java.lang.String,java.lang.String,java.lang.String,java.lang.Integer,java.lang.String)]
[21:00:34|INFO |(org.springframework.web.servlet.mvc.method.annotation.RequestMappingHandlerMapping)]=[Mapped "{[/api/shop/member/vali-register-sms-code],produces=[application/json]}" onto public com.enation.framework.action.JsonResult com.enation.app.shop.front.api.member.MemberApiController.valiRegisterSmsCode(java.lang.String,java.lang.String)]
[21:00:34|INFO |(org.springframework.web.servlet.mvc.method.annotation.RequestMappingHandlerMapping)]=[Mapped "{[/api/shop/member/change-password],produces=[application/json]}" onto public com.enation.framework.action.JsonResult com.enation.app.shop.front.api.member.MemberApiController.changePassword(java.lang.String,java.lang.String,java.lang.String)]
[21:00:34|INFO |(org.springframework.web.servlet.mvc.method.annotation.RequestMappingHandlerMapping)]=[Mapped "{[/api/shop/member/is-login],produces=[application/json]}" onto public com.enation.framework.action.JsonResult com.enation.app.shop.front.api.member.MemberApiController.isLogin()]
[21:00:34|INFO |(org.springframework.web.servlet.mvc.method.annotation.RequestMappingHandlerMapping)]=[Mapped "{[/api/shop/member/sms-login],produces=[application/json]}" onto public com.enation.framework.action.JsonResult com.enation.app.shop.front.api.member.MemberApiController.smsLogin(java.lang.String,java.lang.String)]
[21:00:34|INFO |(org.springframework.web.servlet.mvc.method.annotation.RequestMappingHandlerMapping)]=[Mapped "{[/api/shop/member/save-info],produces=[application/json]}" onto public com.enation.framework.action.JsonResult com.enation.app.shop.front.api.member.MemberApiController.saveInfo(java.lang.String,org.springframework.web.multipart.MultipartFile,java.lang.String,java.lang.String,java.lang.String,java.lang.String,java.lang.String,java.lang.String,java.lang.String,java.lang.String,java.lang.String,java.lang.String,java.lang.Integer,java.lang.Integer,java.lang.Integer,java.lang.Integer,java.lang.String)]
[21:00:34|INFO |(org.springframework.web.servlet.mvc.method.annotation.RequestMappingHandlerMapping)]=[Mapped "{[/api/shop/member/reg-mobile],produces=[application/json]}" onto public com.enation.framework.action.JsonResult com.enation.app.shop.front.api.member.MemberApiController.regMobile(java.lang.String,java.lang.String,java.lang.String,java.lang.String,java.lang.String,java.lang.String,java.lang.String)]
[21:00:34|INFO |(org.springframework.web.servlet.mvc.method.annotation.RequestMappingHandlerMapping)]=[Mapped "{[/api/shop/member/save-avatar],produces=[application/json]}" onto public java.lang.String com.enation.app.shop.front.api.member.MemberApiController.saveAvatar(java.lang.String,java.lang.String,java.lang.String)]
[21:00:34|INFO |(org.springframework.web.servlet.mvc.method.annotation.RequestMappingHandlerMapping)]=[Mapped "{[/api/shop/member/upload-avatar],produces=[application/json]}" onto public java.lang.String com.enation.app.shop.front.api.member.MemberApiController.uploadAvatar(java.io.File,java.lang.String,org.springframework.web.multipart.MultipartFile)]
[21:00:34|INFO |(org.springframework.web.servlet.mvc.method.annotation.RequestMappingHandlerMapping)]=[Mapped "{[/api/shop/member/re-send-reg-mail],produces=[application/json]}" onto public com.enation.framework.action.JsonResult com.enation.app.shop.front.api.member.MemberApiController.reSendRegMail()]
[21:00:34|INFO |(org.springframework.web.servlet.mvc.method.annotation.RequestMappingHandlerMapping)]=[Mapped "{[/api/shop/member/checkmobile],produces=[application/json]}" onto public com.enation.framework.action.JsonResult com.enation.app.shop.front.api.member.MemberApiController.checkmobile(java.lang.String)]
[21:00:34|INFO |(org.springframework.web.servlet.mvc.method.annotation.RequestMappingHandlerMapping)]=[Mapped "{[/api/shop/member/update-password],produces=[application/json]}" onto public com.enation.framework.action.JsonResult com.enation.app.shop.front.api.member.MemberApiController.updatePassword(java.lang.String,java.lang.String,java.lang.String)]
[21:00:34|INFO |(org.springframework.web.servlet.mvc.method.annotation.RequestMappingHandlerMapping)]=[Mapped "{[/api/shop/member/checkemail],produces=[application/json]}" onto public com.enation.framework.action.JsonResult com.enation.app.shop.front.api.member.MemberApiController.checkemail(java.lang.String)]
[21:00:34|INFO |(org.springframework.web.servlet.mvc.method.annotation.RequestMappingHandlerMapping)]=[Mapped "{[/api/shop/member/checkemailInEdit],produces=[application/json]}" onto public com.enation.framework.action.JsonResult com.enation.app.shop.front.api.member.MemberApiController.checkemailInEdit(java.lang.String)]
[21:00:34|INFO |(org.springframework.web.servlet.mvc.method.annotation.RequestMappingHandlerMapping)]=[Mapped "{[/api/shop/member/checkname],produces=[application/json]}" onto public com.enation.framework.action.JsonResult com.enation.app.shop.front.api.member.MemberApiController.checkname(java.lang.String)]
[21:00:34|INFO |(org.springframework.web.servlet.mvc.method.annotation.RequestMappingHandlerMapping)]=[Mapped "{[/api/shop/member/member-mobile-validate],produces=[application/json]}" onto public com.enation.framework.action.JsonResult com.enation.app.shop.front.api.member.MemberApiController.memberMobileValidate(java.lang.String,java.lang.String,java.lang.String,java.lang.String)]
[21:00:34|INFO |(org.springframework.web.servlet.mvc.method.annotation.RequestMappingHandlerMapping)]=[Mapped "{[/api/shop/member/logout],produces=[application/json]}" onto public com.enation.framework.action.JsonResult com.enation.app.shop.front.api.member.MemberApiController.logout()]
[21:00:34|INFO |(org.springframework.web.servlet.mvc.method.annotation.RequestMappingHandlerMapping)]=[Mapped "{[/api/shop/findPasswordbyEmail/find],produces=[application/json]}" onto public com.enation.framework.action.JsonResult com.enation.app.shop.front.api.member.MemberFindPasswordController.find(java.lang.Integer,java.lang.String)]
[21:00:34|INFO |(org.springframework.web.servlet.mvc.method.annotation.RequestMappingHandlerMapping)]=[Mapped "{[/api/shop/findPasswordbyEmail/modify],produces=[application/json]}" onto public com.enation.framework.action.JsonResult com.enation.app.shop.front.api.member.MemberFindPasswordController.modify(java.lang.String,java.lang.String,java.lang.String,java.lang.String)]
[21:00:34|INFO |(org.springframework.web.servlet.mvc.method.annotation.RequestMappingHandlerMapping)]=[Mapped "{[/api/shop/member-receipt/add],produces=[application/json]}" onto public com.enation.framework.action.JsonResult com.enation.app.shop.front.api.member.MemberReceiptApiController.add()]
[21:00:34|INFO |(org.springframework.web.servlet.mvc.method.annotation.RequestMappingHandlerMapping)]=[Mapped "{[/api/shop/member-receipt/delete],produces=[application/json]}" onto public com.enation.framework.action.JsonResult com.enation.app.shop.front.api.member.MemberReceiptApiController.delete(java.lang.Integer)]
[21:00:34|INFO |(org.springframework.web.servlet.mvc.method.annotation.RequestMappingHandlerMapping)]=[Mapped "{[/api/shop/member-receipt/list],produces=[application/json]}" onto public java.lang.String com.enation.app.shop.front.api.member.MemberReceiptApiController.list()]
[21:00:34|INFO |(org.springframework.web.servlet.mvc.method.annotation.RequestMappingHandlerMapping)]=[Mapped "{[/api/shop/member-receipt/edit],produces=[application/json]}" onto public com.enation.framework.action.JsonResult com.enation.app.shop.front.api.member.MemberReceiptApiController.updateReceipt(java.lang.Integer)]
[21:00:34|INFO |(org.springframework.web.servlet.mvc.method.annotation.RequestMappingHandlerMapping)]=[Mapped "{[/api/shop/messageFront/get-message-data],produces=[application/json]}" onto public com.enation.framework.action.JsonResult com.enation.app.shop.front.api.member.MessageFrontApiController.getMessageData()]
[21:00:34|INFO |(org.springframework.web.servlet.mvc.method.annotation.RequestMappingHandlerMapping)]=[Mapped "{[/api/shop/messageFront/in-recycle],produces=[application/json]}" onto public com.enation.framework.action.JsonResult com.enation.app.shop.front.api.member.MessageFrontApiController.inRecycle()]
[21:00:34|INFO |(org.springframework.web.servlet.mvc.method.annotation.RequestMappingHandlerMapping)]=[Mapped "{[/api/shop/messageFront/have-read],produces=[application/json]}" onto public com.enation.framework.action.JsonResult com.enation.app.shop.front.api.member.MessageFrontApiController.haveRead()]
[21:00:34|INFO |(org.springframework.web.servlet.mvc.method.annotation.RequestMappingHandlerMapping)]=[Mapped "{[/api/shop/messageFront/msg-delete],produces=[application/json]}" onto public com.enation.framework.action.JsonResult com.enation.app.shop.front.api.member.MessageFrontApiController.deleteMsg()]
[21:00:34|INFO |(org.springframework.web.servlet.mvc.method.annotation.RequestMappingHandlerMapping)]=[Mapped "{[/api/shop/sms/test-validate],produces=[application/json]}" onto public com.enation.framework.action.JsonResult com.enation.app.shop.front.api.member.SmsApiController.testValidate(java.lang.String,java.lang.String,java.lang.String)]
[21:00:34|INFO |(org.springframework.web.servlet.mvc.method.annotation.RequestMappingHandlerMapping)]=[Mapped "{[/api/shop/sms/sms-safe],produces=[application/json]}" onto public com.enation.framework.action.JsonResult com.enation.app.shop.front.api.member.SmsApiController.smsSafe()]
[21:00:34|INFO |(org.springframework.web.servlet.mvc.method.annotation.RequestMappingHandlerMapping)]=[Mapped "{[/api/shop/sms/send-sms-code],produces=[application/json]}" onto public com.enation.framework.action.JsonResult com.enation.app.shop.front.api.member.SmsApiController.sendSmsCode(java.lang.String,java.lang.String,java.lang.Integer)]
[21:00:34|INFO |(org.springframework.web.servlet.mvc.method.annotation.RequestMappingHandlerMapping)]=[Mapped "{[/api/shop/cart/delete],produces=[application/json]}" onto public com.enation.framework.action.JsonResult com.enation.app.shop.front.api.order.CartApiController.delete()]
[21:00:34|INFO |(org.springframework.web.servlet.mvc.method.annotation.RequestMappingHandlerMapping)]=[Mapped "{[/api/shop/cart/clean],produces=[application/json]}" onto public com.enation.framework.action.JsonResult com.enation.app.shop.front.api.order.CartApiController.clean()]
[21:00:34|INFO |(org.springframework.web.servlet.mvc.method.annotation.RequestMappingHandlerMapping)]=[Mapped "{[/api/shop/cart/get-total],produces=[application/json]}" onto public com.enation.framework.action.JsonResult com.enation.app.shop.front.api.order.CartApiController.getTotal()]
[21:00:34|INFO |(org.springframework.web.servlet.mvc.method.annotation.RequestMappingHandlerMapping)]=[Mapped "{[/api/shop/cart/get-cart-data],produces=[application/json]}" onto public com.enation.framework.action.JsonResult com.enation.app.shop.front.api.order.CartApiController.getCartData()]
[21:00:34|INFO |(org.springframework.web.servlet.mvc.method.annotation.RequestMappingHandlerMapping)]=[Mapped "{[/api/shop/cart/add-product],produces=[application/json]}" onto public com.enation.framework.action.JsonResult com.enation.app.shop.front.api.order.CartApiController.addProduct(java.lang.Integer,java.lang.Integer,java.lang.Integer,java.lang.Integer)]
[21:00:34|INFO |(org.springframework.web.servlet.mvc.method.annotation.RequestMappingHandlerMapping)]=[Mapped "{[/api/shop/cart/check-all],produces=[application/json]}" onto public com.enation.framework.action.JsonResult com.enation.app.shop.front.api.order.CartApiController.checkAll(boolean)]
[21:00:34|INFO |(org.springframework.web.servlet.mvc.method.annotation.RequestMappingHandlerMapping)]=[Mapped "{[/api/shop/cart/check-product],produces=[application/json]}" onto public com.enation.framework.action.JsonResult com.enation.app.shop.front.api.order.CartApiController.checkProduct(java.lang.Integer,boolean)]
[21:00:34|INFO |(org.springframework.web.servlet.mvc.method.annotation.RequestMappingHandlerMapping)]=[Mapped "{[/api/shop/cart/add-goods],produces=[application/json]}" onto public com.enation.framework.action.JsonResult com.enation.app.shop.front.api.order.CartApiController.addGoods(java.lang.Integer,java.lang.Integer,java.lang.Integer,java.lang.Integer)]
[21:00:34|INFO |(org.springframework.web.servlet.mvc.method.annotation.RequestMappingHandlerMapping)]=[Mapped "{[/api/shop/cart/update-num],produces=[application/json]}" onto public com.enation.framework.action.JsonResult com.enation.app.shop.front.api.order.CartApiController.updateNum()]
[21:00:34|INFO |(org.springframework.web.servlet.mvc.method.annotation.RequestMappingHandlerMapping)]=[Mapped "{[/api/shop/checkout/set-receipt],methods=[GET],produces=[application/json]}" onto public com.enation.framework.action.JsonResult com.enation.app.shop.front.api.order.CheckoutApiController.setReceipt(java.lang.Integer,java.lang.String,java.lang.String,java.lang.Integer,java.lang.String)]
[21:00:34|INFO |(org.springframework.web.servlet.mvc.method.annotation.RequestMappingHandlerMapping)]=[Mapped "{[/api/shop/checkout/show-order-total],produces=[application/json]}" onto public com.enation.framework.action.JsonResult com.enation.app.shop.front.api.order.CheckoutApiController.showOrderTotal(int,java.lang.String)]
[21:00:34|INFO |(org.springframework.web.servlet.mvc.method.annotation.RequestMappingHandlerMapping)]=[Mapped "{[/api/shop/checkout/get-shiping-type],produces=[application/json]}" onto public com.enation.framework.action.JsonResult com.enation.app.shop.front.api.order.CheckoutApiController.getShipingType()]
[21:00:34|INFO |(org.springframework.web.servlet.mvc.method.annotation.RequestMappingHandlerMapping)]=[Mapped "{[/api/shop/checkout/set-pay-dlytype],produces=[application/json]}" onto public com.enation.framework.action.JsonResult com.enation.app.shop.front.api.order.CheckoutApiController.setPayDlytype(java.lang.Integer,java.lang.Integer,java.lang.String)]
[21:00:34|INFO |(org.springframework.web.servlet.mvc.method.annotation.RequestMappingHandlerMapping)]=[Mapped "{[/api/shop/returnorder/return-add],produces=[application/json]}" onto public com.enation.framework.action.JsonResult com.enation.app.shop.front.api.order.MemberReturnController.returnAdd(org.springframework.web.multipart.MultipartFile,int,java.lang.String,java.lang.String,java.lang.String)]
[21:00:34|INFO |(org.springframework.web.servlet.mvc.method.annotation.RequestMappingHandlerMapping)]=[Mapped "{[/api/shop/order/create],produces=[application/json]}" onto public com.enation.framework.action.JsonResult com.enation.app.shop.front.api.order.OrderApiController.create()]
[21:00:34|INFO |(org.springframework.web.servlet.mvc.method.annotation.RequestMappingHandlerMapping)]=[Mapped "{[/api/shop/order/cancel],produces=[application/json]}" onto public com.enation.framework.action.JsonResult com.enation.app.shop.front.api.order.OrderApiController.cancel(java.lang.Integer,java.lang.String)]
[21:00:34|INFO |(org.springframework.web.servlet.mvc.method.annotation.RequestMappingHandlerMapping)]=[Mapped "{[/api/shop/order/order-kuaidi],produces=[application/json]}" onto public org.springframework.web.servlet.ModelAndView com.enation.app.shop.front.api.order.OrderApiController.orderKuaidi()]
[21:00:34|INFO |(org.springframework.web.servlet.mvc.method.annotation.RequestMappingHandlerMapping)]=[Mapped "{[/api/shop/order/check-regions-cod],produces=[application/json]}" onto public com.enation.framework.action.JsonResult com.enation.app.shop.front.api.order.OrderApiController.checkRegionsCod(java.lang.String)]
[21:00:34|INFO |(org.springframework.web.servlet.mvc.method.annotation.RequestMappingHandlerMapping)]=[Mapped "{[/api/shop/order/check-activity],produces=[application/json]}" onto public com.enation.framework.action.JsonResult com.enation.app.shop.front.api.order.OrderApiController.checkActivity(java.lang.Integer)]
[21:00:34|INFO |(org.springframework.web.servlet.mvc.method.annotation.RequestMappingHandlerMapping)]=[Mapped "{[/api/shop/order/rog-confirm],produces=[application/json]}" onto public com.enation.framework.action.JsonResult com.enation.app.shop.front.api.order.OrderApiController.rogConfirm()]
[21:00:34|INFO |(org.springframework.web.servlet.mvc.method.annotation.RequestMappingHandlerMapping)]=[Mapped "{[/api/shop/payment/execute],produces=[text/html]}" onto public java.lang.String com.enation.app.shop.front.api.order.PaymentApiController.execute()]
[21:00:34|INFO |(org.springframework.web.servlet.mvc.method.annotation.RequestMappingHandlerMapping)]=[Mapped "{[/api/shop/payment/alipay-qrcode],produces=[text/html]}" onto public java.lang.String com.enation.app.shop.front.api.order.PaymentApiController.alipayQrcode(java.lang.Integer)]
[21:00:34|INFO |(org.springframework.web.servlet.mvc.method.annotation.RequestMappingHandlerMapping)]=[Mapped "{[/api/shop/payment/wechat-qrcode],methods=[POST || GET]}" onto public void com.enation.app.shop.front.api.order.PaymentApiController.weChatQrcode(javax.servlet.http.HttpServletResponse,java.lang.Integer) throws java.io.IOException]
[21:00:34|INFO |(org.springframework.web.servlet.mvc.method.annotation.RequestMappingHandlerMapping)]=[Mapped "{[/api/shop/payment/check-support-cod]}" onto public com.enation.framework.action.JsonResult com.enation.app.shop.front.api.order.PaymentApiController.checkSupportCod(int)]
[21:00:34|INFO |(org.springframework.web.servlet.mvc.method.annotation.RequestMappingHandlerMapping)]=[Mapped "{[/api/shop/payment/get-pay-status-for-wechat]}" onto public com.enation.framework.action.JsonResult com.enation.app.shop.front.api.order.PaymentApiController.getPayStatusForWechat(java.lang.Integer,java.lang.String)]
[21:00:34|INFO |(org.springframework.web.servlet.mvc.method.annotation.RequestMappingHandlerMapping)]=[Mapped "{[/api/shop/*payment-callback/execute]}" onto public java.lang.String com.enation.app.shop.front.api.order.PaymentCallbackApiController.execute()]
[21:00:34|INFO |(org.springframework.web.servlet.mvc.method.annotation.RequestMappingHandlerMapping)]=[Mapped "{[/api/shop/*refund-callback/execute]}" onto public java.lang.String com.enation.app.shop.front.api.order.RefundCallbackApiController.execute()]
[21:00:34|INFO |(org.springframework.web.servlet.mvc.method.annotation.RequestMappingHandlerMapping)]=[Mapped "{[/api/shop/sell-back/return-goods],produces=[application/json]}" onto public com.enation.framework.action.JsonResult com.enation.app.shop.front.api.order.SellBackApiController.apply(java.lang.Integer[],java.lang.Integer[],java.lang.Integer[],java.lang.Integer[],java.lang.Double[],java.lang.Integer[],com.enation.app.shop.core.order.model.SellBack)]
[21:00:34|INFO |(org.springframework.web.servlet.mvc.method.annotation.RequestMappingHandlerMapping)]=[Mapped "{[/api/shop/sell-back/return-money],produces=[application/json]}" onto public com.enation.framework.action.JsonResult com.enation.app.shop.front.api.order.SellBackApiController.addRefund(com.enation.app.shop.core.order.model.SellBack)]
[21:00:34|INFO |(org.springframework.web.servlet.mvc.method.annotation.RequestMappingHandlerMapping)]=[Mapped "{[/cms/admin/cat/add]}" onto public org.springframework.web.servlet.ModelAndView com.enation.app.cms.core.action.DataCatController.add()]
[21:00:34|INFO |(org.springframework.web.servlet.mvc.method.annotation.RequestMappingHandlerMapping)]=[Mapped "{[/cms/admin/cat/delete]}" onto public com.enation.framework.action.JsonResult com.enation.app.cms.core.action.DataCatController.delete(int)]
[21:00:34|INFO |(org.springframework.web.servlet.mvc.method.annotation.RequestMappingHandlerMapping)]=[Mapped "{[/cms/admin/cat/list]}" onto public java.lang.String com.enation.app.cms.core.action.DataCatController.list()]
[21:00:34|INFO |(org.springframework.web.servlet.mvc.method.annotation.RequestMappingHandlerMapping)]=[Mapped "{[/cms/admin/cat/save-sort]}" onto public com.enation.framework.action.JsonResult com.enation.app.cms.core.action.DataCatController.saveSort(int[],int[])]
[21:00:34|INFO |(org.springframework.web.servlet.mvc.method.annotation.RequestMappingHandlerMapping)]=[Mapped "{[/cms/admin/cat/show-cat-tree]}" onto public java.lang.String com.enation.app.cms.core.action.DataCatController.showCatTree(java.lang.Integer)]
[21:00:34|INFO |(org.springframework.web.servlet.mvc.method.annotation.RequestMappingHandlerMapping)]=[Mapped "{[/cms/admin/cat/list-json-help]}" onto public java.lang.String com.enation.app.cms.core.action.DataCatController.listJsonHelp()]
[21:00:34|INFO |(org.springframework.web.servlet.mvc.method.annotation.RequestMappingHandlerMapping)]=[Mapped "{[/cms/admin/cat/check-repeat]}" onto public java.lang.Integer com.enation.app.cms.core.action.DataCatController.checkRepeat(java.lang.String)]
[21:00:34|INFO |(org.springframework.web.servlet.mvc.method.annotation.RequestMappingHandlerMapping)]=[Mapped "{[/cms/admin/cat/list-json]}" onto public java.lang.String com.enation.app.cms.core.action.DataCatController.listJson()]
[21:00:34|INFO |(org.springframework.web.servlet.mvc.method.annotation.RequestMappingHandlerMapping)]=[Mapped "{[/cms/admin/cat/edit]}" onto public org.springframework.web.servlet.ModelAndView com.enation.app.cms.core.action.DataCatController.edit(int)]
[21:00:34|INFO |(org.springframework.web.servlet.mvc.method.annotation.RequestMappingHandlerMapping)]=[Mapped "{[/cms/admin/cat/save-add]}" onto public com.enation.framework.action.JsonResult com.enation.app.cms.core.action.DataCatController.saveAdd(com.enation.app.cms.core.model.DataCat)]
[21:00:34|INFO |(org.springframework.web.servlet.mvc.method.annotation.RequestMappingHandlerMapping)]=[Mapped "{[/cms/admin/cat/save-edit]}" onto public com.enation.framework.action.JsonResult com.enation.app.cms.core.action.DataCatController.saveEdit(com.enation.app.cms.core.model.DataCat)]
[21:00:34|INFO |(org.springframework.web.servlet.mvc.method.annotation.RequestMappingHandlerMapping)]=[Mapped "{[/cms/admin/data/add]}" onto public org.springframework.web.servlet.ModelAndView com.enation.app.cms.core.action.DataController.add(java.lang.Integer)]
[21:00:34|INFO |(org.springframework.web.servlet.mvc.method.annotation.RequestMappingHandlerMapping)]=[Mapped "{[/cms/admin/data/delete]}" onto public com.enation.framework.action.JsonResult com.enation.app.cms.core.action.DataController.delete(java.lang.Integer,java.lang.Integer)]
[21:00:34|INFO |(org.springframework.web.servlet.mvc.method.annotation.RequestMappingHandlerMapping)]=[Mapped "{[/cms/admin/data/list]}" onto public org.springframework.web.servlet.ModelAndView com.enation.app.cms.core.action.DataController.list(java.lang.Integer)]
[21:00:34|INFO |(org.springframework.web.servlet.mvc.method.annotation.RequestMappingHandlerMapping)]=[Mapped "{[/cms/admin/data/help-list]}" onto public java.lang.String com.enation.app.cms.core.action.DataController.helplist()]
[21:00:34|INFO |(org.springframework.web.servlet.mvc.method.annotation.RequestMappingHandlerMapping)]=[Mapped "{[/cms/admin/data/help-edit]}" onto public org.springframework.web.servlet.ModelAndView com.enation.app.cms.core.action.DataController.helpEdit()]
[21:00:34|INFO |(org.springframework.web.servlet.mvc.method.annotation.RequestMappingHandlerMapping)]=[Mapped "{[/cms/admin/data/manage-cat]}" onto public org.springframework.web.servlet.ModelAndView com.enation.app.cms.core.action.DataController.manageCat()]
[21:00:34|INFO |(org.springframework.web.servlet.mvc.method.annotation.RequestMappingHandlerMapping)]=[Mapped "{[/cms/admin/data/list-json]}" onto public com.enation.framework.action.GridJsonResult com.enation.app.cms.core.action.DataController.listJson(java.lang.String,java.lang.String,java.lang.Integer)]
[21:00:34|INFO |(org.springframework.web.servlet.mvc.method.annotation.RequestMappingHandlerMapping)]=[Mapped "{[/cms/admin/data/edit]}" onto public org.springframework.web.servlet.ModelAndView com.enation.app.cms.core.action.DataController.edit(java.lang.Integer,java.lang.Integer)]
[21:00:34|INFO |(org.springframework.web.servlet.mvc.method.annotation.RequestMappingHandlerMapping)]=[Mapped "{[/cms/admin/data/save-add]}" onto public com.enation.framework.action.JsonResult com.enation.app.cms.core.action.DataController.saveAdd(java.lang.Integer,java.lang.Integer)]
[21:00:34|INFO |(org.springframework.web.servlet.mvc.method.annotation.RequestMappingHandlerMapping)]=[Mapped "{[/cms/admin/data/save-edit]}" onto public com.enation.framework.action.JsonResult com.enation.app.cms.core.action.DataController.saveEdit(java.lang.Integer,java.lang.Integer,java.lang.Integer)]
[21:00:34|INFO |(org.springframework.web.servlet.mvc.method.annotation.RequestMappingHandlerMapping)]=[Mapped "{[/cms/admin/data/update-sort]}" onto public com.enation.framework.action.JsonResult com.enation.app.cms.core.action.DataController.updateSort(java.lang.Integer[],java.lang.Integer[],java.lang.Integer)]
[21:00:34|INFO |(org.springframework.web.servlet.mvc.method.annotation.RequestMappingHandlerMapping)]=[Mapped "{[/cms/admin/field/add]}" onto public org.springframework.web.servlet.ModelAndView com.enation.app.cms.core.action.DataFieldController.add(java.lang.Integer)]
[21:00:34|INFO |(org.springframework.web.servlet.mvc.method.annotation.RequestMappingHandlerMapping)]=[Mapped "{[/cms/admin/field/delete]}" onto public com.enation.framework.action.JsonResult com.enation.app.cms.core.action.DataFieldController.delete(java.lang.Integer)]
[21:00:34|INFO |(org.springframework.web.servlet.mvc.method.annotation.RequestMappingHandlerMapping)]=[Mapped "{[/cms/admin/field/save-sort]}" onto public java.lang.String com.enation.app.cms.core.action.DataFieldController.saveSort(java.lang.Integer[],java.lang.Integer[])]
[21:00:34|INFO |(org.springframework.web.servlet.mvc.method.annotation.RequestMappingHandlerMapping)]=[Mapped "{[/cms/admin/field/edit]}" onto public org.springframework.web.servlet.ModelAndView com.enation.app.cms.core.action.DataFieldController.edit(java.lang.Integer,java.lang.Integer)]
[21:00:34|INFO |(org.springframework.web.servlet.mvc.method.annotation.RequestMappingHandlerMapping)]=[Mapped "{[/cms/admin/field/save-add]}" onto public com.enation.framework.action.JsonResult com.enation.app.cms.core.action.DataFieldController.saveAdd(com.enation.app.cms.core.model.DataField)]
[21:00:34|INFO |(org.springframework.web.servlet.mvc.method.annotation.RequestMappingHandlerMapping)]=[Mapped "{[/cms/admin/field/save-edit]}" onto public com.enation.framework.action.JsonResult com.enation.app.cms.core.action.DataFieldController.saveEdit(com.enation.app.cms.core.model.DataField)]
[21:00:34|INFO |(org.springframework.web.servlet.mvc.method.annotation.RequestMappingHandlerMapping)]=[Mapped "{[/cms/admin/model/add]}" onto public java.lang.String com.enation.app.cms.core.action.DataModelController.add()]
[21:00:34|INFO |(org.springframework.web.servlet.mvc.method.annotation.RequestMappingHandlerMapping)]=[Mapped "{[/cms/admin/model/check]}" onto public com.enation.framework.action.JsonResult com.enation.app.cms.core.action.DataModelController.check(java.lang.Integer)]
[21:00:34|INFO |(org.springframework.web.servlet.mvc.method.annotation.RequestMappingHandlerMapping)]=[Mapped "{[/cms/admin/model/list]}" onto public java.lang.String com.enation.app.cms.core.action.DataModelController.list()]
[21:00:34|INFO |(org.springframework.web.servlet.mvc.method.annotation.RequestMappingHandlerMapping)]=[Mapped "{[/cms/admin/model/file-list-json]}" onto public com.enation.framework.action.GridJsonResult com.enation.app.cms.core.action.DataModelController.fileListJson(java.lang.Integer)]
[21:00:34|INFO |(org.springframework.web.servlet.mvc.method.annotation.RequestMappingHandlerMapping)]=[Mapped "{[/cms/admin/model/list-json]}" onto public com.enation.framework.action.GridJsonResult com.enation.app.cms.core.action.DataModelController.listJson()]
[21:00:34|INFO |(org.springframework.web.servlet.mvc.method.annotation.RequestMappingHandlerMapping)]=[Mapped "{[/cms/admin/model/edit]}" onto public org.springframework.web.servlet.ModelAndView com.enation.app.cms.core.action.DataModelController.edit(java.lang.Integer)]
[21:00:34|INFO |(org.springframework.web.servlet.mvc.method.annotation.RequestMappingHandlerMapping)]=[Mapped "{[/cms/admin/model/save-add]}" onto public com.enation.framework.action.JsonResult com.enation.app.cms.core.action.DataModelController.saveAdd(com.enation.app.cms.core.model.DataModel)]
[21:00:34|INFO |(org.springframework.web.servlet.mvc.method.annotation.RequestMappingHandlerMapping)]=[Mapped "{[/cms/admin/model/save-edit]}" onto public com.enation.framework.action.JsonResult com.enation.app.cms.core.action.DataModelController.saveEdit(com.enation.app.cms.core.model.DataModel)]
[21:00:34|INFO |(org.springframework.web.servlet.mvc.method.annotation.RequestMappingHandlerMapping)]=[Mapped "{[/api/shop/weixin/config-script]}" onto public java.lang.Object com.enation.app.shop.front.payment.weixin.action.WeixinApiController.configScript(java.lang.String)]
[21:00:34|INFO |(org.springframework.web.servlet.mvc.method.annotation.RequestMappingHandlerMapping)]=[Mapped "{[/api/shop/weixin/get-open-id]}" onto public java.lang.String com.enation.app.shop.front.payment.weixin.action.WeixinApiController.getOpenId(java.lang.String)]
[21:00:35|INFO |(org.springframework.web.servlet.mvc.method.annotation.RequestMappingHandlerAdapter)]=[Looking for @ControllerAdvice: org.springframework.web.context.support.GenericWebApplicationContext@166fa74d: startup date [Sat Apr 21 21:00:28 CST 2018]; root of context hierarchy]
[21:00:35|INFO |(org.springframework.web.servlet.mvc.method.annotation.RequestMappingHandlerAdapter)]=[Detected ResponseBodyAdvice bean in jsonpAdvice]
[21:00:35|INFO |(org.springframework.web.servlet.mvc.method.annotation.RequestMappingHandlerAdapter)]=[Looking for @ControllerAdvice: org.springframework.web.context.support.GenericWebApplicationContext@166fa74d: startup date [Sat Apr 21 21:00:28 CST 2018]; root of context hierarchy]
[21:00:35|INFO |(org.springframework.web.servlet.mvc.method.annotation.RequestMappingHandlerAdapter)]=[Detected ResponseBodyAdvice bean in jsonpAdvice]
[21:00:35|INFO |(org.springframework.web.servlet.mvc.method.annotation.ExceptionHandlerExceptionResolver)]=[Detected @ExceptionHandler methods in eopValidateHandler]
[21:00:35|INFO |(org.springframework.web.servlet.mvc.method.annotation.ExceptionHandlerExceptionResolver)]=[Detected ResponseBodyAdvice implementation in jsonpAdvice]
[21:00:35|INFO |(org.quartz.impl.StdSchedulerFactory)]=[Using default implementation for ThreadExecutor]
[21:00:35|INFO |(org.quartz.core.SchedulerSignalerImpl)]=[Initialized Scheduler Signaller of type: class org.quartz.core.SchedulerSignalerImpl]
[21:00:35|INFO |(org.quartz.core.QuartzScheduler)]=[Quartz Scheduler v.2.2.3 created.]
[21:00:35|INFO |(org.quartz.simpl.RAMJobStore)]=[RAMJobStore initialized.]
[21:00:35|INFO |(org.quartz.core.QuartzScheduler)]=[Scheduler meta-data: Quartz Scheduler (v2.2.3) 'startQuertz' with instanceId 'NON_CLUSTERED'
  Scheduler class: 'org.quartz.core.QuartzScheduler' - running locally.
  NOT STARTED.
  Currently in standby mode.
  Number of jobs executed: 0
  Using thread pool 'org.quartz.simpl.SimpleThreadPool' - with 10 threads.
  Using job-store 'org.quartz.simpl.RAMJobStore' - which does not support persistence. and is not clustered.
]
[21:00:35|INFO |(org.quartz.impl.StdSchedulerFactory)]=[Quartz scheduler 'startQuertz' initialized from an externally provided properties instance.]
[21:00:35|INFO |(org.quartz.impl.StdSchedulerFactory)]=[Quartz scheduler version: 2.2.3]
[21:00:35|INFO |(org.quartz.core.QuartzScheduler)]=[JobFactory set to: org.springframework.scheduling.quartz.AdaptableJobFactory@50b78155]
[21:00:35|INFO |(org.springframework.context.support.DefaultLifecycleProcessor)]=[Starting beans in phase 2147483647]
[21:00:35|INFO |(org.apache.activemq.broker.TransportConnector)]=[Connector vm://localhost Started]
[21:00:35|INFO |(org.springframework.scheduling.quartz.SchedulerFactoryBean)]=[Starting Quartz Scheduler now]
[21:00:35|INFO |(org.quartz.core.QuartzScheduler)]=[Scheduler startQuertz_$_NON_CLUSTERED started.]
[21:00:35|INFO |(com.mchange.v2.c3p0.impl.AbstractPoolBackedDataSource)]=[Initializing c3p0 pool... com.mchange.v2.c3p0.ComboPooledDataSource [ acquireIncrement -> 2, acquireRetryAttempts -> 30, acquireRetryDelay -> 1000, autoCommitOnClose -> false, automaticTestTable -> null, breakAfterAcquireFailure -> true, checkoutTimeout -> 0, connectionCustomizerClassName -> null, connectionTesterClassName -> com.mchange.v2.c3p0.impl.DefaultConnectionTester, dataSourceName -> 1hgeby99u1sgaolqvqbqno|44b9c7c4, debugUnreturnedConnectionStackTraces -> false, description -> null, driverClass -> com.mysql.jdbc.Driver, factoryClassLocation -> null, forceIgnoreUnresolvedTransactions -> false, identityToken -> 1hgeby99u1sgaolqvqbqno|44b9c7c4, idleConnectionTestPeriod -> 60, initialPoolSize -> 50, jdbcUrl -> jdbc:mysql://localhost:3306/b2c?useUnicode=true&characterEncoding=utf8&autoReconnect=true, maxAdministrativeTaskTime -> 0, maxConnectionAge -> 0, maxIdleTime -> 1800, maxIdleTimeExcessConnections -> 0, maxPoolSize -> 400, maxStatements -> 0, maxStatementsPerConnection -> 0, minPoolSize -> 50, numHelperThreads -> 3, numThreadsAwaitingCheckoutDefaultUser -> 0, preferredTestQuery -> null, properties -> {user=******, password=******}, propertyCycle -> 0, testConnectionOnCheckin -> false, testConnectionOnCheckout -> true, unreturnedConnectionTimeout -> 0, usesTraditionalReflectiveProxies -> false ]]
[21:00:35|INFO |(org.springframework.test.context.transaction.TransactionContext)]=[Began transaction (1) for test context [DefaultTestContext@2ef3efcc testClass = AInstallTest, testInstance = com.enation.app.base.test.AInstallTest@60655642, testMethod = test@AInstallTest, testException = [null], mergedContextConfiguration = [WebMergedContextConfiguration@48b744fd testClass = AInstallTest, locations = '{classpath*:spring_cfg/*.xml}', classes = '{}', contextInitializerClasses = '[]', activeProfiles = '{}', propertySourceLocations = '{}', propertySourceProperties = '{}', resourceBasePath = 'src/main/webapp', contextLoader = 'org.springframework.test.context.web.WebDelegatingSmartContextLoader', parent = [null]]]; transaction manager [org.springframework.jdbc.datasource.DataSourceTransactionManager@379df603]; rollback [false]]
[21:00:35|INFO |(org.springframework.mock.web.MockServletContext)]=[: init]
[21:00:35|INFO |(org.springframework.mock.web.MockServletContext)]=[Initializing Spring FrameworkServlet '']
[21:00:35|INFO |(org.springframework.test.web.servlet.TestDispatcherServlet)]=[FrameworkServlet '': initialization started]
[21:00:35|INFO |(org.springframework.test.web.servlet.TestDispatcherServlet)]=[FrameworkServlet '': initialization completed in 27 ms]
[21:00:35|INFO |(org.springframework.test.context.transaction.TransactionContext)]=[Committed transaction for test context [DefaultTestContext@2ef3efcc testClass = AInstallTest, testInstance = com.enation.app.base.test.AInstallTest@60655642, testMethod = test@AInstallTest, testException = java.lang.NoSuchMethodError: javax.servlet.http.HttpServletResponse.setCharacterEncoding(Ljava/lang/String;)V, mergedContextConfiguration = [WebMergedContextConfiguration@48b744fd testClass = AInstallTest, locations = '{classpath*:spring_cfg/*.xml}', classes = '{}', contextInitializerClasses = '[]', activeProfiles = '{}', propertySourceLocations = '{}', propertySourceProperties = '{}', resourceBasePath = 'src/main/webapp', contextLoader = 'org.springframework.test.context.web.WebDelegatingSmartContextLoader', parent = [null]]].]
]]></system-out>
  </testcase>
</testsuite>